<!DOCTYPE html>
<html>
  <head>
    <meta charset="utf-8"/>
    <title id="head-title">smoke_test_report.html</title>
      <style type="text/css">body {
  font-family: Helvetica, Arial, sans-serif;
  font-size: 12px;
  /* do not increase min-width as some may use split screens */
  min-width: 800px;
  color: #999;
}

h1 {
  font-size: 24px;
  color: black;
}

h2 {
  font-size: 16px;
  color: black;
}

p {
  color: black;
}

a {
  color: #999;
}

table {
  border-collapse: collapse;
}

/******************************
 * SUMMARY INFORMATION
 ******************************/
#environment td {
  padding: 5px;
  border: 1px solid #e6e6e6;
  vertical-align: top;
}
#environment tr:nth-child(odd) {
  background-color: #f6f6f6;
}
#environment ul {
  margin: 0;
  padding: 0 20px;
}

/******************************
 * TEST RESULT COLORS
 ******************************/
span.passed,
.passed .col-result {
  color: green;
}

span.skipped,
span.xfailed,
span.rerun,
.skipped .col-result,
.xfailed .col-result,
.rerun .col-result {
  color: orange;
}

span.error,
span.failed,
span.xpassed,
.error .col-result,
.failed .col-result,
.xpassed .col-result {
  color: red;
}

.col-links__extra {
  margin-right: 3px;
}

/******************************
 * RESULTS TABLE
 *
 * 1. Table Layout
 * 2. Extra
 * 3. Sorting items
 *
 ******************************/
/*------------------
 * 1. Table Layout
 *------------------*/
#results-table {
  border: 1px solid #e6e6e6;
  color: #999;
  font-size: 12px;
  width: 100%;
}
#results-table th,
#results-table td {
  padding: 5px;
  border: 1px solid #e6e6e6;
  text-align: left;
}
#results-table th {
  font-weight: bold;
}

/*------------------
 * 2. Extra
 *------------------*/
.logwrapper {
  max-height: 230px;
  overflow-y: scroll;
  background-color: #e6e6e6;
}
.logwrapper.expanded {
  max-height: none;
}
.logwrapper.expanded .logexpander:after {
  content: "collapse [-]";
}
.logwrapper .logexpander {
  z-index: 1;
  position: sticky;
  top: 10px;
  width: max-content;
  border: 1px solid;
  border-radius: 3px;
  padding: 5px 7px;
  margin: 10px 0 10px calc(100% - 80px);
  cursor: pointer;
  background-color: #e6e6e6;
}
.logwrapper .logexpander:after {
  content: "expand [+]";
}
.logwrapper .logexpander:hover {
  color: #000;
  border-color: #000;
}
.logwrapper .log {
  min-height: 40px;
  position: relative;
  top: -50px;
  height: calc(100% + 50px);
  border: 1px solid #e6e6e6;
  color: black;
  display: block;
  font-family: "Courier New", Courier, monospace;
  padding: 5px;
  padding-right: 80px;
  white-space: pre-wrap;
}

div.media {
  border: 1px solid #e6e6e6;
  float: right;
  height: 240px;
  margin: 0 5px;
  overflow: hidden;
  width: 320px;
}

.media-container {
  display: grid;
  grid-template-columns: 25px auto 25px;
  align-items: center;
  flex: 1 1;
  overflow: hidden;
  height: 200px;
}

.media-container--fullscreen {
  grid-template-columns: 0px auto 0px;
}

.media-container__nav--right,
.media-container__nav--left {
  text-align: center;
  cursor: pointer;
}

.media-container__viewport {
  cursor: pointer;
  text-align: center;
  height: inherit;
}
.media-container__viewport img,
.media-container__viewport video {
  object-fit: cover;
  width: 100%;
  max-height: 100%;
}

.media__name,
.media__counter {
  display: flex;
  flex-direction: row;
  justify-content: space-around;
  flex: 0 0 25px;
  align-items: center;
}

.collapsible td:not(.col-links) {
  cursor: pointer;
}
.collapsible td:not(.col-links):hover::after {
  color: #bbb;
  font-style: italic;
  cursor: pointer;
}

.col-result {
  width: 130px;
}
.col-result:hover::after {
  content: " (hide details)";
}

.col-result.collapsed:hover::after {
  content: " (show details)";
}

#environment-header h2:hover::after {
  content: " (hide details)";
  color: #bbb;
  font-style: italic;
  cursor: pointer;
  font-size: 12px;
}

#environment-header.collapsed h2:hover::after {
  content: " (show details)";
  color: #bbb;
  font-style: italic;
  cursor: pointer;
  font-size: 12px;
}

/*------------------
 * 3. Sorting items
 *------------------*/
.sortable {
  cursor: pointer;
}
.sortable.desc:after {
  content: " ";
  position: relative;
  left: 5px;
  bottom: -12.5px;
  border: 10px solid #4caf50;
  border-bottom: 0;
  border-left-color: transparent;
  border-right-color: transparent;
}
.sortable.asc:after {
  content: " ";
  position: relative;
  left: 5px;
  bottom: 12.5px;
  border: 10px solid #4caf50;
  border-top: 0;
  border-left-color: transparent;
  border-right-color: transparent;
}

.hidden, .summary__reload__button.hidden {
  display: none;
}

.summary__data {
  flex: 0 0 550px;
}
.summary__reload {
  flex: 1 1;
  display: flex;
  justify-content: center;
}
.summary__reload__button {
  flex: 0 0 300px;
  display: flex;
  color: white;
  font-weight: bold;
  background-color: #4caf50;
  text-align: center;
  justify-content: center;
  align-items: center;
  border-radius: 3px;
  cursor: pointer;
}
.summary__reload__button:hover {
  background-color: #46a049;
}
.summary__spacer {
  flex: 0 0 550px;
}

.controls {
  display: flex;
  justify-content: space-between;
}

.filters,
.collapse {
  display: flex;
  align-items: center;
}
.filters button,
.collapse button {
  color: #999;
  border: none;
  background: none;
  cursor: pointer;
  text-decoration: underline;
}
.filters button:hover,
.collapse button:hover {
  color: #ccc;
}

.filter__label {
  margin-right: 10px;
}

      </style>
    
  </head>
  <body>
    <h1 id="title">smoke_test_report.html</h1>
    <p>Report generated on 19-Dec-2025 at 07:17:32 by <a href="https://pypi.python.org/pypi/pytest-html">pytest-html</a>
        v4.1.1</p>
    <div id="environment-header">
      <h2>Environment</h2>
    </div>
    <table id="environment"></table>
    <!-- TEMPLATES -->
      <template id="template_environment_row">
      <tr>
        <td></td>
        <td></td>
      </tr>
    </template>
    <template id="template_results-table__body--empty">
      <tbody class="results-table-row">
        <tr id="not-found-message">
          <td colspan="4">No results found. Check the filters.</th>
        </tr>
    </template>
    <template id="template_results-table__tbody">
      <tbody class="results-table-row">
        <tr class="collapsible">
        </tr>
        <tr class="extras-row">
          <td class="extra" colspan="4">
            <div class="extraHTML"></div>
            <div class="media">
              <div class="media-container">
                  <div class="media-container__nav--left"><</div>
                  <div class="media-container__viewport">
                    <img src="" />
                    <video controls>
                      <source src="" type="video/mp4">
                    </video>
                  </div>
                  <div class="media-container__nav--right">></div>
                </div>
                <div class="media__name"></div>
                <div class="media__counter"></div>
            </div>
            <div class="logwrapper">
              <div class="logexpander"></div>
              <div class="log"></div>
            </div>
          </td>
        </tr>
      </tbody>
    </template>
    <!-- END TEMPLATES -->
    <div class="summary">
      <div class="summary__data">
        <h2>Summary</h2>
        <div class="additional-summary prefix">
        </div>
        <p class="run-count">13 tests took 00:04:21.</p>
        <p class="filter">(Un)check the boxes to filter the results.</p>
        <div class="summary__reload">
          <div class="summary__reload__button hidden" onclick="location.reload()">
            <div>There are still tests running. <br />Reload this page to get the latest results!</div>
          </div>
        </div>
        <div class="summary__spacer"></div>
        <div class="controls">
          <div class="filters">
            <input checked="true" class="filter" name="filter_checkbox" type="checkbox" data-test-result="failed" />
            <span class="failed">2 Failed,</span>
            <input checked="true" class="filter" name="filter_checkbox" type="checkbox" data-test-result="passed" />
            <span class="passed">11 Passed,</span>
            <input checked="true" class="filter" name="filter_checkbox" type="checkbox" data-test-result="skipped" />
            <span class="skipped">1 Skipped,</span>
            <input checked="true" class="filter" name="filter_checkbox" type="checkbox" data-test-result="xfailed" disabled/>
            <span class="xfailed">0 Expected failures,</span>
            <input checked="true" class="filter" name="filter_checkbox" type="checkbox" data-test-result="xpassed" disabled/>
            <span class="xpassed">0 Unexpected passes,</span>
            <input checked="true" class="filter" name="filter_checkbox" type="checkbox" data-test-result="error" disabled/>
            <span class="error">0 Errors,</span>
            <input checked="true" class="filter" name="filter_checkbox" type="checkbox" data-test-result="rerun" disabled/>
            <span class="rerun">0 Reruns</span>
          </div>
          <div class="collapse">
            <button id="show_all_details">Show all details</button>&nbsp;/&nbsp;<button id="hide_all_details">Hide all details</button>
          </div>
        </div>
      </div>
      <div class="additional-summary summary">
      </div>
      <div class="additional-summary postfix">
      </div>
    </div>
    <table id="results-table">
      <thead id="results-table-head">
        <tr>
          <th class="sortable" data-column-type="result">Result</th>
          <th class="sortable" data-column-type="testId">Test</th>
          <th class="sortable" data-column-type="duration">Duration</th>
          <th>Links</th>
        </tr>
      </thead>
    </table>
  </body>
  <footer>
    <div id="data-container" data-jsonblob="{&#34;environment&#34;: {&#34;Python&#34;: &#34;3.10.19&#34;, &#34;Platform&#34;: &#34;Linux-6.11.0-1018-azure-x86_64-with-glibc2.39&#34;, &#34;Packages&#34;: {&#34;pytest&#34;: &#34;8.4.2&#34;, &#34;pluggy&#34;: &#34;1.6.0&#34;}, &#34;Plugins&#34;: {&#34;html&#34;: &#34;4.1.1&#34;, &#34;base-url&#34;: &#34;2.1.0&#34;, &#34;json-report&#34;: &#34;1.5.0&#34;, &#34;allure-pytest&#34;: &#34;2.15.0&#34;, &#34;playwright&#34;: &#34;0.7.1&#34;, &#34;metadata&#34;: &#34;3.1.1&#34;, &#34;dependency&#34;: &#34;0.6.0&#34;}, &#34;CI&#34;: &#34;true&#34;, &#34;BUILD_ID&#34;: &#34;#2025.12.19.0713&#34;, &#34;JAVA_HOME&#34;: &#34;/usr/lib/jvm/temurin-17-jdk-amd64&#34;, &#34;Base URL&#34;: &#34;&#34;}, &#34;tests&#34;: {&#34;src/tests/smoke_tests/test_auth_flow_smoke.py::TestAuthFlowSmoke::test_login_page_accessibility&#34;: [{&#34;extras&#34;: [{&#34;name&#34;: null, &#34;format_type&#34;: &#34;html&#34;, &#34;content&#34;: &#34;&lt;p&gt;&lt;a href=\&#34;logs/geo_travel_20251219_071309.log\&#34; download&gt;Download latest test log (geo_travel_20251219_071309.log)&lt;/a&gt;&lt;/p&gt;&#34;, &#34;mime_type&#34;: null, &#34;extension&#34;: null}, {&#34;name&#34;: null, &#34;format_type&#34;: &#34;html&#34;, &#34;content&#34;: &#34;&lt;details&gt;&lt;summary&gt;Latest log preview (geo_travel_20251219_071309.log)&lt;/summary&gt;&lt;pre style=&#39;white-space:pre-wrap;max-height:400px;overflow:auto&#39;&gt;ogger - INFO     - [logger.py:278] - Validating page content keywords...\n2025-12-19 07:13:25 - GeoTravelGlobalLogger - INFO     - [logger.py:278] - Page validation confidence: 100.0%\n2025-12-19 07:13:25 - GeoTravelGlobalLogger - INFO     - [logger.py:278] - Found keywords: [&amp;#x27;geo&amp;#x27;, &amp;#x27;travel&amp;#x27;, &amp;#x27;destination&amp;#x27;, &amp;#x27;book&amp;#x27;, &amp;#x27;tour&amp;#x27;, &amp;#x27;package&amp;#x27;, &amp;#x27;hotel&amp;#x27;, &amp;#x27;flight&amp;#x27;, &amp;#x27;vacation&amp;#x27;, &amp;#x27;adventure&amp;#x27;]\n2025-12-19 07:13:25 - GeoTravelGlobalLogger - INFO     - [logger.py:278] - Homepage validation passed! Confidence: 100.0%\n2025-12-19 07:13:25 - GeoTravelGlobalLogger - INFO     - [logger.py:278] - \ud83d\udd04 STEP 2: Navigating to login page\n2025-12-19 07:13:25 - GeoTravelGlobalLogger - INFO     - [logger.py:278] - Navigated to: https://retail.stg.gowithgeo.com/auth/login\n2025-12-19 07:13:25 - GeoTravelGlobalLogger - INFO     - [logger.py:278] - \ud83d\udd10 Navigated to login page\n2025-12-19 07:13:25 - GeoTravelGlobalLogger - INFO     - [logger.py:278] - \ud83d\udd04 STEP 3: Verifying login page loads\n2025-12-19 07:13:25 - GeoTravelGlobalLogger - INFO     - [logger.py:278] - \u23f3 Waiting for login page to load...\n2025-12-19 07:13:25 - GeoTravelGlobalLogger - INFO     - [logger.py:278] - Login page loaded successfully\n2025-12-19 07:13:25 - GeoTravelGlobalLogger - INFO     - [logger.py:278] - \ud83d\udd04 STEP 4: Verifying required elements on login page\n2025-12-19 07:13:25 - GeoTravelGlobalLogger - INFO     - [logger.py:278] - \ud83d\udd04 STEP 5: Verifying login page title and content\n2025-12-19 07:13:25 - GeoTravelGlobalLogger - INFO     - [logger.py:278] - SUCCESS: Login page accessibility test passed\n2025-12-19 07:13:25 - GeoTravelGlobalLogger - INFO     - [logger.py:278] - \ud83d\udd0d DEBUG: Test phase - call for src/tests/smoke_tests/test_auth_flow_smoke.py::TestAuthFlowSmoke::test_login_page_accessibility - Skipped: False\n2025-12-19 07:13:25 - GeoTravelGlobalLogger - INFO     - [logger.py:278] - \ud83d\udd0d CRITICAL DEBUG: test_path = /home/runner/work/geo-travel-automation/geo-travel-automation/src/tests/smoke_tests/test_auth_flow_smoke.py\n&lt;/pre&gt;&lt;/details&gt;&#34;, &#34;mime_type&#34;: null, &#34;extension&#34;: null}], &#34;result&#34;: &#34;Passed&#34;, &#34;testId&#34;: &#34;src/tests/smoke_tests/test_auth_flow_smoke.py::TestAuthFlowSmoke::test_login_page_accessibility&#34;, &#34;duration&#34;: &#34;00:00:15&#34;, &#34;resultsTableRow&#34;: [&#34;&lt;td class=\&#34;col-result\&#34;&gt;Passed&lt;/td&gt;&#34;, &#34;&lt;td class=\&#34;col-testId\&#34;&gt;src/tests/smoke_tests/test_auth_flow_smoke.py::TestAuthFlowSmoke::test_login_page_accessibility&lt;/td&gt;&#34;, &#34;&lt;td class=\&#34;col-duration\&#34;&gt;00:00:15&lt;/td&gt;&#34;, &#34;&lt;td class=\&#34;col-links\&#34;&gt;&lt;/td&gt;&#34;], &#34;log&#34;: &#34;---------------------------- Captured stdout setup -----------------------------\nStarting test: test_login_page_accessibility\n\n------------------------------ Captured log setup ------------------------------\nINFO     WDM:logger.py:11 ====== WebDriver manager ======\nINFO     WDM:logger.py:11 Get LATEST chromedriver version for google-chrome\nINFO     WDM:logger.py:11 Get LATEST chromedriver version for google-chrome\nINFO     WDM:logger.py:11 There is no [linux64] chromedriver &amp;quot;143.0.7499.169&amp;quot; for browser google-chrome &amp;quot;143.0.7499&amp;quot; in cache\nINFO     WDM:logger.py:11 Get LATEST chromedriver version for google-chrome\nINFO     WDM:logger.py:11 WebDriver version 143.0.7499.169 selected\nINFO     WDM:logger.py:11 Modern chrome version https://storage.googleapis.com/chrome-for-testing-public/143.0.7499.169/linux64/chromedriver-linux64.zip\nINFO     WDM:logger.py:11 About to download new driver from https://storage.googleapis.com/chrome-for-testing-public/143.0.7499.169/linux64/chromedriver-linux64.zip\nINFO     WDM:logger.py:11 Driver downloading response is 200\nINFO     WDM:logger.py:11 Get LATEST chromedriver version for google-chrome\nINFO     WDM:logger.py:11 Driver has been saved in cache [/home/runner/.wdm/drivers/chromedriver/linux64/143.0.7499.169]\n--------------------------- Captured stdout teardown ---------------------------\nFinal Status: PASS | Duration: 14.76s\n&#34;}], &#34;src/tests/smoke_tests/test_auth_flow_smoke.py::TestAuthFlowSmoke::test_successful_login_and_redirect&#34;: [{&#34;extras&#34;: [{&#34;name&#34;: &#34;Image&#34;, &#34;format_type&#34;: &#34;image&#34;, &#34;content&#34;: &#34;docs/screenshots/failures/assertionerror_srctestssmoke_teststest_auth_flow_smokepyTestAuthFlowSmoketest_successful_login_and_redirect_20251219_071339.png&#34;, &#34;mime_type&#34;: &#34;image/png&#34;, &#34;extension&#34;: &#34;png&#34;}, {&#34;name&#34;: null, &#34;format_type&#34;: &#34;html&#34;, &#34;content&#34;: &#34;&lt;p&gt;&lt;a href=\&#34;logs/geo_travel_20251219_071309.log\&#34; download&gt;Download latest test log (geo_travel_20251219_071309.log)&lt;/a&gt;&lt;/p&gt;&#34;, &#34;mime_type&#34;: null, &#34;extension&#34;: null}, {&#34;name&#34;: null, &#34;format_type&#34;: &#34;html&#34;, &#34;content&#34;: &#34;&lt;details&gt;&lt;summary&gt;Latest log preview (geo_travel_20251219_071309.log)&lt;/summary&gt;&lt;pre style=&#39;white-space:pre-wrap;max-height:400px;overflow:auto&#39;&gt;[logger.py:278] - \ud83d\udd04 STEP 1: Navigating to login page\n2025-12-19 07:13:27 - GeoTravelGlobalLogger - INFO     - [logger.py:278] - Navigated to: https://retail.stg.gowithgeo.com/auth/login\n2025-12-19 07:13:27 - GeoTravelGlobalLogger - INFO     - [logger.py:278] - \ud83d\udd10 Navigated to login page\n2025-12-19 07:13:27 - GeoTravelGlobalLogger - INFO     - [logger.py:278] - \u23f3 Waiting for login page to load...\n2025-12-19 07:13:27 - GeoTravelGlobalLogger - INFO     - [logger.py:278] - Login page loaded successfully\n2025-12-19 07:13:27 - GeoTravelGlobalLogger - INFO     - [logger.py:278] - \ud83d\udd04 STEP 2: Attempting login with valid credentials\n2025-12-19 07:13:27 - GeoTravelGlobalLogger - INFO     - [logger.py:278] - Attempting login for user: geobot@yopmail.com\n2025-12-19 07:13:27 - GeoTravelGlobalLogger - INFO     - [logger.py:278] - Login attempt completed\n2025-12-19 07:13:32 - GeoTravelGlobalLogger - INFO     - [logger.py:278] - \ud83d\udd0d Verifying login status...\n2025-12-19 07:13:32 - GeoTravelGlobalLogger - INFO     - [logger.py:278] - Getting current URL\n2025-12-19 07:13:39 - GeoTravelGlobalLogger - WARNING  - [logger.py:293] - Still on login page, but no error message detected.\n2025-12-19 07:13:39 - GeoTravelGlobalLogger - INFO     - [logger.py:278] - \ud83d\udd0d DEBUG: Test phase - call for src/tests/smoke_tests/test_auth_flow_smoke.py::TestAuthFlowSmoke::test_successful_login_and_redirect - Skipped: False\n2025-12-19 07:13:39 - GeoTravelGlobalLogger - INFO     - [logger.py:278] - Captured failure evidence for src/tests/smoke_tests/test_auth_flow_smoke.py::TestAuthFlowSmoke::test_successful_login_and_redirect -&amp;gt; docs/screenshots/failures/assertionerror_srctestssmoke_teststest_auth_flow_smokepyTestAuthFlowSmoketest_successful_login_and_redirect_20251219_071339.png, None\n2025-12-19 07:13:39 - GeoTravelGlobalLogger - INFO     - [logger.py:278] - \ud83d\udd0d CRITICAL DEBUG: test_path = /home/runner/work/geo-travel-automation/geo-travel-automation/src/tests/smoke_tests/test_auth_flow_smoke.py\n&lt;/pre&gt;&lt;/details&gt;&#34;, &#34;mime_type&#34;: null, &#34;extension&#34;: null}], &#34;result&#34;: &#34;Failed&#34;, &#34;testId&#34;: &#34;src/tests/smoke_tests/test_auth_flow_smoke.py::TestAuthFlowSmoke::test_successful_login_and_redirect&#34;, &#34;duration&#34;: &#34;00:00:13&#34;, &#34;resultsTableRow&#34;: [&#34;&lt;td class=\&#34;col-result\&#34;&gt;Failed&lt;/td&gt;&#34;, &#34;&lt;td class=\&#34;col-testId\&#34;&gt;src/tests/smoke_tests/test_auth_flow_smoke.py::TestAuthFlowSmoke::test_successful_login_and_redirect&lt;/td&gt;&#34;, &#34;&lt;td class=\&#34;col-duration\&#34;&gt;00:00:13&lt;/td&gt;&#34;, &#34;&lt;td class=\&#34;col-links\&#34;&gt;&lt;/td&gt;&#34;], &#34;log&#34;: &#34;self = &amp;lt;test_auth_flow_smoke.TestAuthFlowSmoke object at 0x7fba31d63190&amp;gt;\n\n    @pytest.mark.smoke\n    @pytest.mark.auth\n    def test_successful_login_and_redirect(self):\n        &amp;quot;&amp;quot;&amp;quot;Smoke Test 1: Successful login with valid credentials redirects to dashboard&amp;quot;&amp;quot;&amp;quot;\n        self.auth_flow.logger.info(&amp;quot;=== Testing Successful Login and Redirect ===&amp;quot;)\n    \n        email, password = self.auth_flow.get_credentials_from_env()\n    \n        if not email or not password:\n            self.auth_flow.logger.warning(\n                &amp;quot;No test credentials - skipping successful login test&amp;quot;\n            )\n            pytest.skip(\n                &amp;quot;TEST_USER_EMAIL and TEST_USER_PASSWORD environment variables required&amp;quot;\n            )\n    \n        self.auth_flow.logger.step(1, &amp;quot;Navigating to login page&amp;quot;)\n        self.auth_flow.open_login_page()\n        assert self.auth_flow.wait_for_login_page(), &amp;quot;Login page should load&amp;quot;\n    \n        self.auth_flow.logger.step(2, &amp;quot;Attempting login with valid credentials&amp;quot;)\n        login_success = self.auth_flow.login(email, password)\n    \n&amp;gt;       assert login_success, &amp;quot;Login should be successful with valid credentials&amp;quot;\nE       AssertionError: Login should be successful with valid credentials\nE       assert False\n\nsrc/tests/smoke_tests/test_auth_flow_smoke.py:84: AssertionError\n\n---------------------------- Captured stdout setup -----------------------------\nStarting test: test_successful_login_and_redirect\n\n------------------------------ Captured log setup ------------------------------\nINFO     WDM:logger.py:11 ====== WebDriver manager ======\nINFO     WDM:logger.py:11 Get LATEST chromedriver version for google-chrome\nINFO     WDM:logger.py:11 Get LATEST chromedriver version for google-chrome\nINFO     WDM:logger.py:11 Driver [/home/runner/.wdm/drivers/chromedriver/linux64/143.0.7499.169/chromedriver-linux64/chromedriver] found in cache\n--------------------------- Captured stdout teardown ---------------------------\nFinal Status: PASS | Duration: 13.23s\n\n--------------------------- Captured stderr teardown ---------------------------\n2025-12-19 07:13:39,172 - src.utils.screenshot - INFO - Screenshot captured: docs/screenshots/failures/assertionerror_srctestssmoke_teststest_auth_flow_smokepyTestAuthFlowSmoketest_successful_login_and_redirect_20251219_071339.png\n2025-12-19 07:13:39,173 - src.utils.screenshot - ERROR - \ud83d\udcca Failure captured - Screenshot: docs/screenshots/failures/assertionerror_srctestssmoke_teststest_auth_flow_smokepyTestAuthFlowSmoketest_successful_login_and_redirect_20251219_071339.png\n&#34;}], &#34;src/tests/smoke_tests/test_auth_flow_smoke.py::TestAuthFlowSmoke::test_logout_functionality&#34;: [{&#34;extras&#34;: [{&#34;name&#34;: null, &#34;format_type&#34;: &#34;html&#34;, &#34;content&#34;: &#34;&lt;p&gt;&lt;a href=\&#34;logs/geo_travel_20251219_071309.log\&#34; download&gt;Download latest test log (geo_travel_20251219_071309.log)&lt;/a&gt;&lt;/p&gt;&#34;, &#34;mime_type&#34;: null, &#34;extension&#34;: null}, {&#34;name&#34;: null, &#34;format_type&#34;: &#34;html&#34;, &#34;content&#34;: &#34;&lt;details&gt;&lt;summary&gt;Latest log preview (geo_travel_20251219_071309.log)&lt;/summary&gt;&lt;pre style=&#39;white-space:pre-wrap;max-height:400px;overflow:auto&#39;&gt;balLogger - INFO     - [logger.py:278] - Navigated to: https://retail.stg.gowithgeo.com/auth/login\n2025-12-19 07:13:40 - GeoTravelGlobalLogger - INFO     - [logger.py:278] - \ud83d\udd10 Navigated to login page\n2025-12-19 07:13:40 - GeoTravelGlobalLogger - INFO     - [logger.py:278] - \u23f3 Waiting for login page to load...\n2025-12-19 07:13:40 - GeoTravelGlobalLogger - INFO     - [logger.py:278] - Login page loaded successfully\n2025-12-19 07:13:40 - GeoTravelGlobalLogger - INFO     - [logger.py:278] - Attempting login for user: geobot@yopmail.com\n2025-12-19 07:13:41 - GeoTravelGlobalLogger - INFO     - [logger.py:278] - Login attempt completed\n2025-12-19 07:13:46 - GeoTravelGlobalLogger - INFO     - [logger.py:278] - \ud83d\udd0d Verifying login status...\n2025-12-19 07:13:46 - GeoTravelGlobalLogger - INFO     - [logger.py:278] - Getting current URL\n2025-12-19 07:13:52 - GeoTravelGlobalLogger - WARNING  - [logger.py:293] - Still on login page, but no error message detected.\n2025-12-19 07:13:52 - GeoTravelGlobalLogger - WARNING  - [logger.py:293] - Login failed - cannot test logout\n2025-12-19 07:13:52 - GeoTravelGlobalLogger - INFO     - [logger.py:278] - \ud83d\udd0d DEBUG: Test phase - call for src/tests/smoke_tests/test_auth_flow_smoke.py::TestAuthFlowSmoke::test_logout_functionality - Skipped: True\n2025-12-19 07:13:52 - GeoTravelGlobalLogger - INFO     - [logger.py:278] - \ud83d\udd0d DEBUG: Processing SKIPPED test in call: src/tests/smoke_tests/test_auth_flow_smoke.py::TestAuthFlowSmoke::test_logout_functionality\n2025-12-19 07:13:52 - GeoTravelGlobalLogger - INFO     - [logger.py:278] - \ud83d\udd0d DEBUG: Skip reason: (&amp;#x27;/home/runner/work/geo-travel-automation/geo-travel-automation/src/tests/smoke_tests/test_auth_flow_smoke.py&amp;#x27;, 144, &amp;#x27;Skipped: Login failed - cannot proceed with logout test&amp;#x27;)\n2025-12-19 07:13:52 - GeoTravelGlobalLogger - INFO     - [logger.py:278] - \ud83d\udd0d CRITICAL DEBUG: test_path = /home/runner/work/geo-travel-automation/geo-travel-automation/src/tests/smoke_tests/test_auth_flow_smoke.py\n&lt;/pre&gt;&lt;/details&gt;&#34;, &#34;mime_type&#34;: null, &#34;extension&#34;: null}], &#34;result&#34;: &#34;Skipped&#34;, &#34;testId&#34;: &#34;src/tests/smoke_tests/test_auth_flow_smoke.py::TestAuthFlowSmoke::test_logout_functionality&#34;, &#34;duration&#34;: &#34;00:00:13&#34;, &#34;resultsTableRow&#34;: [&#34;&lt;td class=\&#34;col-result\&#34;&gt;Skipped&lt;/td&gt;&#34;, &#34;&lt;td class=\&#34;col-testId\&#34;&gt;src/tests/smoke_tests/test_auth_flow_smoke.py::TestAuthFlowSmoke::test_logout_functionality&lt;/td&gt;&#34;, &#34;&lt;td class=\&#34;col-duration\&#34;&gt;00:00:13&lt;/td&gt;&#34;, &#34;&lt;td class=\&#34;col-links\&#34;&gt;&lt;/td&gt;&#34;], &#34;log&#34;: &#34;(&amp;#x27;/home/runner/work/geo-travel-automation/geo-travel-automation/src/tests/smoke_tests/test_auth_flow_smoke.py&amp;#x27;, 144, &amp;#x27;Skipped: Login failed - cannot proceed with logout test&amp;#x27;)\n\n---------------------------- Captured stdout setup -----------------------------\nStarting test: test_logout_functionality\n\n------------------------------ Captured log setup ------------------------------\nINFO     WDM:logger.py:11 ====== WebDriver manager ======\nINFO     WDM:logger.py:11 Get LATEST chromedriver version for google-chrome\nINFO     WDM:logger.py:11 Get LATEST chromedriver version for google-chrome\nINFO     WDM:logger.py:11 Driver [/home/runner/.wdm/drivers/chromedriver/linux64/143.0.7499.169/chromedriver-linux64/chromedriver] found in cache\n--------------------------- Captured stdout teardown ---------------------------\nFinal Status: PASS | Duration: 12.95s\n&#34;}], &#34;src/tests/smoke_tests/test_flight_booking_smoke.py::TestFlightBookingSmoke::test_homepage_loads_successfully&#34;: [{&#34;extras&#34;: [{&#34;name&#34;: null, &#34;format_type&#34;: &#34;html&#34;, &#34;content&#34;: &#34;&lt;p&gt;&lt;a href=\&#34;logs/geo_travel_20251219_071309.log\&#34; download&gt;Download latest test log (geo_travel_20251219_071309.log)&lt;/a&gt;&lt;/p&gt;&#34;, &#34;mime_type&#34;: null, &#34;extension&#34;: null}, {&#34;name&#34;: null, &#34;format_type&#34;: &#34;html&#34;, &#34;content&#34;: &#34;&lt;details&gt;&lt;summary&gt;Latest log preview (geo_travel_20251219_071309.log)&lt;/summary&gt;&lt;pre style=&#39;white-space:pre-wrap;max-height:400px;overflow:auto&#39;&gt;FO     - [logger.py:278] - Warm-up page opened successfully.\n2025-12-19 07:13:59 - GeoTravelGlobalLogger - INFO     - [logger.py:278] - \ud83c\udfe0 Waiting for homepage to load (max retries: 3)\n2025-12-19 07:13:59 - GeoTravelGlobalLogger - INFO     - [logger.py:278] - Attempt 1/3\n2025-12-19 07:13:59 - GeoTravelGlobalLogger - INFO     - [logger.py:278] - Page body loaded\n2025-12-19 07:13:59 - GeoTravelGlobalLogger - INFO     - [logger.py:278] - Validating Geo Travel page...\n2025-12-19 07:13:59 - GeoTravelGlobalLogger - INFO     - [logger.py:278] - Validating page HTML structure...\n2025-12-19 07:13:59 - GeoTravelGlobalLogger - INFO     - [logger.py:278] - Validating page content keywords...\n2025-12-19 07:13:59 - GeoTravelGlobalLogger - INFO     - [logger.py:278] - Page validation confidence: 100.0%\n2025-12-19 07:13:59 - GeoTravelGlobalLogger - INFO     - [logger.py:278] - Found keywords: [&amp;#x27;geo&amp;#x27;, &amp;#x27;travel&amp;#x27;, &amp;#x27;destination&amp;#x27;, &amp;#x27;book&amp;#x27;, &amp;#x27;tour&amp;#x27;, &amp;#x27;package&amp;#x27;, &amp;#x27;hotel&amp;#x27;, &amp;#x27;flight&amp;#x27;, &amp;#x27;vacation&amp;#x27;, &amp;#x27;adventure&amp;#x27;]\n2025-12-19 07:13:59 - GeoTravelGlobalLogger - INFO     - [logger.py:278] - Homepage validation passed! Confidence: 100.0%\n2025-12-19 07:13:59 - GeoTravelGlobalLogger - INFO     - [logger.py:278] - \ud83d\udd04 STEP 2: Verifying page title\n2025-12-19 07:13:59 - GeoTravelGlobalLogger - INFO     - [logger.py:278] - \ud83d\udd04 STEP 3: Checking current URL\n2025-12-19 07:13:59 - GeoTravelGlobalLogger - INFO     - [logger.py:278] - Getting current URL\n2025-12-19 07:13:59 - GeoTravelGlobalLogger - INFO     - [logger.py:278] - SUCCESS: Homepage loaded successfully\n2025-12-19 07:13:59 - GeoTravelGlobalLogger - INFO     - [logger.py:278] - \ud83d\udd0d DEBUG: Test phase - call for src/tests/smoke_tests/test_flight_booking_smoke.py::TestFlightBookingSmoke::test_homepage_loads_successfully - Skipped: False\n2025-12-19 07:13:59 - GeoTravelGlobalLogger - INFO     - [logger.py:278] - \ud83d\udd0d CRITICAL DEBUG: test_path = /home/runner/work/geo-travel-automation/geo-travel-automation/src/tests/smoke_tests/test_flight_booking_smoke.py\n&lt;/pre&gt;&lt;/details&gt;&#34;, &#34;mime_type&#34;: null, &#34;extension&#34;: null}], &#34;result&#34;: &#34;Passed&#34;, &#34;testId&#34;: &#34;src/tests/smoke_tests/test_flight_booking_smoke.py::TestFlightBookingSmoke::test_homepage_loads_successfully&#34;, &#34;duration&#34;: &#34;00:00:07&#34;, &#34;resultsTableRow&#34;: [&#34;&lt;td class=\&#34;col-result\&#34;&gt;Passed&lt;/td&gt;&#34;, &#34;&lt;td class=\&#34;col-testId\&#34;&gt;src/tests/smoke_tests/test_flight_booking_smoke.py::TestFlightBookingSmoke::test_homepage_loads_successfully&lt;/td&gt;&#34;, &#34;&lt;td class=\&#34;col-duration\&#34;&gt;00:00:07&lt;/td&gt;&#34;, &#34;&lt;td class=\&#34;col-links\&#34;&gt;&lt;/td&gt;&#34;], &#34;log&#34;: &#34;---------------------------- Captured stdout setup -----------------------------\nStarting test: test_homepage_loads_successfully\n\n------------------------------ Captured log setup ------------------------------\nINFO     WDM:logger.py:11 ====== WebDriver manager ======\nINFO     WDM:logger.py:11 Get LATEST chromedriver version for google-chrome\nINFO     WDM:logger.py:11 Get LATEST chromedriver version for google-chrome\nINFO     WDM:logger.py:11 Driver [/home/runner/.wdm/drivers/chromedriver/linux64/143.0.7499.169/chromedriver-linux64/chromedriver] found in cache\n--------------------------- Captured stdout teardown ---------------------------\nFinal Status: PASS | Duration: 7.24s\n&#34;}], &#34;src/tests/smoke_tests/test_flight_booking_smoke.py::TestFlightBookingSmoke::test_flight_search_form_visible&#34;: [{&#34;extras&#34;: [{&#34;name&#34;: null, &#34;format_type&#34;: &#34;html&#34;, &#34;content&#34;: &#34;&lt;p&gt;&lt;a href=\&#34;logs/geo_travel_20251219_071309.log\&#34; download&gt;Download latest test log (geo_travel_20251219_071309.log)&lt;/a&gt;&lt;/p&gt;&#34;, &#34;mime_type&#34;: null, &#34;extension&#34;: null}, {&#34;name&#34;: null, &#34;format_type&#34;: &#34;html&#34;, &#34;content&#34;: &#34;&lt;details&gt;&lt;summary&gt;Latest log preview (geo_travel_20251219_071309.log)&lt;/summary&gt;&lt;pre style=&#39;white-space:pre-wrap;max-height:400px;overflow:auto&#39;&gt;ttps://retail.stg.gowithgeo.com/\n2025-12-19 07:14:01 - GeoTravelGlobalLogger - INFO     - [logger.py:278] - Warm-up page opened successfully.\n2025-12-19 07:14:06 - GeoTravelGlobalLogger - INFO     - [logger.py:278] - \ud83c\udfe0 Waiting for homepage to load (max retries: 3)\n2025-12-19 07:14:06 - GeoTravelGlobalLogger - INFO     - [logger.py:278] - Attempt 1/3\n2025-12-19 07:14:06 - GeoTravelGlobalLogger - INFO     - [logger.py:278] - Page body loaded\n2025-12-19 07:14:06 - GeoTravelGlobalLogger - INFO     - [logger.py:278] - Validating Geo Travel page...\n2025-12-19 07:14:06 - GeoTravelGlobalLogger - INFO     - [logger.py:278] - Validating page HTML structure...\n2025-12-19 07:14:06 - GeoTravelGlobalLogger - INFO     - [logger.py:278] - Validating page content keywords...\n2025-12-19 07:14:06 - GeoTravelGlobalLogger - INFO     - [logger.py:278] - Page validation confidence: 100.0%\n2025-12-19 07:14:06 - GeoTravelGlobalLogger - INFO     - [logger.py:278] - Found keywords: [&amp;#x27;geo&amp;#x27;, &amp;#x27;travel&amp;#x27;, &amp;#x27;destination&amp;#x27;, &amp;#x27;book&amp;#x27;, &amp;#x27;tour&amp;#x27;, &amp;#x27;package&amp;#x27;, &amp;#x27;hotel&amp;#x27;, &amp;#x27;flight&amp;#x27;, &amp;#x27;vacation&amp;#x27;, &amp;#x27;adventure&amp;#x27;]\n2025-12-19 07:14:06 - GeoTravelGlobalLogger - INFO     - [logger.py:278] - Homepage validation passed! Confidence: 100.0%\n2025-12-19 07:14:06 - GeoTravelGlobalLogger - INFO     - [logger.py:278] - \ud83d\udd04 STEP 2: Checking flight search form visibility\n2025-12-19 07:14:06 - GeoTravelGlobalLogger - INFO     - [logger.py:278] - Flight search form is visible\n2025-12-19 07:14:06 - GeoTravelGlobalLogger - INFO     - [logger.py:278] - SUCCESS: Flight search form is visible\n2025-12-19 07:14:06 - GeoTravelGlobalLogger - INFO     - [logger.py:278] - \ud83d\udd0d DEBUG: Test phase - call for src/tests/smoke_tests/test_flight_booking_smoke.py::TestFlightBookingSmoke::test_flight_search_form_visible - Skipped: False\n2025-12-19 07:14:06 - GeoTravelGlobalLogger - INFO     - [logger.py:278] - \ud83d\udd0d CRITICAL DEBUG: test_path = /home/runner/work/geo-travel-automation/geo-travel-automation/src/tests/smoke_tests/test_flight_booking_smoke.py\n&lt;/pre&gt;&lt;/details&gt;&#34;, &#34;mime_type&#34;: null, &#34;extension&#34;: null}], &#34;result&#34;: &#34;Passed&#34;, &#34;testId&#34;: &#34;src/tests/smoke_tests/test_flight_booking_smoke.py::TestFlightBookingSmoke::test_flight_search_form_visible&#34;, &#34;duration&#34;: &#34;00:00:07&#34;, &#34;resultsTableRow&#34;: [&#34;&lt;td class=\&#34;col-result\&#34;&gt;Passed&lt;/td&gt;&#34;, &#34;&lt;td class=\&#34;col-testId\&#34;&gt;src/tests/smoke_tests/test_flight_booking_smoke.py::TestFlightBookingSmoke::test_flight_search_form_visible&lt;/td&gt;&#34;, &#34;&lt;td class=\&#34;col-duration\&#34;&gt;00:00:07&lt;/td&gt;&#34;, &#34;&lt;td class=\&#34;col-links\&#34;&gt;&lt;/td&gt;&#34;], &#34;log&#34;: &#34;---------------------------- Captured stdout setup -----------------------------\nStarting test: test_flight_search_form_visible\n\n------------------------------ Captured log setup ------------------------------\nINFO     WDM:logger.py:11 ====== WebDriver manager ======\nINFO     WDM:logger.py:11 Get LATEST chromedriver version for google-chrome\nINFO     WDM:logger.py:11 Get LATEST chromedriver version for google-chrome\nINFO     WDM:logger.py:11 Driver [/home/runner/.wdm/drivers/chromedriver/linux64/143.0.7499.169/chromedriver-linux64/chromedriver] found in cache\n--------------------------- Captured stdout teardown ---------------------------\nFinal Status: PASS | Duration: 7.18s\n&#34;}], &#34;src/tests/smoke_tests/test_flight_booking_smoke.py::TestFlightBookingSmoke::test_error_handling&#34;: [{&#34;extras&#34;: [{&#34;name&#34;: null, &#34;format_type&#34;: &#34;html&#34;, &#34;content&#34;: &#34;&lt;p&gt;&lt;a href=\&#34;logs/geo_travel_20251219_071309.log\&#34; download&gt;Download latest test log (geo_travel_20251219_071309.log)&lt;/a&gt;&lt;/p&gt;&#34;, &#34;mime_type&#34;: null, &#34;extension&#34;: null}, {&#34;name&#34;: null, &#34;format_type&#34;: &#34;html&#34;, &#34;content&#34;: &#34;&lt;details&gt;&lt;summary&gt;Latest log preview (geo_travel_20251219_071309.log)&lt;/summary&gt;&lt;pre style=&#39;white-space:pre-wrap;max-height:400px;overflow:auto&#39;&gt;stg.gowithgeo.com/\n2025-12-19 07:14:08 - GeoTravelGlobalLogger - INFO     - [logger.py:278] - Warm-up page opened successfully.\n2025-12-19 07:14:13 - GeoTravelGlobalLogger - INFO     - [logger.py:278] - \ud83c\udfe0 Waiting for homepage to load (max retries: 3)\n2025-12-19 07:14:13 - GeoTravelGlobalLogger - INFO     - [logger.py:278] - Attempt 1/3\n2025-12-19 07:14:13 - GeoTravelGlobalLogger - INFO     - [logger.py:278] - Page body loaded\n2025-12-19 07:14:13 - GeoTravelGlobalLogger - INFO     - [logger.py:278] - Validating Geo Travel page...\n2025-12-19 07:14:13 - GeoTravelGlobalLogger - INFO     - [logger.py:278] - Validating page HTML structure...\n2025-12-19 07:14:13 - GeoTravelGlobalLogger - INFO     - [logger.py:278] - Validating page content keywords...\n2025-12-19 07:14:13 - GeoTravelGlobalLogger - INFO     - [logger.py:278] - Page validation confidence: 100.0%\n2025-12-19 07:14:13 - GeoTravelGlobalLogger - INFO     - [logger.py:278] - Found keywords: [&amp;#x27;geo&amp;#x27;, &amp;#x27;travel&amp;#x27;, &amp;#x27;destination&amp;#x27;, &amp;#x27;book&amp;#x27;, &amp;#x27;tour&amp;#x27;, &amp;#x27;package&amp;#x27;, &amp;#x27;hotel&amp;#x27;, &amp;#x27;flight&amp;#x27;, &amp;#x27;vacation&amp;#x27;, &amp;#x27;adventure&amp;#x27;]\n2025-12-19 07:14:13 - GeoTravelGlobalLogger - INFO     - [logger.py:278] - Homepage validation passed! Confidence: 100.0%\n2025-12-19 07:14:13 - GeoTravelGlobalLogger - INFO     - [logger.py:278] - \ud83d\udd04 STEP 2: Testing error handling with non-existent elements\n2025-12-19 07:14:23 - GeoTravelGlobalLogger - INFO     - [logger.py:278] - \ud83d\udd04 STEP 3: Verifying error handling works\n2025-12-19 07:14:23 - GeoTravelGlobalLogger - INFO     - [logger.py:278] - SUCCESS: Error handling works correctly\n2025-12-19 07:14:23 - GeoTravelGlobalLogger - INFO     - [logger.py:278] - \ud83d\udd0d DEBUG: Test phase - call for src/tests/smoke_tests/test_flight_booking_smoke.py::TestFlightBookingSmoke::test_error_handling - Skipped: False\n2025-12-19 07:14:23 - GeoTravelGlobalLogger - INFO     - [logger.py:278] - \ud83d\udd0d CRITICAL DEBUG: test_path = /home/runner/work/geo-travel-automation/geo-travel-automation/src/tests/smoke_tests/test_flight_booking_smoke.py\n&lt;/pre&gt;&lt;/details&gt;&#34;, &#34;mime_type&#34;: null, &#34;extension&#34;: null}], &#34;result&#34;: &#34;Passed&#34;, &#34;testId&#34;: &#34;src/tests/smoke_tests/test_flight_booking_smoke.py::TestFlightBookingSmoke::test_error_handling&#34;, &#34;duration&#34;: &#34;00:00:17&#34;, &#34;resultsTableRow&#34;: [&#34;&lt;td class=\&#34;col-result\&#34;&gt;Passed&lt;/td&gt;&#34;, &#34;&lt;td class=\&#34;col-testId\&#34;&gt;src/tests/smoke_tests/test_flight_booking_smoke.py::TestFlightBookingSmoke::test_error_handling&lt;/td&gt;&#34;, &#34;&lt;td class=\&#34;col-duration\&#34;&gt;00:00:17&lt;/td&gt;&#34;, &#34;&lt;td class=\&#34;col-links\&#34;&gt;&lt;/td&gt;&#34;], &#34;log&#34;: &#34;---------------------------- Captured stdout setup -----------------------------\nStarting test: test_error_handling\n\n------------------------------ Captured log setup ------------------------------\nINFO     WDM:logger.py:11 ====== WebDriver manager ======\nINFO     WDM:logger.py:11 Get LATEST chromedriver version for google-chrome\nINFO     WDM:logger.py:11 Get LATEST chromedriver version for google-chrome\nINFO     WDM:logger.py:11 Driver [/home/runner/.wdm/drivers/chromedriver/linux64/143.0.7499.169/chromedriver-linux64/chromedriver] found in cache\n--------------------------- Captured stdout teardown ---------------------------\nFinal Status: PASS | Duration: 17.28s\n&#34;}], &#34;src/tests/smoke_tests/test_homepage_smoke.py::TestHomePageSmoke::test_homepage_loads_successfully&#34;: [{&#34;extras&#34;: [{&#34;name&#34;: null, &#34;format_type&#34;: &#34;html&#34;, &#34;content&#34;: &#34;&lt;p&gt;&lt;a href=\&#34;logs/geo_travel_20251219_071309.log\&#34; download&gt;Download latest test log (geo_travel_20251219_071309.log)&lt;/a&gt;&lt;/p&gt;&#34;, &#34;mime_type&#34;: null, &#34;extension&#34;: null}, {&#34;name&#34;: null, &#34;format_type&#34;: &#34;html&#34;, &#34;content&#34;: &#34;&lt;details&gt;&lt;summary&gt;Latest log preview (geo_travel_20251219_071309.log)&lt;/summary&gt;&lt;pre style=&#39;white-space:pre-wrap;max-height:400px;overflow:auto&#39;&gt;logger.py:278] - Navigated to: https://retail.stg.gowithgeo.com/\n2025-12-19 07:14:25 - GeoTravelGlobalLogger - INFO     - [logger.py:278] - Warm-up page opened successfully.\n2025-12-19 07:14:30 - GeoTravelGlobalLogger - INFO     - [logger.py:278] - \ud83c\udfe0 Waiting for homepage to load (max retries: 3)\n2025-12-19 07:14:30 - GeoTravelGlobalLogger - INFO     - [logger.py:278] - Attempt 1/3\n2025-12-19 07:14:30 - GeoTravelGlobalLogger - INFO     - [logger.py:278] - Page body loaded\n2025-12-19 07:14:30 - GeoTravelGlobalLogger - INFO     - [logger.py:278] - Validating Geo Travel page...\n2025-12-19 07:14:30 - GeoTravelGlobalLogger - INFO     - [logger.py:278] - Validating page HTML structure...\n2025-12-19 07:14:30 - GeoTravelGlobalLogger - INFO     - [logger.py:278] - Validating page content keywords...\n2025-12-19 07:14:31 - GeoTravelGlobalLogger - INFO     - [logger.py:278] - Page validation confidence: 100.0%\n2025-12-19 07:14:31 - GeoTravelGlobalLogger - INFO     - [logger.py:278] - Found keywords: [&amp;#x27;geo&amp;#x27;, &amp;#x27;travel&amp;#x27;, &amp;#x27;destination&amp;#x27;, &amp;#x27;book&amp;#x27;, &amp;#x27;tour&amp;#x27;, &amp;#x27;package&amp;#x27;, &amp;#x27;hotel&amp;#x27;, &amp;#x27;flight&amp;#x27;, &amp;#x27;vacation&amp;#x27;, &amp;#x27;adventure&amp;#x27;]\n2025-12-19 07:14:31 - GeoTravelGlobalLogger - INFO     - [logger.py:278] - Homepage validation passed! Confidence: 100.0%\n2025-12-19 07:14:31 - GeoTravelGlobalLogger - INFO     - [logger.py:278] - \ud83d\udd04 STEP 2: Checking page title\n2025-12-19 07:14:31 - GeoTravelGlobalLogger - INFO     - [logger.py:278] - \ud83d\udd04 STEP 3: Checking current URL\n2025-12-19 07:14:31 - GeoTravelGlobalLogger - INFO     - [logger.py:278] - SUCCESS: Homepage loaded successfully\n2025-12-19 07:14:31 - GeoTravelGlobalLogger - INFO     - [logger.py:278] - \ud83d\udd0d DEBUG: Test phase - call for src/tests/smoke_tests/test_homepage_smoke.py::TestHomePageSmoke::test_homepage_loads_successfully - Skipped: False\n2025-12-19 07:14:31 - GeoTravelGlobalLogger - INFO     - [logger.py:278] - \ud83d\udd0d CRITICAL DEBUG: test_path = /home/runner/work/geo-travel-automation/geo-travel-automation/src/tests/smoke_tests/test_homepage_smoke.py\n&lt;/pre&gt;&lt;/details&gt;&#34;, &#34;mime_type&#34;: null, &#34;extension&#34;: null}], &#34;result&#34;: &#34;Passed&#34;, &#34;testId&#34;: &#34;src/tests/smoke_tests/test_homepage_smoke.py::TestHomePageSmoke::test_homepage_loads_successfully&#34;, &#34;duration&#34;: &#34;00:00:07&#34;, &#34;resultsTableRow&#34;: [&#34;&lt;td class=\&#34;col-result\&#34;&gt;Passed&lt;/td&gt;&#34;, &#34;&lt;td class=\&#34;col-testId\&#34;&gt;src/tests/smoke_tests/test_homepage_smoke.py::TestHomePageSmoke::test_homepage_loads_successfully&lt;/td&gt;&#34;, &#34;&lt;td class=\&#34;col-duration\&#34;&gt;00:00:07&lt;/td&gt;&#34;, &#34;&lt;td class=\&#34;col-links\&#34;&gt;&lt;/td&gt;&#34;], &#34;log&#34;: &#34;---------------------------- Captured stdout setup -----------------------------\nStarting test: test_homepage_loads_successfully\n\n------------------------------ Captured log setup ------------------------------\nINFO     WDM:logger.py:11 ====== WebDriver manager ======\nINFO     WDM:logger.py:11 Get LATEST chromedriver version for google-chrome\nINFO     WDM:logger.py:11 Get LATEST chromedriver version for google-chrome\nINFO     WDM:logger.py:11 Driver [/home/runner/.wdm/drivers/chromedriver/linux64/143.0.7499.169/chromedriver-linux64/chromedriver] found in cache\n--------------------------- Captured stdout teardown ---------------------------\nFinal Status: PASS | Duration: 7.23s\n&#34;}], &#34;src/tests/smoke_tests/test_homepage_smoke.py::TestHomePageSmoke::test_basic_homepage_elements_exist&#34;: [{&#34;extras&#34;: [{&#34;name&#34;: null, &#34;format_type&#34;: &#34;html&#34;, &#34;content&#34;: &#34;&lt;p&gt;&lt;a href=\&#34;logs/geo_travel_20251219_071309.log\&#34; download&gt;Download latest test log (geo_travel_20251219_071309.log)&lt;/a&gt;&lt;/p&gt;&#34;, &#34;mime_type&#34;: null, &#34;extension&#34;: null}, {&#34;name&#34;: null, &#34;format_type&#34;: &#34;html&#34;, &#34;content&#34;: &#34;&lt;details&gt;&lt;summary&gt;Latest log preview (geo_travel_20251219_071309.log)&lt;/summary&gt;&lt;pre style=&#39;white-space:pre-wrap;max-height:400px;overflow:auto&#39;&gt;omepage to load (max retries: 3)\n2025-12-19 07:14:38 - GeoTravelGlobalLogger - INFO     - [logger.py:278] - Attempt 1/3\n2025-12-19 07:14:38 - GeoTravelGlobalLogger - INFO     - [logger.py:278] - Page body loaded\n2025-12-19 07:14:38 - GeoTravelGlobalLogger - INFO     - [logger.py:278] - Validating Geo Travel page...\n2025-12-19 07:14:38 - GeoTravelGlobalLogger - INFO     - [logger.py:278] - Validating page HTML structure...\n2025-12-19 07:14:38 - GeoTravelGlobalLogger - INFO     - [logger.py:278] - Validating page content keywords...\n2025-12-19 07:14:38 - GeoTravelGlobalLogger - INFO     - [logger.py:278] - Page validation confidence: 100.0%\n2025-12-19 07:14:38 - GeoTravelGlobalLogger - INFO     - [logger.py:278] - Found keywords: [&amp;#x27;geo&amp;#x27;, &amp;#x27;travel&amp;#x27;, &amp;#x27;destination&amp;#x27;, &amp;#x27;book&amp;#x27;, &amp;#x27;tour&amp;#x27;, &amp;#x27;package&amp;#x27;, &amp;#x27;hotel&amp;#x27;, &amp;#x27;flight&amp;#x27;, &amp;#x27;vacation&amp;#x27;, &amp;#x27;adventure&amp;#x27;]\n2025-12-19 07:14:38 - GeoTravelGlobalLogger - INFO     - [logger.py:278] - Homepage validation passed! Confidence: 100.0%\n2025-12-19 07:14:38 - GeoTravelGlobalLogger - INFO     - [logger.py:278] - \ud83d\udd04 STEP 2: Checking page source and structure\n2025-12-19 07:14:38 - GeoTravelGlobalLogger - INFO     - [logger.py:278] - \ud83d\udd04 STEP 3: Checking for headings and links\n2025-12-19 07:14:38 - GeoTravelGlobalLogger - INFO     - [logger.py:278] - Element present ((&amp;#x27;tag name&amp;#x27;, &amp;#x27;h1&amp;#x27;)): True\n2025-12-19 07:14:38 - GeoTravelGlobalLogger - INFO     - [logger.py:278] - Element present ((&amp;#x27;tag name&amp;#x27;, &amp;#x27;a&amp;#x27;)): True\n2025-12-19 07:14:38 - GeoTravelGlobalLogger - INFO     - [logger.py:278] - SUCCESS: Basic page elements check passed\n2025-12-19 07:14:38 - GeoTravelGlobalLogger - INFO     - [logger.py:278] - \ud83d\udd0d DEBUG: Test phase - call for src/tests/smoke_tests/test_homepage_smoke.py::TestHomePageSmoke::test_basic_homepage_elements_exist - Skipped: False\n2025-12-19 07:14:38 - GeoTravelGlobalLogger - INFO     - [logger.py:278] - \ud83d\udd0d CRITICAL DEBUG: test_path = /home/runner/work/geo-travel-automation/geo-travel-automation/src/tests/smoke_tests/test_homepage_smoke.py\n&lt;/pre&gt;&lt;/details&gt;&#34;, &#34;mime_type&#34;: null, &#34;extension&#34;: null}], &#34;result&#34;: &#34;Passed&#34;, &#34;testId&#34;: &#34;src/tests/smoke_tests/test_homepage_smoke.py::TestHomePageSmoke::test_basic_homepage_elements_exist&#34;, &#34;duration&#34;: &#34;00:00:07&#34;, &#34;resultsTableRow&#34;: [&#34;&lt;td class=\&#34;col-result\&#34;&gt;Passed&lt;/td&gt;&#34;, &#34;&lt;td class=\&#34;col-testId\&#34;&gt;src/tests/smoke_tests/test_homepage_smoke.py::TestHomePageSmoke::test_basic_homepage_elements_exist&lt;/td&gt;&#34;, &#34;&lt;td class=\&#34;col-duration\&#34;&gt;00:00:07&lt;/td&gt;&#34;, &#34;&lt;td class=\&#34;col-links\&#34;&gt;&lt;/td&gt;&#34;], &#34;log&#34;: &#34;---------------------------- Captured stdout setup -----------------------------\nStarting test: test_basic_homepage_elements_exist\n\n------------------------------ Captured log setup ------------------------------\nINFO     WDM:logger.py:11 ====== WebDriver manager ======\nINFO     WDM:logger.py:11 Get LATEST chromedriver version for google-chrome\nINFO     WDM:logger.py:11 Get LATEST chromedriver version for google-chrome\nINFO     WDM:logger.py:11 Driver [/home/runner/.wdm/drivers/chromedriver/linux64/143.0.7499.169/chromedriver-linux64/chromedriver] found in cache\n--------------------------- Captured stdout teardown ---------------------------\nFinal Status: PASS | Duration: 7.36s\n&#34;}], &#34;src/tests/smoke_tests/test_homepage_smoke.py::TestHomePageSmoke::test_homepage_navigation_works&#34;: [{&#34;extras&#34;: [{&#34;name&#34;: null, &#34;format_type&#34;: &#34;html&#34;, &#34;content&#34;: &#34;&lt;p&gt;&lt;a href=\&#34;logs/geo_travel_20251219_071309.log\&#34; download&gt;Download latest test log (geo_travel_20251219_071309.log)&lt;/a&gt;&lt;/p&gt;&#34;, &#34;mime_type&#34;: null, &#34;extension&#34;: null}, {&#34;name&#34;: null, &#34;format_type&#34;: &#34;html&#34;, &#34;content&#34;: &#34;&lt;details&gt;&lt;summary&gt;Latest log preview (geo_travel_20251219_071309.log)&lt;/summary&gt;&lt;pre style=&#39;white-space:pre-wrap;max-height:400px;overflow:auto&#39;&gt;on&amp;#x27;, &amp;#x27;adventure&amp;#x27;]\n2025-12-19 07:14:45 - GeoTravelGlobalLogger - INFO     - [logger.py:278] - Homepage validation passed! Confidence: 100.0%\n2025-12-19 07:14:45 - GeoTravelGlobalLogger - INFO     - [logger.py:278] - \ud83d\udd04 STEP 2: Testing navigation functionality\n2025-12-19 07:14:45 - GeoTravelGlobalLogger - INFO     - [logger.py:278] - === Testing Navigation Functionality ===\n2025-12-19 07:14:45 - GeoTravelGlobalLogger - INFO     - [logger.py:278] - Finding navigation links\n2025-12-19 07:14:45 - GeoTravelGlobalLogger - INFO     - [logger.py:278] - Found 3 clickable links out of 32 total\n2025-12-19 07:14:45 - GeoTravelGlobalLogger - INFO     - [logger.py:278] - Attempt 1/3: Testing link to https://retail.stg.gowithgeo.com/\n2025-12-19 07:14:45 - GeoTravelGlobalLogger - INFO     - [logger.py:278] - Clicking navigation link: https://retail.stg.gowithgeo.com/\n2025-12-19 07:14:48 - GeoTravelGlobalLogger - INFO     - [logger.py:278] - Getting current URL\n2025-12-19 07:14:48 - GeoTravelGlobalLogger - INFO     - [logger.py:278] - SUCCESS: Navigation successful: https://retail.stg.gowithgeo.com/ -&amp;gt; https://retail.stg.gowithgeo.com/\n2025-12-19 07:14:48 - GeoTravelGlobalLogger - INFO     - [logger.py:278] - SUCCESS: Navigation verified: &amp;lt;bound method NavigationUtils.get_current_url of &amp;lt;src.utils.navigation.NavigationUtils object at 0x7fba31d3caf0&amp;gt;&amp;gt; \u2192 https://retail.stg.gowithgeo.com/\n2025-12-19 07:14:48 - GeoTravelGlobalLogger - INFO     - [logger.py:278] - SUCCESS: Navigation test passed: Successfully navigated to https://retail.stg.gowithgeo.com/\n2025-12-19 07:14:48 - GeoTravelGlobalLogger - INFO     - [logger.py:278] - \ud83d\udd0d DEBUG: Test phase - call for src/tests/smoke_tests/test_homepage_smoke.py::TestHomePageSmoke::test_homepage_navigation_works - Skipped: False\n2025-12-19 07:14:48 - GeoTravelGlobalLogger - INFO     - [logger.py:278] - \ud83d\udd0d CRITICAL DEBUG: test_path = /home/runner/work/geo-travel-automation/geo-travel-automation/src/tests/smoke_tests/test_homepage_smoke.py\n&lt;/pre&gt;&lt;/details&gt;&#34;, &#34;mime_type&#34;: null, &#34;extension&#34;: null}], &#34;result&#34;: &#34;Passed&#34;, &#34;testId&#34;: &#34;src/tests/smoke_tests/test_homepage_smoke.py::TestHomePageSmoke::test_homepage_navigation_works&#34;, &#34;duration&#34;: &#34;00:00:10&#34;, &#34;resultsTableRow&#34;: [&#34;&lt;td class=\&#34;col-result\&#34;&gt;Passed&lt;/td&gt;&#34;, &#34;&lt;td class=\&#34;col-testId\&#34;&gt;src/tests/smoke_tests/test_homepage_smoke.py::TestHomePageSmoke::test_homepage_navigation_works&lt;/td&gt;&#34;, &#34;&lt;td class=\&#34;col-duration\&#34;&gt;00:00:10&lt;/td&gt;&#34;, &#34;&lt;td class=\&#34;col-links\&#34;&gt;&lt;/td&gt;&#34;], &#34;log&#34;: &#34;---------------------------- Captured stdout setup -----------------------------\nStarting test: test_homepage_navigation_works\n\n------------------------------ Captured log setup ------------------------------\nINFO     WDM:logger.py:11 ====== WebDriver manager ======\nINFO     WDM:logger.py:11 Get LATEST chromedriver version for google-chrome\nINFO     WDM:logger.py:11 Get LATEST chromedriver version for google-chrome\nINFO     WDM:logger.py:11 Driver [/home/runner/.wdm/drivers/chromedriver/linux64/143.0.7499.169/chromedriver-linux64/chromedriver] found in cache\n--------------------------- Captured stdout teardown ---------------------------\nFinal Status: PASS | Duration: 10.35s\n&#34;}], &#34;src/tests/smoke_tests/test_homepage_smoke.py::TestHomePageSmoke::test_homepage_health_check&#34;: [{&#34;extras&#34;: [{&#34;name&#34;: null, &#34;format_type&#34;: &#34;html&#34;, &#34;content&#34;: &#34;&lt;p&gt;&lt;a href=\&#34;logs/geo_travel_20251219_071309.log\&#34; download&gt;Download latest test log (geo_travel_20251219_071309.log)&lt;/a&gt;&lt;/p&gt;&#34;, &#34;mime_type&#34;: null, &#34;extension&#34;: null}, {&#34;name&#34;: null, &#34;format_type&#34;: &#34;html&#34;, &#34;content&#34;: &#34;&lt;details&gt;&lt;summary&gt;Latest log preview (geo_travel_20251219_071309.log)&lt;/summary&gt;&lt;pre style=&#39;white-space:pre-wrap;max-height:400px;overflow:auto&#39;&gt;025-12-19 07:14:56 - GeoTravelGlobalLogger - INFO     - [logger.py:278] - Health check - has_navigation: PASS\n2025-12-19 07:14:56 - GeoTravelGlobalLogger - INFO     - [logger.py:278] - Page health check overall: PASS\n2025-12-19 07:14:56 - GeoTravelGlobalLogger - INFO     - [logger.py:278] - \ud83d\udd04 STEP 3: Verifying critical health checks\n2025-12-19 07:14:56 - GeoTravelGlobalLogger - INFO     - [logger.py:278] - \ud83d\udd04 STEP 4: Checking logo visibility\n2025-12-19 07:15:16 - GeoTravelGlobalLogger - WARNING  - [logger.py:293] - Element not visible within 15s: (&amp;#x27;xpath&amp;#x27;, &amp;quot;//div[contains(@class,&amp;#x27;w-28&amp;#x27;) and contains(@class,&amp;#x27;h-12&amp;#x27;) and contains(@class,&amp;#x27;relative&amp;#x27;)]//img[@alt=&amp;#x27;GeoTravel&amp;#x27;]&amp;quot;)\n2025-12-19 07:15:16 - GeoTravelGlobalLogger - WARNING  - [logger.py:293] - Primary logo selector failed, trying next option... | Message: \nStacktrace:\n#0 0x5584a0e5061a &amp;lt;unknown&amp;gt;\n#1 0x5584a08cd20b &amp;lt;unknown&amp;gt;\n#2 0x5584a091e90f &amp;lt;unknown&amp;gt;\n#3 0x5584a091eb51 &amp;lt;unknown&amp;gt;\n#4 0x5584a096cd84 &amp;lt;unknown&amp;gt;\n#5 0x5584a096a20e &amp;lt;unknown&amp;gt;\n#6 0x5584a0911232 &amp;lt;unknown&amp;gt;\n#7 0x5584a0911ee1 &amp;lt;unknown&amp;gt;\n#8 0x5584a0e193f9 &amp;lt;unknown&amp;gt;\n#9 0x5584a0e1c34d &amp;lt;unknown&amp;gt;\n#10 0x5584a0e02122 &amp;lt;unknown&amp;gt;\n#11 0x5584a0e1cf2b &amp;lt;unknown&amp;gt;\n#12 0x5584a0de8c30 &amp;lt;unknown&amp;gt;\n#13 0x5584a0e3dd78 &amp;lt;unknown&amp;gt;\n#14 0x5584a0e3df4c &amp;lt;unknown&amp;gt;\n#15 0x5584a0e4f973 &amp;lt;unknown&amp;gt;\n#16 0x7fd22809caa4 &amp;lt;unknown&amp;gt;\n#17 0x7fd228129c6c &amp;lt;unknown&amp;gt;\n\n2025-12-19 07:15:16 - GeoTravelGlobalLogger - INFO     - [logger.py:278] - Logo visible (Fallback): True\n2025-12-19 07:15:16 - GeoTravelGlobalLogger - INFO     - [logger.py:278] - SUCCESS: Homepage health check passed\n2025-12-19 07:15:16 - GeoTravelGlobalLogger - INFO     - [logger.py:278] - \ud83d\udd0d DEBUG: Test phase - call for src/tests/smoke_tests/test_homepage_smoke.py::TestHomePageSmoke::test_homepage_health_check - Skipped: False\n2025-12-19 07:15:16 - GeoTravelGlobalLogger - INFO     - [logger.py:278] - \ud83d\udd0d CRITICAL DEBUG: test_path = /home/runner/work/geo-travel-automation/geo-travel-automation/src/tests/smoke_tests/test_homepage_smoke.py\n&lt;/pre&gt;&lt;/details&gt;&#34;, &#34;mime_type&#34;: null, &#34;extension&#34;: null}], &#34;result&#34;: &#34;Passed&#34;, &#34;testId&#34;: &#34;src/tests/smoke_tests/test_homepage_smoke.py::TestHomePageSmoke::test_homepage_health_check&#34;, &#34;duration&#34;: &#34;00:00:28&#34;, &#34;resultsTableRow&#34;: [&#34;&lt;td class=\&#34;col-result\&#34;&gt;Passed&lt;/td&gt;&#34;, &#34;&lt;td class=\&#34;col-testId\&#34;&gt;src/tests/smoke_tests/test_homepage_smoke.py::TestHomePageSmoke::test_homepage_health_check&lt;/td&gt;&#34;, &#34;&lt;td class=\&#34;col-duration\&#34;&gt;00:00:28&lt;/td&gt;&#34;, &#34;&lt;td class=\&#34;col-links\&#34;&gt;&lt;/td&gt;&#34;], &#34;log&#34;: &#34;---------------------------- Captured stdout setup -----------------------------\nStarting test: test_homepage_health_check\n\n------------------------------ Captured log setup ------------------------------\nINFO     WDM:logger.py:11 ====== WebDriver manager ======\nINFO     WDM:logger.py:11 Get LATEST chromedriver version for google-chrome\nINFO     WDM:logger.py:11 Get LATEST chromedriver version for google-chrome\nINFO     WDM:logger.py:11 Driver [/home/runner/.wdm/drivers/chromedriver/linux64/143.0.7499.169/chromedriver-linux64/chromedriver] found in cache\n--------------------------- Captured stdout teardown ---------------------------\nFinal Status: PASS | Duration: 27.95s\n&#34;}], &#34;src/tests/smoke_tests/test_package_booking_smoke.py::TestPackageBookingSmoke::test_homepage_loads_successfully&#34;: [{&#34;extras&#34;: [{&#34;name&#34;: null, &#34;format_type&#34;: &#34;html&#34;, &#34;content&#34;: &#34;&lt;p&gt;&lt;a href=\&#34;logs/geo_travel_20251219_071309.log\&#34; download&gt;Download latest test log (geo_travel_20251219_071309.log)&lt;/a&gt;&lt;/p&gt;&#34;, &#34;mime_type&#34;: null, &#34;extension&#34;: null}, {&#34;name&#34;: null, &#34;format_type&#34;: &#34;html&#34;, &#34;content&#34;: &#34;&lt;details&gt;&lt;summary&gt;Latest log preview (geo_travel_20251219_071309.log)&lt;/summary&gt;&lt;pre style=&#39;white-space:pre-wrap;max-height:400px;overflow:auto&#39;&gt;ad...\n2025-12-19 07:15:18 - GeoTravelGlobalLogger - INFO     - [logger.py:278] - Navigated to: https://retail.stg.gowithgeo.com/\n2025-12-19 07:15:18 - GeoTravelGlobalLogger - INFO     - [logger.py:278] - Warm-up page opened successfully.\n2025-12-19 07:15:23 - GeoTravelGlobalLogger - INFO     - [logger.py:278] - \ud83c\udfe0 Waiting for homepage to load (max retries: 3)\n2025-12-19 07:15:23 - GeoTravelGlobalLogger - INFO     - [logger.py:278] - Attempt 1/3\n2025-12-19 07:15:23 - GeoTravelGlobalLogger - INFO     - [logger.py:278] - Page body loaded\n2025-12-19 07:15:23 - GeoTravelGlobalLogger - INFO     - [logger.py:278] - Validating Geo Travel page...\n2025-12-19 07:15:23 - GeoTravelGlobalLogger - INFO     - [logger.py:278] - Validating page HTML structure...\n2025-12-19 07:15:23 - GeoTravelGlobalLogger - INFO     - [logger.py:278] - Validating page content keywords...\n2025-12-19 07:15:23 - GeoTravelGlobalLogger - INFO     - [logger.py:278] - Page validation confidence: 100.0%\n2025-12-19 07:15:23 - GeoTravelGlobalLogger - INFO     - [logger.py:278] - Found keywords: [&amp;#x27;geo&amp;#x27;, &amp;#x27;travel&amp;#x27;, &amp;#x27;destination&amp;#x27;, &amp;#x27;book&amp;#x27;, &amp;#x27;tour&amp;#x27;, &amp;#x27;package&amp;#x27;, &amp;#x27;hotel&amp;#x27;, &amp;#x27;flight&amp;#x27;, &amp;#x27;vacation&amp;#x27;, &amp;#x27;adventure&amp;#x27;]\n2025-12-19 07:15:23 - GeoTravelGlobalLogger - INFO     - [logger.py:278] - Homepage validation passed! Confidence: 100.0%\n2025-12-19 07:15:23 - GeoTravelGlobalLogger - INFO     - [logger.py:278] - Step 2: Verifying page title\n2025-12-19 07:15:23 - GeoTravelGlobalLogger - INFO     - [logger.py:278] - SUCCESS: \u2705 Homepage loaded successfully - Basic navigation works\n2025-12-19 07:15:23 - GeoTravelGlobalLogger - INFO     - [logger.py:278] - \ud83d\udd0d DEBUG: Test phase - call for src/tests/smoke_tests/test_package_booking_smoke.py::TestPackageBookingSmoke::test_homepage_loads_successfully - Skipped: False\n2025-12-19 07:15:23 - GeoTravelGlobalLogger - INFO     - [logger.py:278] - \ud83d\udd0d CRITICAL DEBUG: test_path = /home/runner/work/geo-travel-automation/geo-travel-automation/src/tests/smoke_tests/test_package_booking_smoke.py\n&lt;/pre&gt;&lt;/details&gt;&#34;, &#34;mime_type&#34;: null, &#34;extension&#34;: null}], &#34;result&#34;: &#34;Passed&#34;, &#34;testId&#34;: &#34;src/tests/smoke_tests/test_package_booking_smoke.py::TestPackageBookingSmoke::test_homepage_loads_successfully&#34;, &#34;duration&#34;: &#34;00:00:07&#34;, &#34;resultsTableRow&#34;: [&#34;&lt;td class=\&#34;col-result\&#34;&gt;Passed&lt;/td&gt;&#34;, &#34;&lt;td class=\&#34;col-testId\&#34;&gt;src/tests/smoke_tests/test_package_booking_smoke.py::TestPackageBookingSmoke::test_homepage_loads_successfully&lt;/td&gt;&#34;, &#34;&lt;td class=\&#34;col-duration\&#34;&gt;00:00:07&lt;/td&gt;&#34;, &#34;&lt;td class=\&#34;col-links\&#34;&gt;&lt;/td&gt;&#34;], &#34;log&#34;: &#34;---------------------------- Captured stdout setup -----------------------------\nStarting test: test_homepage_loads_successfully\n\n------------------------------ Captured log setup ------------------------------\nINFO     WDM:logger.py:11 ====== WebDriver manager ======\nINFO     WDM:logger.py:11 Get LATEST chromedriver version for google-chrome\nINFO     WDM:logger.py:11 Get LATEST chromedriver version for google-chrome\nINFO     WDM:logger.py:11 Driver [/home/runner/.wdm/drivers/chromedriver/linux64/143.0.7499.169/chromedriver-linux64/chromedriver] found in cache\n--------------------------- Captured stdout teardown ---------------------------\nFinal Status: PASS | Duration: 7.20s\n&#34;}], &#34;src/tests/smoke_tests/test_package_booking_smoke.py::TestPackageBookingSmoke::test_booking_form_validation&#34;: [{&#34;extras&#34;: [{&#34;name&#34;: null, &#34;format_type&#34;: &#34;html&#34;, &#34;content&#34;: &#34;&lt;p&gt;&lt;a href=\&#34;logs/geo_travel_20251219_071309.log\&#34; download&gt;Download latest test log (geo_travel_20251219_071309.log)&lt;/a&gt;&lt;/p&gt;&#34;, &#34;mime_type&#34;: null, &#34;extension&#34;: null}, {&#34;name&#34;: null, &#34;format_type&#34;: &#34;html&#34;, &#34;content&#34;: &#34;&lt;details&gt;&lt;summary&gt;Latest log preview (geo_travel_20251219_071309.log)&lt;/summary&gt;&lt;pre style=&#39;white-space:pre-wrap;max-height:400px;overflow:auto&#39;&gt;: src/tests/smoke_tests/test_package_booking_smoke.py::TestPackageBookingSmoke::test_homepage_loads_successfully - PASS\n2025-12-19 07:15:24 - GeoTravelGlobalLogger - INFO     - [logger.py:278] - Test result added: test_homepage_loads_successfully - PASS (Duration: 7.20s)\n2025-12-19 07:15:24 - GeoTravelGlobalLogger - INFO     - [logger.py:278] - \ud83d\udd0d DEBUG: Test phase - teardown for src/tests/smoke_tests/test_package_booking_smoke.py::TestPackageBookingSmoke::test_homepage_loads_successfully - Skipped: False\n2025-12-19 07:15:24 - GeoTravelGlobalLogger - INFO     - [logger.py:278] - Creating chrome driver...\n2025-12-19 07:15:24 - GeoTravelGlobalLogger - INFO     - [logger.py:278] - chrome driver created successfully\n2025-12-19 07:15:24 - GeoTravelGlobalLogger - INFO     - [logger.py:278] - \ud83d\udd0d DEBUG: Test phase - setup for src/tests/smoke_tests/test_package_booking_smoke.py::TestPackageBookingSmoke::test_booking_form_validation - Skipped: False\n2025-12-19 07:15:24 - GeoTravelGlobalLogger - INFO     - [logger.py:278] - === Quick Smoke Test: Booking Form ===\n2025-12-19 07:15:24 - GeoTravelGlobalLogger - INFO     - [logger.py:278] - Step 1: Quick navigation to trigger booking form\n2025-12-19 07:15:25 - GeoTravelGlobalLogger - INFO     - [logger.py:278] - Navigated to: https://retail.stg.gowithgeo.com/\n2025-12-19 07:15:25 - GeoTravelGlobalLogger - INFO     - [logger.py:278] - Clicking Package button\n2025-12-19 07:15:25 - GeoTravelGlobalLogger - INFO     - [logger.py:278] - SUCCESS: \u2705 Booking form basic navigation verified\n2025-12-19 07:15:25 - GeoTravelGlobalLogger - INFO     - [logger.py:278] - \ud83d\udd0d DEBUG: Test phase - call for src/tests/smoke_tests/test_package_booking_smoke.py::TestPackageBookingSmoke::test_booking_form_validation - Skipped: False\n2025-12-19 07:15:25 - GeoTravelGlobalLogger - INFO     - [logger.py:278] - \ud83d\udd0d CRITICAL DEBUG: test_path = /home/runner/work/geo-travel-automation/geo-travel-automation/src/tests/smoke_tests/test_package_booking_smoke.py\n&lt;/pre&gt;&lt;/details&gt;&#34;, &#34;mime_type&#34;: null, &#34;extension&#34;: null}], &#34;result&#34;: &#34;Passed&#34;, &#34;testId&#34;: &#34;src/tests/smoke_tests/test_package_booking_smoke.py::TestPackageBookingSmoke::test_booking_form_validation&#34;, &#34;duration&#34;: &#34;00:00:02&#34;, &#34;resultsTableRow&#34;: [&#34;&lt;td class=\&#34;col-result\&#34;&gt;Passed&lt;/td&gt;&#34;, &#34;&lt;td class=\&#34;col-testId\&#34;&gt;src/tests/smoke_tests/test_package_booking_smoke.py::TestPackageBookingSmoke::test_booking_form_validation&lt;/td&gt;&#34;, &#34;&lt;td class=\&#34;col-duration\&#34;&gt;00:00:02&lt;/td&gt;&#34;, &#34;&lt;td class=\&#34;col-links\&#34;&gt;&lt;/td&gt;&#34;], &#34;log&#34;: &#34;---------------------------- Captured stdout setup -----------------------------\nStarting test: test_booking_form_validation\n\n------------------------------ Captured log setup ------------------------------\nINFO     WDM:logger.py:11 ====== WebDriver manager ======\nINFO     WDM:logger.py:11 Get LATEST chromedriver version for google-chrome\nINFO     WDM:logger.py:11 Get LATEST chromedriver version for google-chrome\nINFO     WDM:logger.py:11 Driver [/home/runner/.wdm/drivers/chromedriver/linux64/143.0.7499.169/chromedriver-linux64/chromedriver] found in cache\n--------------------------- Captured stdout teardown ---------------------------\nFinal Status: PASS | Duration: 1.78s\n&#34;}], &#34;src/tests/smoke_tests/test_package_booking_smoke.py::TestPackageBookingSmoke::test_package_search_functionality&#34;: [{&#34;extras&#34;: [{&#34;name&#34;: null, &#34;format_type&#34;: &#34;html&#34;, &#34;content&#34;: &#34;&lt;p&gt;&lt;a href=\&#34;logs/geo_travel_20251219_071309.log\&#34; download&gt;Download latest test log (geo_travel_20251219_071309.log)&lt;/a&gt;&lt;/p&gt;&#34;, &#34;mime_type&#34;: null, &#34;extension&#34;: null}, {&#34;name&#34;: null, &#34;format_type&#34;: &#34;html&#34;, &#34;content&#34;: &#34;&lt;details&gt;&lt;summary&gt;Latest log preview (geo_travel_20251219_071309.log)&lt;/summary&gt;&lt;pre style=&#39;white-space:pre-wrap;max-height:400px;overflow:auto&#39;&gt;r.py:278] - Clicked trip type dropdown\n2025-12-19 07:15:30 - GeoTravelGlobalLogger - INFO     - [logger.py:278] - Trip type selected: group\n2025-12-19 07:15:33 - GeoTravelGlobalLogger - INFO     - [logger.py:278] - Step 2: Selecting country\n2025-12-19 07:15:33 - GeoTravelGlobalLogger - INFO     - [logger.py:278] - Selecting country: Nigeria\n2025-12-19 07:15:33 - GeoTravelGlobalLogger - INFO     - [logger.py:278] - Clicked country selector\n2025-12-19 07:15:35 - GeoTravelGlobalLogger - INFO     - [logger.py:278] - Clicked country input\n2025-12-19 07:15:38 - GeoTravelGlobalLogger - INFO     - [logger.py:278] - Typed country: Nigeria\n2025-12-19 07:15:40 - GeoTravelGlobalLogger - INFO     - [logger.py:278] - Country selected: Nigeria\n2025-12-19 07:15:43 - GeoTravelGlobalLogger - INFO     - [logger.py:278] - Step 4: Opening travel date selector\n2025-12-19 07:15:43 - GeoTravelGlobalLogger - INFO     - [logger.py:278] - Opening travel date selector\n2025-12-19 07:15:46 - GeoTravelGlobalLogger - INFO     - [logger.py:278] - Selected travel date: \n2025-12-19 07:15:49 - GeoTravelGlobalLogger - INFO     - [logger.py:278] - Step 5: Executing package search\n2025-12-19 07:15:49 - GeoTravelGlobalLogger - INFO     - [logger.py:278] - Clicking Search Packages button\n2025-12-19 07:15:54 - GeoTravelGlobalLogger - INFO     - [logger.py:278] - Step 6: Verifying search results\n2025-12-19 07:15:54 - GeoTravelGlobalLogger - INFO     - [logger.py:278] - Search validation - URL success: True, Content: True, No errors: False, Components: True\n2025-12-19 07:15:54 - GeoTravelGlobalLogger - INFO     - [logger.py:278] - \ud83d\udd0d DEBUG: Test phase - call for src/tests/smoke_tests/test_package_booking_smoke.py::TestPackageBookingSmoke::test_package_search_functionality - Skipped: False\n2025-12-19 07:15:54 - GeoTravelGlobalLogger - INFO     - [logger.py:278] - \ud83d\udd0d CRITICAL DEBUG: test_path = /home/runner/work/geo-travel-automation/geo-travel-automation/src/tests/smoke_tests/test_package_booking_smoke.py\n&lt;/pre&gt;&lt;/details&gt;&#34;, &#34;mime_type&#34;: null, &#34;extension&#34;: null}], &#34;result&#34;: &#34;Passed&#34;, &#34;testId&#34;: &#34;src/tests/smoke_tests/test_package_booking_smoke.py::TestPackageBookingSmoke::test_package_search_functionality&#34;, &#34;duration&#34;: &#34;00:00:29&#34;, &#34;resultsTableRow&#34;: [&#34;&lt;td class=\&#34;col-result\&#34;&gt;Passed&lt;/td&gt;&#34;, &#34;&lt;td class=\&#34;col-testId\&#34;&gt;src/tests/smoke_tests/test_package_booking_smoke.py::TestPackageBookingSmoke::test_package_search_functionality&lt;/td&gt;&#34;, &#34;&lt;td class=\&#34;col-duration\&#34;&gt;00:00:29&lt;/td&gt;&#34;, &#34;&lt;td class=\&#34;col-links\&#34;&gt;&lt;/td&gt;&#34;], &#34;log&#34;: &#34;---------------------------- Captured stdout setup -----------------------------\nStarting test: test_package_search_functionality\n\n------------------------------ Captured log setup ------------------------------\nINFO     WDM:logger.py:11 ====== WebDriver manager ======\nINFO     WDM:logger.py:11 Get LATEST chromedriver version for google-chrome\nINFO     WDM:logger.py:11 Get LATEST chromedriver version for google-chrome\nINFO     WDM:logger.py:11 Driver [/home/runner/.wdm/drivers/chromedriver/linux64/143.0.7499.169/chromedriver-linux64/chromedriver] found in cache\n--------------------------- Captured stdout teardown ---------------------------\nFinal Status: PASS | Duration: 28.65s\n&#34;}], &#34;src/tests/smoke_tests/test_package_booking_smoke.py::TestPackageBookingSmoke::test_complete_package_booking_flow&#34;: [{&#34;extras&#34;: [{&#34;name&#34;: &#34;Image&#34;, &#34;format_type&#34;: &#34;image&#34;, &#34;content&#34;: &#34;docs/screenshots/failures/assertionerror_srctestssmoke_teststest_package_booking_smokepyTestPackageBookingSmoketest_complete_package_booking_flow_20251219_071732.png&#34;, &#34;mime_type&#34;: &#34;image/png&#34;, &#34;extension&#34;: &#34;png&#34;}, {&#34;name&#34;: null, &#34;format_type&#34;: &#34;html&#34;, &#34;content&#34;: &#34;&lt;p&gt;&lt;a href=\&#34;logs/geo_travel_20251219_071309.log\&#34; download&gt;Download latest test log (geo_travel_20251219_071309.log)&lt;/a&gt;&lt;/p&gt;&#34;, &#34;mime_type&#34;: null, &#34;extension&#34;: null}, {&#34;name&#34;: null, &#34;format_type&#34;: &#34;html&#34;, &#34;content&#34;: &#34;&lt;details&gt;&lt;summary&gt;Latest log preview (geo_travel_20251219_071309.log)&lt;/summary&gt;&lt;pre style=&#39;white-space:pre-wrap;max-height:400px;overflow:auto&#39;&gt;dy for payment\n2025-12-19 07:17:04 - GeoTravelGlobalLogger - INFO     - [logger.py:278] - SUCCESS: \u2705 Booking flow completed successfully - Ready for payment\n2025-12-19 07:17:04 - GeoTravelGlobalLogger - INFO     - [logger.py:278] - \ud83d\udd04 STEP 10: Verifying booking progression\n2025-12-19 07:17:09 - GeoTravelGlobalLogger - INFO     - [logger.py:278] - \ud83d\udd04 STEP 11: Initiating payment flow\n2025-12-19 07:17:09 - GeoTravelGlobalLogger - INFO     - [logger.py:278] - === Completing Booking with Payment ===\n2025-12-19 07:17:09 - GeoTravelGlobalLogger - INFO     - [logger.py:278] - Clicking &amp;#x27;Proceed to payment&amp;#x27; button\n2025-12-19 07:17:12 - GeoTravelGlobalLogger - INFO     - [logger.py:278] - === Starting Flutterwave Card Payment ===\n2025-12-19 07:17:32 - GeoTravelGlobalLogger - ERROR    - [logger.py:296] - \u274c Failed to reach Flutterwave test mode: Message: \n\n2025-12-19 07:17:32 - GeoTravelGlobalLogger - ERROR    - [logger.py:296] - \u274c Payment flow failed\n2025-12-19 07:17:32 - GeoTravelGlobalLogger - ERROR    - [logger.py:296] - \u274c Comprehensive package booking test failed: Should successfully reach Flutterwave test mode\nassert False\n2025-12-19 07:17:32 - GeoTravelGlobalLogger - INFO     - [logger.py:278] - \ud83d\udd0d DEBUG: Test phase - call for src/tests/smoke_tests/test_package_booking_smoke.py::TestPackageBookingSmoke::test_complete_package_booking_flow - Skipped: False\n2025-12-19 07:17:32 - GeoTravelGlobalLogger - INFO     - [logger.py:278] - Captured failure evidence for src/tests/smoke_tests/test_package_booking_smoke.py::TestPackageBookingSmoke::test_complete_package_booking_flow -&amp;gt; docs/screenshots/failures/assertionerror_srctestssmoke_teststest_package_booking_smokepyTestPackageBookingSmoketest_complete_package_booking_flow_20251219_071732.png, None\n2025-12-19 07:17:32 - GeoTravelGlobalLogger - INFO     - [logger.py:278] - \ud83d\udd0d CRITICAL DEBUG: test_path = /home/runner/work/geo-travel-automation/geo-travel-automation/src/tests/smoke_tests/test_package_booking_smoke.py\n&lt;/pre&gt;&lt;/details&gt;&#34;, &#34;mime_type&#34;: null, &#34;extension&#34;: null}], &#34;result&#34;: &#34;Failed&#34;, &#34;testId&#34;: &#34;src/tests/smoke_tests/test_package_booking_smoke.py::TestPackageBookingSmoke::test_complete_package_booking_flow&#34;, &#34;duration&#34;: &#34;00:01:38&#34;, &#34;resultsTableRow&#34;: [&#34;&lt;td class=\&#34;col-result\&#34;&gt;Failed&lt;/td&gt;&#34;, &#34;&lt;td class=\&#34;col-testId\&#34;&gt;src/tests/smoke_tests/test_package_booking_smoke.py::TestPackageBookingSmoke::test_complete_package_booking_flow&lt;/td&gt;&#34;, &#34;&lt;td class=\&#34;col-duration\&#34;&gt;00:01:38&lt;/td&gt;&#34;, &#34;&lt;td class=\&#34;col-links\&#34;&gt;&lt;/td&gt;&#34;], &#34;log&#34;: &#34;self = &amp;lt;test_package_booking_smoke.TestPackageBookingSmoke object at 0x7fba31cc8730&amp;gt;\n\n    @pytest.mark.smoke\n    @pytest.mark.dependency(depends=[&amp;quot;homepage_loaded&amp;quot;, &amp;quot;package_search_works&amp;quot;, &amp;quot;booking_form_works&amp;quot;])\n    def test_complete_package_booking_flow(self):\n        &amp;quot;&amp;quot;&amp;quot;Smoke Test 4: Comprehensive end-to-end package booking flow&amp;quot;&amp;quot;&amp;quot;\n        self.package_booking_flow.logger.info(&amp;quot;=== COMPREHENSIVE TEST: Complete Package Booking Flow ===&amp;quot;)\n    \n        # All quick tests passed, now run the full flow\n        try:\n            # Step 1: Open homepage\n            self.package_booking_flow.logger.step(1,&amp;quot;Opening homepage&amp;quot;)\n            self.home_page.open()\n            self.home_page.wait_for_homepage_load(timeout=15, max_retries=3)\n    \n            # Step 2: Navigate to packages\n            self.package_booking_flow.logger.step(2,&amp;quot;Clicking on Package&amp;quot;)\n            self.package_booking_flow.click_package()\n    \n            # Step 3: Select trip type\n            self.package_booking_flow.logger.step(3,&amp;quot;Selecting trip type&amp;quot;)\n            self.package_booking_flow.select_trip_type()\n    \n            # Step 4: Select country\n            self.package_booking_flow.logger.step(4,&amp;quot;Selecting country&amp;quot;)\n            self.package_booking_flow.select_country(&amp;quot;Nigeria&amp;quot;)\n    \n            # Step 5: Select travel date\n            self.package_booking_flow.logger.step(5,&amp;quot;Opening travel date selector&amp;quot;)\n            self.package_booking_flow.select_travel_date()\n    \n            # Step 6: Search packages\n            self.package_booking_flow.logger.step(6,&amp;quot;Searching packages&amp;quot;)\n            self.package_booking_flow.search_packages()\n            time.sleep(5)\n            self.package_booking_flow.is_search_session_initialized(search_term=&amp;quot;packages&amp;quot;, timeout=30)\n    \n            # Step 7: View package details\n            self.package_booking_flow.logger.step(7,&amp;quot;Viewing package details&amp;quot;)\n            self.package_booking_flow.click_view_package()\n            time.sleep(5)\n    \n            # Step 8: Select price option\n            self.package_booking_flow.logger.step(8,&amp;quot;Selecting price option&amp;quot;)\n            self.package_booking_flow.select_price_option()\n            time.sleep(5)\n    \n            # Step 9: Complete booking flow\n            self.package_booking_flow.logger.step(9,&amp;quot;Booking reservation and filling details&amp;quot;)\n            self.package_booking_flow.handle_booking_flow()\n    \n            # Step 10: Verify booking progression\n            self.package_booking_flow.logger.step(10,&amp;quot;Verifying booking progression&amp;quot;)\n            time.sleep(5)\n    \n            # Step 11: Complete booking flow WITH PAYMENT\n            self.package_booking_flow.logger.step(11,&amp;quot;Initiating payment flow&amp;quot;)\n            payment_success = self.package_booking_flow.complete_booking_with_payment()\n&amp;gt;           assert payment_success, &amp;quot;Should successfully reach Flutterwave test mode&amp;quot;\nE           AssertionError: Should successfully reach Flutterwave test mode\nE           assert False\n\nsrc/tests/smoke_tests/test_package_booking_smoke.py:184: AssertionError\n\n---------------------------- Captured stdout setup -----------------------------\nStarting test: test_complete_package_booking_flow\n\n------------------------------ Captured log setup ------------------------------\nINFO     WDM:logger.py:11 ====== WebDriver manager ======\nINFO     WDM:logger.py:11 Get LATEST chromedriver version for google-chrome\nINFO     WDM:logger.py:11 Get LATEST chromedriver version for google-chrome\nINFO     WDM:logger.py:11 Driver [/home/runner/.wdm/drivers/chromedriver/linux64/143.0.7499.169/chromedriver-linux64/chromedriver] found in cache\n--------------------------- Captured stdout teardown ---------------------------\nFinal Status: PASS | Duration: 98.39s\n\n--------------------------- Captured stderr teardown ---------------------------\n2025-12-19 07:17:32,742 - src.utils.screenshot - INFO - Screenshot captured: docs/screenshots/failures/assertionerror_srctestssmoke_teststest_package_booking_smokepyTestPackageBookingSmoketest_complete_package_booking_flow_20251219_071732.png\n2025-12-19 07:17:32,742 - src.utils.screenshot - ERROR - \ud83d\udcca Failure captured - Screenshot: docs/screenshots/failures/assertionerror_srctestssmoke_teststest_package_booking_smokepyTestPackageBookingSmoketest_complete_package_booking_flow_20251219_071732.png\n&#34;}]}, &#34;renderCollapsed&#34;: [&#34;passed&#34;], &#34;initialSort&#34;: &#34;result&#34;, &#34;title&#34;: &#34;smoke_test_report.html&#34;}"></div>
    <script>
      (function(){function r(e,n,t){function o(i,f){if(!n[i]){if(!e[i]){var c="function"==typeof require&&require;if(!f&&c)return c(i,!0);if(u)return u(i,!0);var a=new Error("Cannot find module '"+i+"'");throw a.code="MODULE_NOT_FOUND",a}var p=n[i]={exports:{}};e[i][0].call(p.exports,function(r){var n=e[i][1][r];return o(n||r)},p,p.exports,r,e,n,t)}return n[i].exports}for(var u="function"==typeof require&&require,i=0;i<t.length;i++)o(t[i]);return o}return r})()({1:[function(require,module,exports){
const { getCollapsedCategory, setCollapsedIds } = require('./storage.js')

class DataManager {
    setManager(data) {
        const collapsedCategories = [...getCollapsedCategory(data.renderCollapsed)]
        const collapsedIds = []
        const tests = Object.values(data.tests).flat().map((test, index) => {
            const collapsed = collapsedCategories.includes(test.result.toLowerCase())
            const id = `test_${index}`
            if (collapsed) {
                collapsedIds.push(id)
            }
            return {
                ...test,
                id,
                collapsed,
            }
        })
        const dataBlob = { ...data, tests }
        this.data = { ...dataBlob }
        this.renderData = { ...dataBlob }
        setCollapsedIds(collapsedIds)
    }

    get allData() {
        return { ...this.data }
    }

    resetRender() {
        this.renderData = { ...this.data }
    }

    setRender(data) {
        this.renderData.tests = [...data]
    }

    toggleCollapsedItem(id) {
        this.renderData.tests = this.renderData.tests.map((test) =>
            test.id === id ? { ...test, collapsed: !test.collapsed } : test,
        )
    }

    set allCollapsed(collapsed) {
        this.renderData = { ...this.renderData, tests: [...this.renderData.tests.map((test) => (
            { ...test, collapsed }
        ))] }
    }

    get testSubset() {
        return [...this.renderData.tests]
    }

    get environment() {
        return this.renderData.environment
    }

    get initialSort() {
        return this.data.initialSort
    }
}

module.exports = {
    manager: new DataManager(),
}

},{"./storage.js":8}],2:[function(require,module,exports){
const mediaViewer = require('./mediaviewer.js')
const templateEnvRow = document.getElementById('template_environment_row')
const templateResult = document.getElementById('template_results-table__tbody')

function htmlToElements(html) {
    const temp = document.createElement('template')
    temp.innerHTML = html
    return temp.content.childNodes
}

const find = (selector, elem) => {
    if (!elem) {
        elem = document
    }
    return elem.querySelector(selector)
}

const findAll = (selector, elem) => {
    if (!elem) {
        elem = document
    }
    return [...elem.querySelectorAll(selector)]
}

const dom = {
    getStaticRow: (key, value) => {
        const envRow = templateEnvRow.content.cloneNode(true)
        const isObj = typeof value === 'object' && value !== null
        const values = isObj ? Object.keys(value).map((k) => `${k}: ${value[k]}`) : null

        const valuesElement = htmlToElements(
            values ? `<ul>${values.map((val) => `<li>${val}</li>`).join('')}<ul>` : `<div>${value}</div>`)[0]
        const td = findAll('td', envRow)
        td[0].textContent = key
        td[1].appendChild(valuesElement)

        return envRow
    },
    getResultTBody: ({ testId, id, log, extras, resultsTableRow, tableHtml, result, collapsed }) => {
        const resultBody = templateResult.content.cloneNode(true)
        resultBody.querySelector('tbody').classList.add(result.toLowerCase())
        resultBody.querySelector('tbody').id = testId
        resultBody.querySelector('.collapsible').dataset.id = id

        resultsTableRow.forEach((html) => {
            const t = document.createElement('template')
            t.innerHTML = html
            resultBody.querySelector('.collapsible').appendChild(t.content)
        })

        if (log) {
            // Wrap lines starting with "E" with span.error to color those lines red
            const wrappedLog = log.replace(/^E.*$/gm, (match) => `<span class="error">${match}</span>`)
            resultBody.querySelector('.log').innerHTML = wrappedLog
        } else {
            resultBody.querySelector('.log').remove()
        }

        if (collapsed) {
            resultBody.querySelector('.collapsible > td')?.classList.add('collapsed')
            resultBody.querySelector('.extras-row').classList.add('hidden')
        } else {
            resultBody.querySelector('.collapsible > td')?.classList.remove('collapsed')
        }

        const media = []
        extras?.forEach(({ name, format_type, content }) => {
            if (['image', 'video'].includes(format_type)) {
                media.push({ path: content, name, format_type })
            }

            if (format_type === 'html') {
                resultBody.querySelector('.extraHTML').insertAdjacentHTML('beforeend', `<div>${content}</div>`)
            }
        })
        mediaViewer.setup(resultBody, media)

        // Add custom html from the pytest_html_results_table_html hook
        tableHtml?.forEach((item) => {
            resultBody.querySelector('td[class="extra"]').insertAdjacentHTML('beforeend', item)
        })

        return resultBody
    },
}

module.exports = {
    dom,
    htmlToElements,
    find,
    findAll,
}

},{"./mediaviewer.js":6}],3:[function(require,module,exports){
const { manager } = require('./datamanager.js')
const { doSort } = require('./sort.js')
const storageModule = require('./storage.js')

const getFilteredSubSet = (filter) =>
    manager.allData.tests.filter(({ result }) => filter.includes(result.toLowerCase()))

const doInitFilter = () => {
    const currentFilter = storageModule.getVisible()
    const filteredSubset = getFilteredSubSet(currentFilter)
    manager.setRender(filteredSubset)
}

const doFilter = (type, show) => {
    if (show) {
        storageModule.showCategory(type)
    } else {
        storageModule.hideCategory(type)
    }

    const currentFilter = storageModule.getVisible()
    const filteredSubset = getFilteredSubSet(currentFilter)
    manager.setRender(filteredSubset)

    const sortColumn = storageModule.getSort()
    doSort(sortColumn, true)
}

module.exports = {
    doFilter,
    doInitFilter,
}

},{"./datamanager.js":1,"./sort.js":7,"./storage.js":8}],4:[function(require,module,exports){
const { redraw, bindEvents, renderStatic } = require('./main.js')
const { doInitFilter } = require('./filter.js')
const { doInitSort } = require('./sort.js')
const { manager } = require('./datamanager.js')
const data = JSON.parse(document.getElementById('data-container').dataset.jsonblob)

function init() {
    manager.setManager(data)
    doInitFilter()
    doInitSort()
    renderStatic()
    redraw()
    bindEvents()
}

init()

},{"./datamanager.js":1,"./filter.js":3,"./main.js":5,"./sort.js":7}],5:[function(require,module,exports){
const { dom, find, findAll } = require('./dom.js')
const { manager } = require('./datamanager.js')
const { doSort } = require('./sort.js')
const { doFilter } = require('./filter.js')
const {
    getVisible,
    getCollapsedIds,
    setCollapsedIds,
    getSort,
    getSortDirection,
    possibleFilters,
} = require('./storage.js')

const removeChildren = (node) => {
    while (node.firstChild) {
        node.removeChild(node.firstChild)
    }
}

const renderStatic = () => {
    const renderEnvironmentTable = () => {
        const environment = manager.environment
        const rows = Object.keys(environment).map((key) => dom.getStaticRow(key, environment[key]))
        const table = document.getElementById('environment')
        removeChildren(table)
        rows.forEach((row) => table.appendChild(row))
    }
    renderEnvironmentTable()
}

const addItemToggleListener = (elem) => {
    elem.addEventListener('click', ({ target }) => {
        const id = target.parentElement.dataset.id
        manager.toggleCollapsedItem(id)

        const collapsedIds = getCollapsedIds()
        if (collapsedIds.includes(id)) {
            const updated = collapsedIds.filter((item) => item !== id)
            setCollapsedIds(updated)
        } else {
            collapsedIds.push(id)
            setCollapsedIds(collapsedIds)
        }
        redraw()
    })
}

const renderContent = (tests) => {
    const sortAttr = getSort(manager.initialSort)
    const sortAsc = JSON.parse(getSortDirection())
    const rows = tests.map(dom.getResultTBody)
    const table = document.getElementById('results-table')
    const tableHeader = document.getElementById('results-table-head')

    const newTable = document.createElement('table')
    newTable.id = 'results-table'

    // remove all sorting classes and set the relevant
    findAll('.sortable', tableHeader).forEach((elem) => elem.classList.remove('asc', 'desc'))
    tableHeader.querySelector(`.sortable[data-column-type="${sortAttr}"]`)?.classList.add(sortAsc ? 'desc' : 'asc')
    newTable.appendChild(tableHeader)

    if (!rows.length) {
        const emptyTable = document.getElementById('template_results-table__body--empty').content.cloneNode(true)
        newTable.appendChild(emptyTable)
    } else {
        rows.forEach((row) => {
            if (!!row) {
                findAll('.collapsible td:not(.col-links', row).forEach(addItemToggleListener)
                find('.logexpander', row).addEventListener('click',
                    (evt) => evt.target.parentNode.classList.toggle('expanded'),
                )
                newTable.appendChild(row)
            }
        })
    }

    table.replaceWith(newTable)
}

const renderDerived = () => {
    const currentFilter = getVisible()
    possibleFilters.forEach((result) => {
        const input = document.querySelector(`input[data-test-result="${result}"]`)
        input.checked = currentFilter.includes(result)
    })
}

const bindEvents = () => {
    const filterColumn = (evt) => {
        const { target: element } = evt
        const { testResult } = element.dataset

        doFilter(testResult, element.checked)
        const collapsedIds = getCollapsedIds()
        const updated = manager.renderData.tests.map((test) => {
            return {
                ...test,
                collapsed: collapsedIds.includes(test.id),
            }
        })
        manager.setRender(updated)
        redraw()
    }

    const header = document.getElementById('environment-header')
    header.addEventListener('click', () => {
        const table = document.getElementById('environment')
        table.classList.toggle('hidden')
        header.classList.toggle('collapsed')
    })

    findAll('input[name="filter_checkbox"]').forEach((elem) => {
        elem.addEventListener('click', filterColumn)
    })

    findAll('.sortable').forEach((elem) => {
        elem.addEventListener('click', (evt) => {
            const { target: element } = evt
            const { columnType } = element.dataset
            doSort(columnType)
            redraw()
        })
    })

    document.getElementById('show_all_details').addEventListener('click', () => {
        manager.allCollapsed = false
        setCollapsedIds([])
        redraw()
    })
    document.getElementById('hide_all_details').addEventListener('click', () => {
        manager.allCollapsed = true
        const allIds = manager.renderData.tests.map((test) => test.id)
        setCollapsedIds(allIds)
        redraw()
    })
}

const redraw = () => {
    const { testSubset } = manager

    renderContent(testSubset)
    renderDerived()
}

module.exports = {
    redraw,
    bindEvents,
    renderStatic,
}

},{"./datamanager.js":1,"./dom.js":2,"./filter.js":3,"./sort.js":7,"./storage.js":8}],6:[function(require,module,exports){
class MediaViewer {
    constructor(assets) {
        this.assets = assets
        this.index = 0
    }

    nextActive() {
        this.index = this.index === this.assets.length - 1 ? 0 : this.index + 1
        return [this.activeFile, this.index]
    }

    prevActive() {
        this.index = this.index === 0 ? this.assets.length - 1 : this.index -1
        return [this.activeFile, this.index]
    }

    get currentIndex() {
        return this.index
    }

    get activeFile() {
        return this.assets[this.index]
    }
}


const setup = (resultBody, assets) => {
    if (!assets.length) {
        resultBody.querySelector('.media').classList.add('hidden')
        return
    }

    const mediaViewer = new MediaViewer(assets)
    const container = resultBody.querySelector('.media-container')
    const leftArrow = resultBody.querySelector('.media-container__nav--left')
    const rightArrow = resultBody.querySelector('.media-container__nav--right')
    const mediaName = resultBody.querySelector('.media__name')
    const counter = resultBody.querySelector('.media__counter')
    const imageEl = resultBody.querySelector('img')
    const sourceEl = resultBody.querySelector('source')
    const videoEl = resultBody.querySelector('video')

    const setImg = (media, index) => {
        if (media?.format_type === 'image') {
            imageEl.src = media.path

            imageEl.classList.remove('hidden')
            videoEl.classList.add('hidden')
        } else if (media?.format_type === 'video') {
            sourceEl.src = media.path

            videoEl.classList.remove('hidden')
            imageEl.classList.add('hidden')
        }

        mediaName.innerText = media?.name
        counter.innerText = `${index + 1} / ${assets.length}`
    }
    setImg(mediaViewer.activeFile, mediaViewer.currentIndex)

    const moveLeft = () => {
        const [media, index] = mediaViewer.prevActive()
        setImg(media, index)
    }
    const doRight = () => {
        const [media, index] = mediaViewer.nextActive()
        setImg(media, index)
    }
    const openImg = () => {
        window.open(mediaViewer.activeFile.path, '_blank')
    }
    if (assets.length === 1) {
        container.classList.add('media-container--fullscreen')
    } else {
        leftArrow.addEventListener('click', moveLeft)
        rightArrow.addEventListener('click', doRight)
    }
    imageEl.addEventListener('click', openImg)
}

module.exports = {
    setup,
}

},{}],7:[function(require,module,exports){
const { manager } = require('./datamanager.js')
const storageModule = require('./storage.js')

const genericSort = (list, key, ascending, customOrder) => {
    let sorted
    if (customOrder) {
        sorted = list.sort((a, b) => {
            const aValue = a.result.toLowerCase()
            const bValue = b.result.toLowerCase()

            const aIndex = customOrder.findIndex((item) => item.toLowerCase() === aValue)
            const bIndex = customOrder.findIndex((item) => item.toLowerCase() === bValue)

            // Compare the indices to determine the sort order
            return aIndex - bIndex
        })
    } else {
        sorted = list.sort((a, b) => a[key] === b[key] ? 0 : a[key] > b[key] ? 1 : -1)
    }

    if (ascending) {
        sorted.reverse()
    }
    return sorted
}

const durationSort = (list, ascending) => {
    const parseDuration = (duration) => {
        if (duration.includes(':')) {
            // If it's in the format "HH:mm:ss"
            const [hours, minutes, seconds] = duration.split(':').map(Number)
            return (hours * 3600 + minutes * 60 + seconds) * 1000
        } else {
            // If it's in the format "nnn ms"
            return parseInt(duration)
        }
    }
    const sorted = list.sort((a, b) => parseDuration(a['duration']) - parseDuration(b['duration']))
    if (ascending) {
        sorted.reverse()
    }
    return sorted
}

const doInitSort = () => {
    const type = storageModule.getSort(manager.initialSort)
    const ascending = storageModule.getSortDirection()
    const list = manager.testSubset
    const initialOrder = ['Error', 'Failed', 'Rerun', 'XFailed', 'XPassed', 'Skipped', 'Passed']

    storageModule.setSort(type)
    storageModule.setSortDirection(ascending)

    if (type?.toLowerCase() === 'original') {
        manager.setRender(list)
    } else {
        let sortedList
        switch (type) {
        case 'duration':
            sortedList = durationSort(list, ascending)
            break
        case 'result':
            sortedList = genericSort(list, type, ascending, initialOrder)
            break
        default:
            sortedList = genericSort(list, type, ascending)
            break
        }
        manager.setRender(sortedList)
    }
}

const doSort = (type, skipDirection) => {
    const newSortType = storageModule.getSort(manager.initialSort) !== type
    const currentAsc = storageModule.getSortDirection()
    let ascending
    if (skipDirection) {
        ascending = currentAsc
    } else {
        ascending = newSortType ? false : !currentAsc
    }
    storageModule.setSort(type)
    storageModule.setSortDirection(ascending)

    const list = manager.testSubset
    const sortedList = type === 'duration' ? durationSort(list, ascending) : genericSort(list, type, ascending)
    manager.setRender(sortedList)
}

module.exports = {
    doInitSort,
    doSort,
}

},{"./datamanager.js":1,"./storage.js":8}],8:[function(require,module,exports){
const possibleFilters = [
    'passed',
    'skipped',
    'failed',
    'error',
    'xfailed',
    'xpassed',
    'rerun',
]

const getVisible = () => {
    const url = new URL(window.location.href)
    const settings = new URLSearchParams(url.search).get('visible')
    const lower = (item) => {
        const lowerItem = item.toLowerCase()
        if (possibleFilters.includes(lowerItem)) {
            return lowerItem
        }
        return null
    }
    return settings === null ?
        possibleFilters :
        [...new Set(settings?.split(',').map(lower).filter((item) => item))]
}

const hideCategory = (categoryToHide) => {
    const url = new URL(window.location.href)
    const visibleParams = new URLSearchParams(url.search).get('visible')
    const currentVisible = visibleParams ? visibleParams.split(',') : [...possibleFilters]
    const settings = [...new Set(currentVisible)].filter((f) => f !== categoryToHide).join(',')

    url.searchParams.set('visible', settings)
    window.history.pushState({}, null, unescape(url.href))
}

const showCategory = (categoryToShow) => {
    if (typeof window === 'undefined') {
        return
    }
    const url = new URL(window.location.href)
    const currentVisible = new URLSearchParams(url.search).get('visible')?.split(',').filter(Boolean) ||
        [...possibleFilters]
    const settings = [...new Set([categoryToShow, ...currentVisible])]
    const noFilter = possibleFilters.length === settings.length || !settings.length

    noFilter ? url.searchParams.delete('visible') : url.searchParams.set('visible', settings.join(','))
    window.history.pushState({}, null, unescape(url.href))
}

const getSort = (initialSort) => {
    const url = new URL(window.location.href)
    let sort = new URLSearchParams(url.search).get('sort')
    if (!sort) {
        sort = initialSort || 'result'
    }
    return sort
}

const setSort = (type) => {
    const url = new URL(window.location.href)
    url.searchParams.set('sort', type)
    window.history.pushState({}, null, unescape(url.href))
}

const getCollapsedCategory = (renderCollapsed) => {
    let categories
    if (typeof window !== 'undefined') {
        const url = new URL(window.location.href)
        const collapsedItems = new URLSearchParams(url.search).get('collapsed')
        switch (true) {
        case !renderCollapsed && collapsedItems === null:
            categories = ['passed']
            break
        case collapsedItems?.length === 0 || /^["']{2}$/.test(collapsedItems):
            categories = []
            break
        case /^all$/.test(collapsedItems) || collapsedItems === null && /^all$/.test(renderCollapsed):
            categories = [...possibleFilters]
            break
        default:
            categories = collapsedItems?.split(',').map((item) => item.toLowerCase()) || renderCollapsed
            break
        }
    } else {
        categories = []
    }
    return categories
}

const getSortDirection = () => JSON.parse(sessionStorage.getItem('sortAsc')) || false
const setSortDirection = (ascending) => sessionStorage.setItem('sortAsc', ascending)

const getCollapsedIds = () => JSON.parse(sessionStorage.getItem('collapsedIds')) || []
const setCollapsedIds = (list) => sessionStorage.setItem('collapsedIds', JSON.stringify(list))

module.exports = {
    getVisible,
    hideCategory,
    showCategory,
    getCollapsedIds,
    setCollapsedIds,
    getSort,
    setSort,
    getSortDirection,
    setSortDirection,
    getCollapsedCategory,
    possibleFilters,
}

},{}]},{},[4]);
    </script>
  </footer>
</html>