<!DOCTYPE html>
<html>
  <head>
    <meta charset="utf-8"/>
    <title id="head-title">smoke_test_report.html</title>
      <style type="text/css">body {
  font-family: Helvetica, Arial, sans-serif;
  font-size: 12px;
  /* do not increase min-width as some may use split screens */
  min-width: 800px;
  color: #999;
}

h1 {
  font-size: 24px;
  color: black;
}

h2 {
  font-size: 16px;
  color: black;
}

p {
  color: black;
}

a {
  color: #999;
}

table {
  border-collapse: collapse;
}

/******************************
 * SUMMARY INFORMATION
 ******************************/
#environment td {
  padding: 5px;
  border: 1px solid #e6e6e6;
  vertical-align: top;
}
#environment tr:nth-child(odd) {
  background-color: #f6f6f6;
}
#environment ul {
  margin: 0;
  padding: 0 20px;
}

/******************************
 * TEST RESULT COLORS
 ******************************/
span.passed,
.passed .col-result {
  color: green;
}

span.skipped,
span.xfailed,
span.rerun,
.skipped .col-result,
.xfailed .col-result,
.rerun .col-result {
  color: orange;
}

span.error,
span.failed,
span.xpassed,
.error .col-result,
.failed .col-result,
.xpassed .col-result {
  color: red;
}

.col-links__extra {
  margin-right: 3px;
}

/******************************
 * RESULTS TABLE
 *
 * 1. Table Layout
 * 2. Extra
 * 3. Sorting items
 *
 ******************************/
/*------------------
 * 1. Table Layout
 *------------------*/
#results-table {
  border: 1px solid #e6e6e6;
  color: #999;
  font-size: 12px;
  width: 100%;
}
#results-table th,
#results-table td {
  padding: 5px;
  border: 1px solid #e6e6e6;
  text-align: left;
}
#results-table th {
  font-weight: bold;
}

/*------------------
 * 2. Extra
 *------------------*/
.logwrapper {
  max-height: 230px;
  overflow-y: scroll;
  background-color: #e6e6e6;
}
.logwrapper.expanded {
  max-height: none;
}
.logwrapper.expanded .logexpander:after {
  content: "collapse [-]";
}
.logwrapper .logexpander {
  z-index: 1;
  position: sticky;
  top: 10px;
  width: max-content;
  border: 1px solid;
  border-radius: 3px;
  padding: 5px 7px;
  margin: 10px 0 10px calc(100% - 80px);
  cursor: pointer;
  background-color: #e6e6e6;
}
.logwrapper .logexpander:after {
  content: "expand [+]";
}
.logwrapper .logexpander:hover {
  color: #000;
  border-color: #000;
}
.logwrapper .log {
  min-height: 40px;
  position: relative;
  top: -50px;
  height: calc(100% + 50px);
  border: 1px solid #e6e6e6;
  color: black;
  display: block;
  font-family: "Courier New", Courier, monospace;
  padding: 5px;
  padding-right: 80px;
  white-space: pre-wrap;
}

div.media {
  border: 1px solid #e6e6e6;
  float: right;
  height: 240px;
  margin: 0 5px;
  overflow: hidden;
  width: 320px;
}

.media-container {
  display: grid;
  grid-template-columns: 25px auto 25px;
  align-items: center;
  flex: 1 1;
  overflow: hidden;
  height: 200px;
}

.media-container--fullscreen {
  grid-template-columns: 0px auto 0px;
}

.media-container__nav--right,
.media-container__nav--left {
  text-align: center;
  cursor: pointer;
}

.media-container__viewport {
  cursor: pointer;
  text-align: center;
  height: inherit;
}
.media-container__viewport img,
.media-container__viewport video {
  object-fit: cover;
  width: 100%;
  max-height: 100%;
}

.media__name,
.media__counter {
  display: flex;
  flex-direction: row;
  justify-content: space-around;
  flex: 0 0 25px;
  align-items: center;
}

.collapsible td:not(.col-links) {
  cursor: pointer;
}
.collapsible td:not(.col-links):hover::after {
  color: #bbb;
  font-style: italic;
  cursor: pointer;
}

.col-result {
  width: 130px;
}
.col-result:hover::after {
  content: " (hide details)";
}

.col-result.collapsed:hover::after {
  content: " (show details)";
}

#environment-header h2:hover::after {
  content: " (hide details)";
  color: #bbb;
  font-style: italic;
  cursor: pointer;
  font-size: 12px;
}

#environment-header.collapsed h2:hover::after {
  content: " (show details)";
  color: #bbb;
  font-style: italic;
  cursor: pointer;
  font-size: 12px;
}

/*------------------
 * 3. Sorting items
 *------------------*/
.sortable {
  cursor: pointer;
}
.sortable.desc:after {
  content: " ";
  position: relative;
  left: 5px;
  bottom: -12.5px;
  border: 10px solid #4caf50;
  border-bottom: 0;
  border-left-color: transparent;
  border-right-color: transparent;
}
.sortable.asc:after {
  content: " ";
  position: relative;
  left: 5px;
  bottom: 12.5px;
  border: 10px solid #4caf50;
  border-top: 0;
  border-left-color: transparent;
  border-right-color: transparent;
}

.hidden, .summary__reload__button.hidden {
  display: none;
}

.summary__data {
  flex: 0 0 550px;
}
.summary__reload {
  flex: 1 1;
  display: flex;
  justify-content: center;
}
.summary__reload__button {
  flex: 0 0 300px;
  display: flex;
  color: white;
  font-weight: bold;
  background-color: #4caf50;
  text-align: center;
  justify-content: center;
  align-items: center;
  border-radius: 3px;
  cursor: pointer;
}
.summary__reload__button:hover {
  background-color: #46a049;
}
.summary__spacer {
  flex: 0 0 550px;
}

.controls {
  display: flex;
  justify-content: space-between;
}

.filters,
.collapse {
  display: flex;
  align-items: center;
}
.filters button,
.collapse button {
  color: #999;
  border: none;
  background: none;
  cursor: pointer;
  text-decoration: underline;
}
.filters button:hover,
.collapse button:hover {
  color: #ccc;
}

.filter__label {
  margin-right: 10px;
}

      </style>
    
  </head>
  <body>
    <h1 id="title">smoke_test_report.html</h1>
    <p>Report generated on 28-Dec-2025 at 07:53:00 by <a href="https://pypi.python.org/pypi/pytest-html">pytest-html</a>
        v4.1.1</p>
    <div id="environment-header">
      <h2>Environment</h2>
    </div>
    <table id="environment"></table>
    <!-- TEMPLATES -->
      <template id="template_environment_row">
      <tr>
        <td></td>
        <td></td>
      </tr>
    </template>
    <template id="template_results-table__body--empty">
      <tbody class="results-table-row">
        <tr id="not-found-message">
          <td colspan="4">No results found. Check the filters.</th>
        </tr>
    </template>
    <template id="template_results-table__tbody">
      <tbody class="results-table-row">
        <tr class="collapsible">
        </tr>
        <tr class="extras-row">
          <td class="extra" colspan="4">
            <div class="extraHTML"></div>
            <div class="media">
              <div class="media-container">
                  <div class="media-container__nav--left"><</div>
                  <div class="media-container__viewport">
                    <img src="" />
                    <video controls>
                      <source src="" type="video/mp4">
                    </video>
                  </div>
                  <div class="media-container__nav--right">></div>
                </div>
                <div class="media__name"></div>
                <div class="media__counter"></div>
            </div>
            <div class="logwrapper">
              <div class="logexpander"></div>
              <div class="log"></div>
            </div>
          </td>
        </tr>
      </tbody>
    </template>
    <!-- END TEMPLATES -->
    <div class="summary">
      <div class="summary__data">
        <h2>Summary</h2>
        <div class="additional-summary prefix">
        </div>
        <p class="run-count">22 tests took 00:06:47.</p>
        <p class="filter">(Un)check the boxes to filter the results.</p>
        <div class="summary__reload">
          <div class="summary__reload__button hidden" onclick="location.reload()">
            <div>There are still tests running. <br />Reload this page to get the latest results!</div>
          </div>
        </div>
        <div class="summary__spacer"></div>
        <div class="controls">
          <div class="filters">
            <input checked="true" class="filter" name="filter_checkbox" type="checkbox" data-test-result="failed" />
            <span class="failed">2 Failed,</span>
            <input checked="true" class="filter" name="filter_checkbox" type="checkbox" data-test-result="passed" />
            <span class="passed">20 Passed,</span>
            <input checked="true" class="filter" name="filter_checkbox" type="checkbox" data-test-result="skipped" disabled/>
            <span class="skipped">0 Skipped,</span>
            <input checked="true" class="filter" name="filter_checkbox" type="checkbox" data-test-result="xfailed" disabled/>
            <span class="xfailed">0 Expected failures,</span>
            <input checked="true" class="filter" name="filter_checkbox" type="checkbox" data-test-result="xpassed" disabled/>
            <span class="xpassed">0 Unexpected passes,</span>
            <input checked="true" class="filter" name="filter_checkbox" type="checkbox" data-test-result="error" disabled/>
            <span class="error">0 Errors,</span>
            <input checked="true" class="filter" name="filter_checkbox" type="checkbox" data-test-result="rerun" disabled/>
            <span class="rerun">0 Reruns</span>
          </div>
          <div class="collapse">
            <button id="show_all_details">Show all details</button>&nbsp;/&nbsp;<button id="hide_all_details">Hide all details</button>
          </div>
        </div>
      </div>
      <div class="additional-summary summary">
      </div>
      <div class="additional-summary postfix">
      </div>
    </div>
    <table id="results-table">
      <thead id="results-table-head">
        <tr>
          <th class="sortable" data-column-type="result">Result</th>
          <th class="sortable" data-column-type="testId">Test</th>
          <th class="sortable" data-column-type="duration">Duration</th>
          <th>Links</th>
        </tr>
      </thead>
    </table>
  </body>
  <footer>
    <div id="data-container" data-jsonblob="{&#34;environment&#34;: {&#34;Python&#34;: &#34;3.10.19&#34;, &#34;Platform&#34;: &#34;Linux-6.11.0-1018-azure-x86_64-with-glibc2.39&#34;, &#34;Packages&#34;: {&#34;pytest&#34;: &#34;8.4.2&#34;, &#34;pluggy&#34;: &#34;1.6.0&#34;}, &#34;Plugins&#34;: {&#34;html&#34;: &#34;4.1.1&#34;, &#34;base-url&#34;: &#34;2.1.0&#34;, &#34;json-report&#34;: &#34;1.5.0&#34;, &#34;allure-pytest&#34;: &#34;2.15.0&#34;, &#34;playwright&#34;: &#34;0.7.1&#34;, &#34;metadata&#34;: &#34;3.1.1&#34;, &#34;dependency&#34;: &#34;0.6.0&#34;}, &#34;CI&#34;: &#34;true&#34;, &#34;BUILD_ID&#34;: &#34;#2025.12.28.0746&#34;, &#34;JAVA_HOME&#34;: &#34;/usr/lib/jvm/temurin-17-jdk-amd64&#34;, &#34;Base URL&#34;: &#34;&#34;}, &#34;tests&#34;: {&#34;src/tests/smoke_tests/test_auth_flow_smoke.py::TestAuthFlowSmoke::test_login_page_accessibility&#34;: [{&#34;extras&#34;: [{&#34;name&#34;: null, &#34;format_type&#34;: &#34;html&#34;, &#34;content&#34;: &#34;&lt;p&gt;&lt;a href=\&#34;logs/geo_travel_20251228_074612.log\&#34; download&gt;Download latest test log (geo_travel_20251228_074612.log)&lt;/a&gt;&lt;/p&gt;&#34;, &#34;mime_type&#34;: null, &#34;extension&#34;: null}, {&#34;name&#34;: null, &#34;format_type&#34;: &#34;html&#34;, &#34;content&#34;: &#34;&lt;details&gt;&lt;summary&gt;Latest log preview (geo_travel_20251228_074612.log)&lt;/summary&gt;&lt;pre style=&#39;white-space:pre-wrap;max-height:400px;overflow:auto&#39;&gt;ogger - INFO     - [logger.py:278] - Validating page content keywords...\n2025-12-28 07:46:32 - GeoTravelGlobalLogger - INFO     - [logger.py:278] - Page validation confidence: 100.0%\n2025-12-28 07:46:32 - GeoTravelGlobalLogger - INFO     - [logger.py:278] - Found keywords: [&amp;#x27;geo&amp;#x27;, &amp;#x27;travel&amp;#x27;, &amp;#x27;destination&amp;#x27;, &amp;#x27;book&amp;#x27;, &amp;#x27;tour&amp;#x27;, &amp;#x27;package&amp;#x27;, &amp;#x27;hotel&amp;#x27;, &amp;#x27;flight&amp;#x27;, &amp;#x27;vacation&amp;#x27;, &amp;#x27;adventure&amp;#x27;]\n2025-12-28 07:46:32 - GeoTravelGlobalLogger - INFO     - [logger.py:278] - Homepage validation passed! Confidence: 100.0%\n2025-12-28 07:46:32 - GeoTravelGlobalLogger - INFO     - [logger.py:278] - \ud83d\udd04 STEP 2: Navigating to login page\n2025-12-28 07:46:33 - GeoTravelGlobalLogger - INFO     - [logger.py:278] - Navigated to: https://retail.stg.gowithgeo.com/auth/login\n2025-12-28 07:46:33 - GeoTravelGlobalLogger - INFO     - [logger.py:278] - \ud83d\udd10 Navigated to login page\n2025-12-28 07:46:33 - GeoTravelGlobalLogger - INFO     - [logger.py:278] - \ud83d\udd04 STEP 3: Verifying login page loads\n2025-12-28 07:46:33 - GeoTravelGlobalLogger - INFO     - [logger.py:278] - \u23f3 Waiting for login page to load...\n2025-12-28 07:46:33 - GeoTravelGlobalLogger - INFO     - [logger.py:278] - Login page loaded successfully\n2025-12-28 07:46:33 - GeoTravelGlobalLogger - INFO     - [logger.py:278] - \ud83d\udd04 STEP 4: Verifying required elements on login page\n2025-12-28 07:46:33 - GeoTravelGlobalLogger - INFO     - [logger.py:278] - \ud83d\udd04 STEP 5: Verifying login page title and content\n2025-12-28 07:46:33 - GeoTravelGlobalLogger - INFO     - [logger.py:278] - SUCCESS: Login page accessibility test passed\n2025-12-28 07:46:33 - GeoTravelGlobalLogger - INFO     - [logger.py:278] - \ud83d\udd0d DEBUG: Test phase - call for src/tests/smoke_tests/test_auth_flow_smoke.py::TestAuthFlowSmoke::test_login_page_accessibility - Skipped: False\n2025-12-28 07:46:33 - GeoTravelGlobalLogger - INFO     - [logger.py:278] - \ud83d\udd0d CRITICAL DEBUG: test_path = /home/runner/work/geo-travel-automation/geo-travel-automation/src/tests/smoke_tests/test_auth_flow_smoke.py\n&lt;/pre&gt;&lt;/details&gt;&#34;, &#34;mime_type&#34;: null, &#34;extension&#34;: null}], &#34;result&#34;: &#34;Passed&#34;, &#34;testId&#34;: &#34;src/tests/smoke_tests/test_auth_flow_smoke.py::TestAuthFlowSmoke::test_login_page_accessibility&#34;, &#34;duration&#34;: &#34;00:00:19&#34;, &#34;resultsTableRow&#34;: [&#34;&lt;td class=\&#34;col-result\&#34;&gt;Passed&lt;/td&gt;&#34;, &#34;&lt;td class=\&#34;col-testId\&#34;&gt;src/tests/smoke_tests/test_auth_flow_smoke.py::TestAuthFlowSmoke::test_login_page_accessibility&lt;/td&gt;&#34;, &#34;&lt;td class=\&#34;col-duration\&#34;&gt;00:00:19&lt;/td&gt;&#34;, &#34;&lt;td class=\&#34;col-links\&#34;&gt;&lt;/td&gt;&#34;], &#34;log&#34;: &#34;---------------------------- Captured stdout setup -----------------------------\nStarting test: test_login_page_accessibility\n\n------------------------------ Captured log setup ------------------------------\nINFO     WDM:logger.py:11 ====== WebDriver manager ======\nINFO     WDM:logger.py:11 Get LATEST chromedriver version for google-chrome\nINFO     WDM:logger.py:11 Get LATEST chromedriver version for google-chrome\nINFO     WDM:logger.py:11 There is no [linux64] chromedriver &amp;quot;143.0.7499.169&amp;quot; for browser google-chrome &amp;quot;143.0.7499&amp;quot; in cache\nINFO     WDM:logger.py:11 Get LATEST chromedriver version for google-chrome\nINFO     WDM:logger.py:11 WebDriver version 143.0.7499.169 selected\nINFO     WDM:logger.py:11 Modern chrome version https://storage.googleapis.com/chrome-for-testing-public/143.0.7499.169/linux64/chromedriver-linux64.zip\nINFO     WDM:logger.py:11 About to download new driver from https://storage.googleapis.com/chrome-for-testing-public/143.0.7499.169/linux64/chromedriver-linux64.zip\nINFO     WDM:logger.py:11 Driver downloading response is 200\nINFO     WDM:logger.py:11 Get LATEST chromedriver version for google-chrome\nINFO     WDM:logger.py:11 Driver has been saved in cache [/home/runner/.wdm/drivers/chromedriver/linux64/143.0.7499.169]\n--------------------------- Captured stdout teardown ---------------------------\nFinal Status: PASS | Duration: 19.44s\n&#34;}], &#34;src/tests/smoke_tests/test_auth_flow_smoke.py::TestAuthFlowSmoke::test_successful_login_and_redirect&#34;: [{&#34;extras&#34;: [{&#34;name&#34;: null, &#34;format_type&#34;: &#34;html&#34;, &#34;content&#34;: &#34;&lt;p&gt;&lt;a href=\&#34;logs/geo_travel_20251228_074612.log\&#34; download&gt;Download latest test log (geo_travel_20251228_074612.log)&lt;/a&gt;&lt;/p&gt;&#34;, &#34;mime_type&#34;: null, &#34;extension&#34;: null}, {&#34;name&#34;: null, &#34;format_type&#34;: &#34;html&#34;, &#34;content&#34;: &#34;&lt;details&gt;&lt;summary&gt;Latest log preview (geo_travel_20251228_074612.log)&lt;/summary&gt;&lt;pre style=&#39;white-space:pre-wrap;max-height:400px;overflow:auto&#39;&gt; 07:46:35 - GeoTravelGlobalLogger - INFO     - [logger.py:278] - Login attempt completed\n2025-12-28 07:46:40 - GeoTravelGlobalLogger - INFO     - [logger.py:278] - \ud83d\udd0d Verifying login status...\n2025-12-28 07:46:40 - GeoTravelGlobalLogger - INFO     - [logger.py:278] - Getting current URL\n2025-12-28 07:46:40 - GeoTravelGlobalLogger - INFO     - [logger.py:278] - Redirected from login page: https://retail.stg.gowithgeo.com/dashboard/bookings/upcoming\n2025-12-28 07:46:40 - GeoTravelGlobalLogger - INFO     - [logger.py:278] - Checking for dashboard indicators...\n2025-12-28 07:46:40 - GeoTravelGlobalLogger - INFO     - [logger.py:278] - Looking for dashboard indicators...\n2025-12-28 07:46:40 - GeoTravelGlobalLogger - INFO     - [logger.py:278] -   Trying indicator 1: (&amp;#x27;tag name&amp;#x27;, &amp;#x27;h1&amp;#x27;)\n2025-12-28 07:46:40 - GeoTravelGlobalLogger - INFO     - [logger.py:278] - Dashboard found with indicator 1: (&amp;#x27;tag name&amp;#x27;, &amp;#x27;h1&amp;#x27;)\n2025-12-28 07:46:40 - GeoTravelGlobalLogger - INFO     - [logger.py:278] - SUCCESS: Login confirmed \u2013 Dashboard detected.\n2025-12-28 07:46:40 - GeoTravelGlobalLogger - INFO     - [logger.py:278] - \ud83d\udd04 STEP 3: Verifying user is redirected to dashboard\n2025-12-28 07:46:40 - GeoTravelGlobalLogger - WARNING  - [logger.py:293] - No dashboard UI elements found, falling back to text check\n2025-12-28 07:46:40 - GeoTravelGlobalLogger - INFO     - [logger.py:278] - User is on bookings dashboard (text-based check)\n2025-12-28 07:46:40 - GeoTravelGlobalLogger - INFO     - [logger.py:278] - SUCCESS: Successful login &amp;amp; redirect test passed\n2025-12-28 07:46:40 - GeoTravelGlobalLogger - INFO     - [logger.py:278] - \ud83d\udd0d DEBUG: Test phase - call for src/tests/smoke_tests/test_auth_flow_smoke.py::TestAuthFlowSmoke::test_successful_login_and_redirect - Skipped: False\n2025-12-28 07:46:40 - GeoTravelGlobalLogger - INFO     - [logger.py:278] - \ud83d\udd0d CRITICAL DEBUG: test_path = /home/runner/work/geo-travel-automation/geo-travel-automation/src/tests/smoke_tests/test_auth_flow_smoke.py\n&lt;/pre&gt;&lt;/details&gt;&#34;, &#34;mime_type&#34;: null, &#34;extension&#34;: null}], &#34;result&#34;: &#34;Passed&#34;, &#34;testId&#34;: &#34;src/tests/smoke_tests/test_auth_flow_smoke.py::TestAuthFlowSmoke::test_successful_login_and_redirect&#34;, &#34;duration&#34;: &#34;00:00:07&#34;, &#34;resultsTableRow&#34;: [&#34;&lt;td class=\&#34;col-result\&#34;&gt;Passed&lt;/td&gt;&#34;, &#34;&lt;td class=\&#34;col-testId\&#34;&gt;src/tests/smoke_tests/test_auth_flow_smoke.py::TestAuthFlowSmoke::test_successful_login_and_redirect&lt;/td&gt;&#34;, &#34;&lt;td class=\&#34;col-duration\&#34;&gt;00:00:07&lt;/td&gt;&#34;, &#34;&lt;td class=\&#34;col-links\&#34;&gt;&lt;/td&gt;&#34;], &#34;log&#34;: &#34;---------------------------- Captured stdout setup -----------------------------\nStarting test: test_successful_login_and_redirect\n\n------------------------------ Captured log setup ------------------------------\nINFO     WDM:logger.py:11 ====== WebDriver manager ======\nINFO     WDM:logger.py:11 Get LATEST chromedriver version for google-chrome\nINFO     WDM:logger.py:11 Get LATEST chromedriver version for google-chrome\nINFO     WDM:logger.py:11 Driver [/home/runner/.wdm/drivers/chromedriver/linux64/143.0.7499.169/chromedriver-linux64/chromedriver] found in cache\n--------------------------- Captured stdout teardown ---------------------------\nFinal Status: PASS | Duration: 7.37s\n&#34;}], &#34;src/tests/smoke_tests/test_auth_flow_smoke.py::TestAuthFlowSmoke::test_failed_login_with_error_message&#34;: [{&#34;extras&#34;: [{&#34;name&#34;: null, &#34;format_type&#34;: &#34;html&#34;, &#34;content&#34;: &#34;&lt;p&gt;&lt;a href=\&#34;logs/geo_travel_20251228_074612.log\&#34; download&gt;Download latest test log (geo_travel_20251228_074612.log)&lt;/a&gt;&lt;/p&gt;&#34;, &#34;mime_type&#34;: null, &#34;extension&#34;: null}, {&#34;name&#34;: null, &#34;format_type&#34;: &#34;html&#34;, &#34;content&#34;: &#34;&lt;details&gt;&lt;summary&gt;Latest log preview (geo_travel_20251228_074612.log)&lt;/summary&gt;&lt;pre style=&#39;white-space:pre-wrap;max-height:400px;overflow:auto&#39;&gt; - [logger.py:278] - \ud83d\udd04 STEP 1: Navigating to login page\n2025-12-28 07:46:41 - GeoTravelGlobalLogger - INFO     - [logger.py:278] - Navigated to: https://retail.stg.gowithgeo.com/auth/login\n2025-12-28 07:46:41 - GeoTravelGlobalLogger - INFO     - [logger.py:278] - \ud83d\udd10 Navigated to login page\n2025-12-28 07:46:41 - GeoTravelGlobalLogger - INFO     - [logger.py:278] - \u23f3 Waiting for login page to load...\n2025-12-28 07:46:41 - GeoTravelGlobalLogger - INFO     - [logger.py:278] - Login page loaded successfully\n2025-12-28 07:46:41 - GeoTravelGlobalLogger - INFO     - [logger.py:278] - \ud83d\udd04 STEP 2: Attempting login with invalid credentials\n2025-12-28 07:46:41 - GeoTravelGlobalLogger - INFO     - [logger.py:278] - Attempting login for user: invalid_user@example.com\n2025-12-28 07:46:42 - GeoTravelGlobalLogger - INFO     - [logger.py:278] - Login attempt completed\n2025-12-28 07:46:47 - GeoTravelGlobalLogger - INFO     - [logger.py:278] - \ud83d\udd0d Verifying login status...\n2025-12-28 07:46:47 - GeoTravelGlobalLogger - INFO     - [logger.py:278] - Getting current URL\n2025-12-28 07:46:53 - GeoTravelGlobalLogger - WARNING  - [logger.py:293] - Still on login page, but no error message detected.\n2025-12-28 07:46:53 - GeoTravelGlobalLogger - INFO     - [logger.py:278] - \ud83d\udd04 STEP 3: Fetching error message from toast\n2025-12-28 07:47:04 - GeoTravelGlobalLogger - INFO     - [logger.py:278] - Getting current URL\n2025-12-28 07:47:04 - GeoTravelGlobalLogger - INFO     - [logger.py:278] - SUCCESS: Failed login confirmed \u2014 user remained on login page\n2025-12-28 07:47:04 - GeoTravelGlobalLogger - INFO     - [logger.py:278] - \ud83d\udd0d DEBUG: Test phase - call for src/tests/smoke_tests/test_auth_flow_smoke.py::TestAuthFlowSmoke::test_failed_login_with_error_message - Skipped: False\n2025-12-28 07:47:04 - GeoTravelGlobalLogger - INFO     - [logger.py:278] - \ud83d\udd0d CRITICAL DEBUG: test_path = /home/runner/work/geo-travel-automation/geo-travel-automation/src/tests/smoke_tests/test_auth_flow_smoke.py\n&lt;/pre&gt;&lt;/details&gt;&#34;, &#34;mime_type&#34;: null, &#34;extension&#34;: null}], &#34;result&#34;: &#34;Passed&#34;, &#34;testId&#34;: &#34;src/tests/smoke_tests/test_auth_flow_smoke.py::TestAuthFlowSmoke::test_failed_login_with_error_message&#34;, &#34;duration&#34;: &#34;00:00:24&#34;, &#34;resultsTableRow&#34;: [&#34;&lt;td class=\&#34;col-result\&#34;&gt;Passed&lt;/td&gt;&#34;, &#34;&lt;td class=\&#34;col-testId\&#34;&gt;src/tests/smoke_tests/test_auth_flow_smoke.py::TestAuthFlowSmoke::test_failed_login_with_error_message&lt;/td&gt;&#34;, &#34;&lt;td class=\&#34;col-duration\&#34;&gt;00:00:24&lt;/td&gt;&#34;, &#34;&lt;td class=\&#34;col-links\&#34;&gt;&lt;/td&gt;&#34;], &#34;log&#34;: &#34;---------------------------- Captured stdout setup -----------------------------\nStarting test: test_failed_login_with_error_message\n\n------------------------------ Captured log setup ------------------------------\nINFO     WDM:logger.py:11 ====== WebDriver manager ======\nINFO     WDM:logger.py:11 Get LATEST chromedriver version for google-chrome\nINFO     WDM:logger.py:11 Get LATEST chromedriver version for google-chrome\nINFO     WDM:logger.py:11 Driver [/home/runner/.wdm/drivers/chromedriver/linux64/143.0.7499.169/chromedriver-linux64/chromedriver] found in cache\n--------------------------- Captured stdout teardown ---------------------------\nFinal Status: PASS | Duration: 23.52s\n&#34;}], &#34;src/tests/smoke_tests/test_auth_flow_smoke.py::TestAuthFlowSmoke::test_logout_functionality&#34;: [{&#34;extras&#34;: [{&#34;name&#34;: null, &#34;format_type&#34;: &#34;html&#34;, &#34;content&#34;: &#34;&lt;p&gt;&lt;a href=\&#34;logs/geo_travel_20251228_074612.log\&#34; download&gt;Download latest test log (geo_travel_20251228_074612.log)&lt;/a&gt;&lt;/p&gt;&#34;, &#34;mime_type&#34;: null, &#34;extension&#34;: null}, {&#34;name&#34;: null, &#34;format_type&#34;: &#34;html&#34;, &#34;content&#34;: &#34;&lt;details&gt;&lt;summary&gt;Latest log preview (geo_travel_20251228_074612.log)&lt;/summary&gt;&lt;pre style=&#39;white-space:pre-wrap;max-height:400px;overflow:auto&#39;&gt; - INFO     - [logger.py:278] - Dashboard found with indicator 1: (&amp;#x27;tag name&amp;#x27;, &amp;#x27;h1&amp;#x27;)\n2025-12-28 07:47:11 - GeoTravelGlobalLogger - INFO     - [logger.py:278] - SUCCESS: Login confirmed \u2013 Dashboard detected.\n2025-12-28 07:47:11 - GeoTravelGlobalLogger - INFO     - [logger.py:278] - \ud83d\udd04 STEP 2: Verifying user is on dashboard after login\n2025-12-28 07:47:11 - GeoTravelGlobalLogger - WARNING  - [logger.py:293] - No dashboard UI elements found, falling back to text check\n2025-12-28 07:47:11 - GeoTravelGlobalLogger - INFO     - [logger.py:278] - User is on bookings dashboard (text-based check)\n2025-12-28 07:47:11 - GeoTravelGlobalLogger - INFO     - [logger.py:278] - \ud83d\udd04 STEP 3: Performing logout\n2025-12-28 07:47:11 - GeoTravelGlobalLogger - INFO     - [logger.py:278] - Attempting logout...\n2025-12-28 07:47:11 - GeoTravelGlobalLogger - WARNING  - [logger.py:293] - No dashboard UI elements found, falling back to text check\n2025-12-28 07:47:11 - GeoTravelGlobalLogger - INFO     - [logger.py:278] - User is on bookings dashboard (text-based check)\n2025-12-28 07:47:17 - GeoTravelGlobalLogger - INFO     - [logger.py:278] - Clicked logout via normal click: (&amp;#x27;xpath&amp;#x27;, &amp;quot;//button[.//*[contains(@class, &amp;#x27;lucide-log-out&amp;#x27;)]]&amp;quot;)\n2025-12-28 07:47:20 - GeoTravelGlobalLogger - INFO     - [logger.py:278] - Getting current URL\n2025-12-28 07:47:20 - GeoTravelGlobalLogger - INFO     - [logger.py:278] - SUCCESS: Successfully logged out and redirected.\n2025-12-28 07:47:20 - GeoTravelGlobalLogger - INFO     - [logger.py:278] - SUCCESS: Logout functionality test passed\n2025-12-28 07:47:20 - GeoTravelGlobalLogger - INFO     - [logger.py:278] - \ud83d\udd0d DEBUG: Test phase - call for src/tests/smoke_tests/test_auth_flow_smoke.py::TestAuthFlowSmoke::test_logout_functionality - Skipped: False\n2025-12-28 07:47:20 - GeoTravelGlobalLogger - INFO     - [logger.py:278] - \ud83d\udd0d CRITICAL DEBUG: test_path = /home/runner/work/geo-travel-automation/geo-travel-automation/src/tests/smoke_tests/test_auth_flow_smoke.py\n&lt;/pre&gt;&lt;/details&gt;&#34;, &#34;mime_type&#34;: null, &#34;extension&#34;: null}], &#34;result&#34;: &#34;Passed&#34;, &#34;testId&#34;: &#34;src/tests/smoke_tests/test_auth_flow_smoke.py::TestAuthFlowSmoke::test_logout_functionality&#34;, &#34;duration&#34;: &#34;00:00:16&#34;, &#34;resultsTableRow&#34;: [&#34;&lt;td class=\&#34;col-result\&#34;&gt;Passed&lt;/td&gt;&#34;, &#34;&lt;td class=\&#34;col-testId\&#34;&gt;src/tests/smoke_tests/test_auth_flow_smoke.py::TestAuthFlowSmoke::test_logout_functionality&lt;/td&gt;&#34;, &#34;&lt;td class=\&#34;col-duration\&#34;&gt;00:00:16&lt;/td&gt;&#34;, &#34;&lt;td class=\&#34;col-links\&#34;&gt;&lt;/td&gt;&#34;], &#34;log&#34;: &#34;---------------------------- Captured stdout setup -----------------------------\nStarting test: test_logout_functionality\n\n------------------------------ Captured log setup ------------------------------\nINFO     WDM:logger.py:11 ====== WebDriver manager ======\nINFO     WDM:logger.py:11 Get LATEST chromedriver version for google-chrome\nINFO     WDM:logger.py:11 Get LATEST chromedriver version for google-chrome\nINFO     WDM:logger.py:11 Driver [/home/runner/.wdm/drivers/chromedriver/linux64/143.0.7499.169/chromedriver-linux64/chromedriver] found in cache\n--------------------------- Captured stdout teardown ---------------------------\nFinal Status: PASS | Duration: 15.89s\n&#34;}], &#34;src/tests/smoke_tests/test_flight_booking_smoke.py::TestFlightBookingSmoke::test_homepage_loads_successfully&#34;: [{&#34;extras&#34;: [{&#34;name&#34;: null, &#34;format_type&#34;: &#34;html&#34;, &#34;content&#34;: &#34;&lt;p&gt;&lt;a href=\&#34;logs/geo_travel_20251228_074612.log\&#34; download&gt;Download latest test log (geo_travel_20251228_074612.log)&lt;/a&gt;&lt;/p&gt;&#34;, &#34;mime_type&#34;: null, &#34;extension&#34;: null}, {&#34;name&#34;: null, &#34;format_type&#34;: &#34;html&#34;, &#34;content&#34;: &#34;&lt;details&gt;&lt;summary&gt;Latest log preview (geo_travel_20251228_074612.log)&lt;/summary&gt;&lt;pre style=&#39;white-space:pre-wrap;max-height:400px;overflow:auto&#39;&gt;FO     - [logger.py:278] - Warm-up page opened successfully.\n2025-12-28 07:47:27 - GeoTravelGlobalLogger - INFO     - [logger.py:278] - \ud83c\udfe0 Waiting for homepage to load (max retries: 3)\n2025-12-28 07:47:27 - GeoTravelGlobalLogger - INFO     - [logger.py:278] - Attempt 1/3\n2025-12-28 07:47:27 - GeoTravelGlobalLogger - INFO     - [logger.py:278] - Page body loaded\n2025-12-28 07:47:27 - GeoTravelGlobalLogger - INFO     - [logger.py:278] - Validating Geo Travel page...\n2025-12-28 07:47:27 - GeoTravelGlobalLogger - INFO     - [logger.py:278] - Validating page HTML structure...\n2025-12-28 07:47:27 - GeoTravelGlobalLogger - INFO     - [logger.py:278] - Validating page content keywords...\n2025-12-28 07:47:27 - GeoTravelGlobalLogger - INFO     - [logger.py:278] - Page validation confidence: 100.0%\n2025-12-28 07:47:27 - GeoTravelGlobalLogger - INFO     - [logger.py:278] - Found keywords: [&amp;#x27;geo&amp;#x27;, &amp;#x27;travel&amp;#x27;, &amp;#x27;destination&amp;#x27;, &amp;#x27;book&amp;#x27;, &amp;#x27;tour&amp;#x27;, &amp;#x27;package&amp;#x27;, &amp;#x27;hotel&amp;#x27;, &amp;#x27;flight&amp;#x27;, &amp;#x27;vacation&amp;#x27;, &amp;#x27;adventure&amp;#x27;]\n2025-12-28 07:47:27 - GeoTravelGlobalLogger - INFO     - [logger.py:278] - Homepage validation passed! Confidence: 100.0%\n2025-12-28 07:47:27 - GeoTravelGlobalLogger - INFO     - [logger.py:278] - \ud83d\udd04 STEP 2: Verifying page title\n2025-12-28 07:47:27 - GeoTravelGlobalLogger - INFO     - [logger.py:278] - \ud83d\udd04 STEP 3: Checking current URL\n2025-12-28 07:47:27 - GeoTravelGlobalLogger - INFO     - [logger.py:278] - Getting current URL\n2025-12-28 07:47:27 - GeoTravelGlobalLogger - INFO     - [logger.py:278] - SUCCESS: Homepage loaded successfully\n2025-12-28 07:47:27 - GeoTravelGlobalLogger - INFO     - [logger.py:278] - \ud83d\udd0d DEBUG: Test phase - call for src/tests/smoke_tests/test_flight_booking_smoke.py::TestFlightBookingSmoke::test_homepage_loads_successfully - Skipped: False\n2025-12-28 07:47:27 - GeoTravelGlobalLogger - INFO     - [logger.py:278] - \ud83d\udd0d CRITICAL DEBUG: test_path = /home/runner/work/geo-travel-automation/geo-travel-automation/src/tests/smoke_tests/test_flight_booking_smoke.py\n&lt;/pre&gt;&lt;/details&gt;&#34;, &#34;mime_type&#34;: null, &#34;extension&#34;: null}], &#34;result&#34;: &#34;Passed&#34;, &#34;testId&#34;: &#34;src/tests/smoke_tests/test_flight_booking_smoke.py::TestFlightBookingSmoke::test_homepage_loads_successfully&#34;, &#34;duration&#34;: &#34;00:00:07&#34;, &#34;resultsTableRow&#34;: [&#34;&lt;td class=\&#34;col-result\&#34;&gt;Passed&lt;/td&gt;&#34;, &#34;&lt;td class=\&#34;col-testId\&#34;&gt;src/tests/smoke_tests/test_flight_booking_smoke.py::TestFlightBookingSmoke::test_homepage_loads_successfully&lt;/td&gt;&#34;, &#34;&lt;td class=\&#34;col-duration\&#34;&gt;00:00:07&lt;/td&gt;&#34;, &#34;&lt;td class=\&#34;col-links\&#34;&gt;&lt;/td&gt;&#34;], &#34;log&#34;: &#34;---------------------------- Captured stdout setup -----------------------------\nStarting test: test_homepage_loads_successfully\n\n------------------------------ Captured log setup ------------------------------\nINFO     WDM:logger.py:11 ====== WebDriver manager ======\nINFO     WDM:logger.py:11 Get LATEST chromedriver version for google-chrome\nINFO     WDM:logger.py:11 Get LATEST chromedriver version for google-chrome\nINFO     WDM:logger.py:11 Driver [/home/runner/.wdm/drivers/chromedriver/linux64/143.0.7499.169/chromedriver-linux64/chromedriver] found in cache\n--------------------------- Captured stdout teardown ---------------------------\nFinal Status: PASS | Duration: 7.30s\n&#34;}], &#34;src/tests/smoke_tests/test_flight_booking_smoke.py::TestFlightBookingSmoke::test_flight_search_form_visible&#34;: [{&#34;extras&#34;: [{&#34;name&#34;: null, &#34;format_type&#34;: &#34;html&#34;, &#34;content&#34;: &#34;&lt;p&gt;&lt;a href=\&#34;logs/geo_travel_20251228_074612.log\&#34; download&gt;Download latest test log (geo_travel_20251228_074612.log)&lt;/a&gt;&lt;/p&gt;&#34;, &#34;mime_type&#34;: null, &#34;extension&#34;: null}, {&#34;name&#34;: null, &#34;format_type&#34;: &#34;html&#34;, &#34;content&#34;: &#34;&lt;details&gt;&lt;summary&gt;Latest log preview (geo_travel_20251228_074612.log)&lt;/summary&gt;&lt;pre style=&#39;white-space:pre-wrap;max-height:400px;overflow:auto&#39;&gt;ttps://retail.stg.gowithgeo.com/\n2025-12-28 07:47:29 - GeoTravelGlobalLogger - INFO     - [logger.py:278] - Warm-up page opened successfully.\n2025-12-28 07:47:34 - GeoTravelGlobalLogger - INFO     - [logger.py:278] - \ud83c\udfe0 Waiting for homepage to load (max retries: 3)\n2025-12-28 07:47:34 - GeoTravelGlobalLogger - INFO     - [logger.py:278] - Attempt 1/3\n2025-12-28 07:47:34 - GeoTravelGlobalLogger - INFO     - [logger.py:278] - Page body loaded\n2025-12-28 07:47:34 - GeoTravelGlobalLogger - INFO     - [logger.py:278] - Validating Geo Travel page...\n2025-12-28 07:47:34 - GeoTravelGlobalLogger - INFO     - [logger.py:278] - Validating page HTML structure...\n2025-12-28 07:47:34 - GeoTravelGlobalLogger - INFO     - [logger.py:278] - Validating page content keywords...\n2025-12-28 07:47:34 - GeoTravelGlobalLogger - INFO     - [logger.py:278] - Page validation confidence: 100.0%\n2025-12-28 07:47:34 - GeoTravelGlobalLogger - INFO     - [logger.py:278] - Found keywords: [&amp;#x27;geo&amp;#x27;, &amp;#x27;travel&amp;#x27;, &amp;#x27;destination&amp;#x27;, &amp;#x27;book&amp;#x27;, &amp;#x27;tour&amp;#x27;, &amp;#x27;package&amp;#x27;, &amp;#x27;hotel&amp;#x27;, &amp;#x27;flight&amp;#x27;, &amp;#x27;vacation&amp;#x27;, &amp;#x27;adventure&amp;#x27;]\n2025-12-28 07:47:34 - GeoTravelGlobalLogger - INFO     - [logger.py:278] - Homepage validation passed! Confidence: 100.0%\n2025-12-28 07:47:34 - GeoTravelGlobalLogger - INFO     - [logger.py:278] - \ud83d\udd04 STEP 2: Checking flight search form visibility\n2025-12-28 07:47:34 - GeoTravelGlobalLogger - INFO     - [logger.py:278] - Flight search form is visible\n2025-12-28 07:47:34 - GeoTravelGlobalLogger - INFO     - [logger.py:278] - SUCCESS: Flight search form is visible\n2025-12-28 07:47:34 - GeoTravelGlobalLogger - INFO     - [logger.py:278] - \ud83d\udd0d DEBUG: Test phase - call for src/tests/smoke_tests/test_flight_booking_smoke.py::TestFlightBookingSmoke::test_flight_search_form_visible - Skipped: False\n2025-12-28 07:47:34 - GeoTravelGlobalLogger - INFO     - [logger.py:278] - \ud83d\udd0d CRITICAL DEBUG: test_path = /home/runner/work/geo-travel-automation/geo-travel-automation/src/tests/smoke_tests/test_flight_booking_smoke.py\n&lt;/pre&gt;&lt;/details&gt;&#34;, &#34;mime_type&#34;: null, &#34;extension&#34;: null}], &#34;result&#34;: &#34;Passed&#34;, &#34;testId&#34;: &#34;src/tests/smoke_tests/test_flight_booking_smoke.py::TestFlightBookingSmoke::test_flight_search_form_visible&#34;, &#34;duration&#34;: &#34;00:00:07&#34;, &#34;resultsTableRow&#34;: [&#34;&lt;td class=\&#34;col-result\&#34;&gt;Passed&lt;/td&gt;&#34;, &#34;&lt;td class=\&#34;col-testId\&#34;&gt;src/tests/smoke_tests/test_flight_booking_smoke.py::TestFlightBookingSmoke::test_flight_search_form_visible&lt;/td&gt;&#34;, &#34;&lt;td class=\&#34;col-duration\&#34;&gt;00:00:07&lt;/td&gt;&#34;, &#34;&lt;td class=\&#34;col-links\&#34;&gt;&lt;/td&gt;&#34;], &#34;log&#34;: &#34;---------------------------- Captured stdout setup -----------------------------\nStarting test: test_flight_search_form_visible\n\n------------------------------ Captured log setup ------------------------------\nINFO     WDM:logger.py:11 ====== WebDriver manager ======\nINFO     WDM:logger.py:11 Get LATEST chromedriver version for google-chrome\nINFO     WDM:logger.py:11 Get LATEST chromedriver version for google-chrome\nINFO     WDM:logger.py:11 Driver [/home/runner/.wdm/drivers/chromedriver/linux64/143.0.7499.169/chromedriver-linux64/chromedriver] found in cache\n--------------------------- Captured stdout teardown ---------------------------\nFinal Status: PASS | Duration: 7.32s\n&#34;}], &#34;src/tests/smoke_tests/test_flight_booking_smoke.py::TestFlightBookingSmoke::test_error_handling&#34;: [{&#34;extras&#34;: [{&#34;name&#34;: null, &#34;format_type&#34;: &#34;html&#34;, &#34;content&#34;: &#34;&lt;p&gt;&lt;a href=\&#34;logs/geo_travel_20251228_074612.log\&#34; download&gt;Download latest test log (geo_travel_20251228_074612.log)&lt;/a&gt;&lt;/p&gt;&#34;, &#34;mime_type&#34;: null, &#34;extension&#34;: null}, {&#34;name&#34;: null, &#34;format_type&#34;: &#34;html&#34;, &#34;content&#34;: &#34;&lt;details&gt;&lt;summary&gt;Latest log preview (geo_travel_20251228_074612.log)&lt;/summary&gt;&lt;pre style=&#39;white-space:pre-wrap;max-height:400px;overflow:auto&#39;&gt;stg.gowithgeo.com/\n2025-12-28 07:47:36 - GeoTravelGlobalLogger - INFO     - [logger.py:278] - Warm-up page opened successfully.\n2025-12-28 07:47:41 - GeoTravelGlobalLogger - INFO     - [logger.py:278] - \ud83c\udfe0 Waiting for homepage to load (max retries: 3)\n2025-12-28 07:47:41 - GeoTravelGlobalLogger - INFO     - [logger.py:278] - Attempt 1/3\n2025-12-28 07:47:41 - GeoTravelGlobalLogger - INFO     - [logger.py:278] - Page body loaded\n2025-12-28 07:47:41 - GeoTravelGlobalLogger - INFO     - [logger.py:278] - Validating Geo Travel page...\n2025-12-28 07:47:41 - GeoTravelGlobalLogger - INFO     - [logger.py:278] - Validating page HTML structure...\n2025-12-28 07:47:41 - GeoTravelGlobalLogger - INFO     - [logger.py:278] - Validating page content keywords...\n2025-12-28 07:47:42 - GeoTravelGlobalLogger - INFO     - [logger.py:278] - Page validation confidence: 100.0%\n2025-12-28 07:47:42 - GeoTravelGlobalLogger - INFO     - [logger.py:278] - Found keywords: [&amp;#x27;geo&amp;#x27;, &amp;#x27;travel&amp;#x27;, &amp;#x27;destination&amp;#x27;, &amp;#x27;book&amp;#x27;, &amp;#x27;tour&amp;#x27;, &amp;#x27;package&amp;#x27;, &amp;#x27;hotel&amp;#x27;, &amp;#x27;flight&amp;#x27;, &amp;#x27;vacation&amp;#x27;, &amp;#x27;adventure&amp;#x27;]\n2025-12-28 07:47:42 - GeoTravelGlobalLogger - INFO     - [logger.py:278] - Homepage validation passed! Confidence: 100.0%\n2025-12-28 07:47:42 - GeoTravelGlobalLogger - INFO     - [logger.py:278] - \ud83d\udd04 STEP 2: Testing error handling with non-existent elements\n2025-12-28 07:47:52 - GeoTravelGlobalLogger - INFO     - [logger.py:278] - \ud83d\udd04 STEP 3: Verifying error handling works\n2025-12-28 07:47:52 - GeoTravelGlobalLogger - INFO     - [logger.py:278] - SUCCESS: Error handling works correctly\n2025-12-28 07:47:52 - GeoTravelGlobalLogger - INFO     - [logger.py:278] - \ud83d\udd0d DEBUG: Test phase - call for src/tests/smoke_tests/test_flight_booking_smoke.py::TestFlightBookingSmoke::test_error_handling - Skipped: False\n2025-12-28 07:47:52 - GeoTravelGlobalLogger - INFO     - [logger.py:278] - \ud83d\udd0d CRITICAL DEBUG: test_path = /home/runner/work/geo-travel-automation/geo-travel-automation/src/tests/smoke_tests/test_flight_booking_smoke.py\n&lt;/pre&gt;&lt;/details&gt;&#34;, &#34;mime_type&#34;: null, &#34;extension&#34;: null}], &#34;result&#34;: &#34;Passed&#34;, &#34;testId&#34;: &#34;src/tests/smoke_tests/test_flight_booking_smoke.py::TestFlightBookingSmoke::test_error_handling&#34;, &#34;duration&#34;: &#34;00:00:17&#34;, &#34;resultsTableRow&#34;: [&#34;&lt;td class=\&#34;col-result\&#34;&gt;Passed&lt;/td&gt;&#34;, &#34;&lt;td class=\&#34;col-testId\&#34;&gt;src/tests/smoke_tests/test_flight_booking_smoke.py::TestFlightBookingSmoke::test_error_handling&lt;/td&gt;&#34;, &#34;&lt;td class=\&#34;col-duration\&#34;&gt;00:00:17&lt;/td&gt;&#34;, &#34;&lt;td class=\&#34;col-links\&#34;&gt;&lt;/td&gt;&#34;], &#34;log&#34;: &#34;---------------------------- Captured stdout setup -----------------------------\nStarting test: test_error_handling\n\n------------------------------ Captured log setup ------------------------------\nINFO     WDM:logger.py:11 ====== WebDriver manager ======\nINFO     WDM:logger.py:11 Get LATEST chromedriver version for google-chrome\nINFO     WDM:logger.py:11 Get LATEST chromedriver version for google-chrome\nINFO     WDM:logger.py:11 Driver [/home/runner/.wdm/drivers/chromedriver/linux64/143.0.7499.169/chromedriver-linux64/chromedriver] found in cache\n--------------------------- Captured stdout teardown ---------------------------\nFinal Status: PASS | Duration: 17.40s\n&#34;}], &#34;src/tests/smoke_tests/test_homepage_smoke.py::TestHomePageSmoke::test_homepage_loads_successfully&#34;: [{&#34;extras&#34;: [{&#34;name&#34;: null, &#34;format_type&#34;: &#34;html&#34;, &#34;content&#34;: &#34;&lt;p&gt;&lt;a href=\&#34;logs/geo_travel_20251228_074612.log\&#34; download&gt;Download latest test log (geo_travel_20251228_074612.log)&lt;/a&gt;&lt;/p&gt;&#34;, &#34;mime_type&#34;: null, &#34;extension&#34;: null}, {&#34;name&#34;: null, &#34;format_type&#34;: &#34;html&#34;, &#34;content&#34;: &#34;&lt;details&gt;&lt;summary&gt;Latest log preview (geo_travel_20251228_074612.log)&lt;/summary&gt;&lt;pre style=&#39;white-space:pre-wrap;max-height:400px;overflow:auto&#39;&gt;logger.py:278] - Navigated to: https://retail.stg.gowithgeo.com/\n2025-12-28 07:47:54 - GeoTravelGlobalLogger - INFO     - [logger.py:278] - Warm-up page opened successfully.\n2025-12-28 07:47:59 - GeoTravelGlobalLogger - INFO     - [logger.py:278] - \ud83c\udfe0 Waiting for homepage to load (max retries: 3)\n2025-12-28 07:47:59 - GeoTravelGlobalLogger - INFO     - [logger.py:278] - Attempt 1/3\n2025-12-28 07:47:59 - GeoTravelGlobalLogger - INFO     - [logger.py:278] - Page body loaded\n2025-12-28 07:47:59 - GeoTravelGlobalLogger - INFO     - [logger.py:278] - Validating Geo Travel page...\n2025-12-28 07:47:59 - GeoTravelGlobalLogger - INFO     - [logger.py:278] - Validating page HTML structure...\n2025-12-28 07:47:59 - GeoTravelGlobalLogger - INFO     - [logger.py:278] - Validating page content keywords...\n2025-12-28 07:47:59 - GeoTravelGlobalLogger - INFO     - [logger.py:278] - Page validation confidence: 100.0%\n2025-12-28 07:47:59 - GeoTravelGlobalLogger - INFO     - [logger.py:278] - Found keywords: [&amp;#x27;geo&amp;#x27;, &amp;#x27;travel&amp;#x27;, &amp;#x27;destination&amp;#x27;, &amp;#x27;book&amp;#x27;, &amp;#x27;tour&amp;#x27;, &amp;#x27;package&amp;#x27;, &amp;#x27;hotel&amp;#x27;, &amp;#x27;flight&amp;#x27;, &amp;#x27;vacation&amp;#x27;, &amp;#x27;adventure&amp;#x27;]\n2025-12-28 07:47:59 - GeoTravelGlobalLogger - INFO     - [logger.py:278] - Homepage validation passed! Confidence: 100.0%\n2025-12-28 07:47:59 - GeoTravelGlobalLogger - INFO     - [logger.py:278] - \ud83d\udd04 STEP 2: Checking page title\n2025-12-28 07:47:59 - GeoTravelGlobalLogger - INFO     - [logger.py:278] - \ud83d\udd04 STEP 3: Checking current URL\n2025-12-28 07:47:59 - GeoTravelGlobalLogger - INFO     - [logger.py:278] - SUCCESS: Homepage loaded successfully\n2025-12-28 07:47:59 - GeoTravelGlobalLogger - INFO     - [logger.py:278] - \ud83d\udd0d DEBUG: Test phase - call for src/tests/smoke_tests/test_homepage_smoke.py::TestHomePageSmoke::test_homepage_loads_successfully - Skipped: False\n2025-12-28 07:47:59 - GeoTravelGlobalLogger - INFO     - [logger.py:278] - \ud83d\udd0d CRITICAL DEBUG: test_path = /home/runner/work/geo-travel-automation/geo-travel-automation/src/tests/smoke_tests/test_homepage_smoke.py\n&lt;/pre&gt;&lt;/details&gt;&#34;, &#34;mime_type&#34;: null, &#34;extension&#34;: null}], &#34;result&#34;: &#34;Passed&#34;, &#34;testId&#34;: &#34;src/tests/smoke_tests/test_homepage_smoke.py::TestHomePageSmoke::test_homepage_loads_successfully&#34;, &#34;duration&#34;: &#34;00:00:07&#34;, &#34;resultsTableRow&#34;: [&#34;&lt;td class=\&#34;col-result\&#34;&gt;Passed&lt;/td&gt;&#34;, &#34;&lt;td class=\&#34;col-testId\&#34;&gt;src/tests/smoke_tests/test_homepage_smoke.py::TestHomePageSmoke::test_homepage_loads_successfully&lt;/td&gt;&#34;, &#34;&lt;td class=\&#34;col-duration\&#34;&gt;00:00:07&lt;/td&gt;&#34;, &#34;&lt;td class=\&#34;col-links\&#34;&gt;&lt;/td&gt;&#34;], &#34;log&#34;: &#34;---------------------------- Captured stdout setup -----------------------------\nStarting test: test_homepage_loads_successfully\n\n------------------------------ Captured log setup ------------------------------\nINFO     WDM:logger.py:11 ====== WebDriver manager ======\nINFO     WDM:logger.py:11 Get LATEST chromedriver version for google-chrome\nINFO     WDM:logger.py:11 Get LATEST chromedriver version for google-chrome\nINFO     WDM:logger.py:11 Driver [/home/runner/.wdm/drivers/chromedriver/linux64/143.0.7499.169/chromedriver-linux64/chromedriver] found in cache\n--------------------------- Captured stdout teardown ---------------------------\nFinal Status: PASS | Duration: 7.34s\n&#34;}], &#34;src/tests/smoke_tests/test_homepage_smoke.py::TestHomePageSmoke::test_basic_homepage_elements_exist&#34;: [{&#34;extras&#34;: [{&#34;name&#34;: null, &#34;format_type&#34;: &#34;html&#34;, &#34;content&#34;: &#34;&lt;p&gt;&lt;a href=\&#34;logs/geo_travel_20251228_074612.log\&#34; download&gt;Download latest test log (geo_travel_20251228_074612.log)&lt;/a&gt;&lt;/p&gt;&#34;, &#34;mime_type&#34;: null, &#34;extension&#34;: null}, {&#34;name&#34;: null, &#34;format_type&#34;: &#34;html&#34;, &#34;content&#34;: &#34;&lt;details&gt;&lt;summary&gt;Latest log preview (geo_travel_20251228_074612.log)&lt;/summary&gt;&lt;pre style=&#39;white-space:pre-wrap;max-height:400px;overflow:auto&#39;&gt;omepage to load (max retries: 3)\n2025-12-28 07:48:06 - GeoTravelGlobalLogger - INFO     - [logger.py:278] - Attempt 1/3\n2025-12-28 07:48:06 - GeoTravelGlobalLogger - INFO     - [logger.py:278] - Page body loaded\n2025-12-28 07:48:06 - GeoTravelGlobalLogger - INFO     - [logger.py:278] - Validating Geo Travel page...\n2025-12-28 07:48:06 - GeoTravelGlobalLogger - INFO     - [logger.py:278] - Validating page HTML structure...\n2025-12-28 07:48:06 - GeoTravelGlobalLogger - INFO     - [logger.py:278] - Validating page content keywords...\n2025-12-28 07:48:06 - GeoTravelGlobalLogger - INFO     - [logger.py:278] - Page validation confidence: 100.0%\n2025-12-28 07:48:06 - GeoTravelGlobalLogger - INFO     - [logger.py:278] - Found keywords: [&amp;#x27;geo&amp;#x27;, &amp;#x27;travel&amp;#x27;, &amp;#x27;destination&amp;#x27;, &amp;#x27;book&amp;#x27;, &amp;#x27;tour&amp;#x27;, &amp;#x27;package&amp;#x27;, &amp;#x27;hotel&amp;#x27;, &amp;#x27;flight&amp;#x27;, &amp;#x27;vacation&amp;#x27;, &amp;#x27;adventure&amp;#x27;]\n2025-12-28 07:48:06 - GeoTravelGlobalLogger - INFO     - [logger.py:278] - Homepage validation passed! Confidence: 100.0%\n2025-12-28 07:48:06 - GeoTravelGlobalLogger - INFO     - [logger.py:278] - \ud83d\udd04 STEP 2: Checking page source and structure\n2025-12-28 07:48:06 - GeoTravelGlobalLogger - INFO     - [logger.py:278] - \ud83d\udd04 STEP 3: Checking for headings and links\n2025-12-28 07:48:06 - GeoTravelGlobalLogger - INFO     - [logger.py:278] - Element present ((&amp;#x27;tag name&amp;#x27;, &amp;#x27;h1&amp;#x27;)): True\n2025-12-28 07:48:06 - GeoTravelGlobalLogger - INFO     - [logger.py:278] - Element present ((&amp;#x27;tag name&amp;#x27;, &amp;#x27;a&amp;#x27;)): True\n2025-12-28 07:48:06 - GeoTravelGlobalLogger - INFO     - [logger.py:278] - SUCCESS: Basic page elements check passed\n2025-12-28 07:48:06 - GeoTravelGlobalLogger - INFO     - [logger.py:278] - \ud83d\udd0d DEBUG: Test phase - call for src/tests/smoke_tests/test_homepage_smoke.py::TestHomePageSmoke::test_basic_homepage_elements_exist - Skipped: False\n2025-12-28 07:48:06 - GeoTravelGlobalLogger - INFO     - [logger.py:278] - \ud83d\udd0d CRITICAL DEBUG: test_path = /home/runner/work/geo-travel-automation/geo-travel-automation/src/tests/smoke_tests/test_homepage_smoke.py\n&lt;/pre&gt;&lt;/details&gt;&#34;, &#34;mime_type&#34;: null, &#34;extension&#34;: null}], &#34;result&#34;: &#34;Passed&#34;, &#34;testId&#34;: &#34;src/tests/smoke_tests/test_homepage_smoke.py::TestHomePageSmoke::test_basic_homepage_elements_exist&#34;, &#34;duration&#34;: &#34;00:00:07&#34;, &#34;resultsTableRow&#34;: [&#34;&lt;td class=\&#34;col-result\&#34;&gt;Passed&lt;/td&gt;&#34;, &#34;&lt;td class=\&#34;col-testId\&#34;&gt;src/tests/smoke_tests/test_homepage_smoke.py::TestHomePageSmoke::test_basic_homepage_elements_exist&lt;/td&gt;&#34;, &#34;&lt;td class=\&#34;col-duration\&#34;&gt;00:00:07&lt;/td&gt;&#34;, &#34;&lt;td class=\&#34;col-links\&#34;&gt;&lt;/td&gt;&#34;], &#34;log&#34;: &#34;---------------------------- Captured stdout setup -----------------------------\nStarting test: test_basic_homepage_elements_exist\n\n------------------------------ Captured log setup ------------------------------\nINFO     WDM:logger.py:11 ====== WebDriver manager ======\nINFO     WDM:logger.py:11 Get LATEST chromedriver version for google-chrome\nINFO     WDM:logger.py:11 Get LATEST chromedriver version for google-chrome\nINFO     WDM:logger.py:11 Driver [/home/runner/.wdm/drivers/chromedriver/linux64/143.0.7499.169/chromedriver-linux64/chromedriver] found in cache\n--------------------------- Captured stdout teardown ---------------------------\nFinal Status: PASS | Duration: 7.33s\n&#34;}], &#34;src/tests/smoke_tests/test_homepage_smoke.py::TestHomePageSmoke::test_homepage_navigation_works&#34;: [{&#34;extras&#34;: [{&#34;name&#34;: null, &#34;format_type&#34;: &#34;html&#34;, &#34;content&#34;: &#34;&lt;p&gt;&lt;a href=\&#34;logs/geo_travel_20251228_074612.log\&#34; download&gt;Download latest test log (geo_travel_20251228_074612.log)&lt;/a&gt;&lt;/p&gt;&#34;, &#34;mime_type&#34;: null, &#34;extension&#34;: null}, {&#34;name&#34;: null, &#34;format_type&#34;: &#34;html&#34;, &#34;content&#34;: &#34;&lt;details&gt;&lt;summary&gt;Latest log preview (geo_travel_20251228_074612.log)&lt;/summary&gt;&lt;pre style=&#39;white-space:pre-wrap;max-height:400px;overflow:auto&#39;&gt;on&amp;#x27;, &amp;#x27;adventure&amp;#x27;]\n2025-12-28 07:48:14 - GeoTravelGlobalLogger - INFO     - [logger.py:278] - Homepage validation passed! Confidence: 100.0%\n2025-12-28 07:48:14 - GeoTravelGlobalLogger - INFO     - [logger.py:278] - \ud83d\udd04 STEP 2: Testing navigation functionality\n2025-12-28 07:48:14 - GeoTravelGlobalLogger - INFO     - [logger.py:278] - === Testing Navigation Functionality ===\n2025-12-28 07:48:14 - GeoTravelGlobalLogger - INFO     - [logger.py:278] - Finding navigation links\n2025-12-28 07:48:14 - GeoTravelGlobalLogger - INFO     - [logger.py:278] - Found 3 clickable links out of 31 total\n2025-12-28 07:48:14 - GeoTravelGlobalLogger - INFO     - [logger.py:278] - Attempt 1/3: Testing link to https://retail.stg.gowithgeo.com/\n2025-12-28 07:48:14 - GeoTravelGlobalLogger - INFO     - [logger.py:278] - Clicking navigation link: https://retail.stg.gowithgeo.com/\n2025-12-28 07:48:17 - GeoTravelGlobalLogger - INFO     - [logger.py:278] - Getting current URL\n2025-12-28 07:48:17 - GeoTravelGlobalLogger - INFO     - [logger.py:278] - SUCCESS: Navigation successful: https://retail.stg.gowithgeo.com/ -&amp;gt; https://retail.stg.gowithgeo.com/\n2025-12-28 07:48:17 - GeoTravelGlobalLogger - INFO     - [logger.py:278] - SUCCESS: Navigation verified: &amp;lt;bound method NavigationUtils.get_current_url of &amp;lt;src.utils.navigation.NavigationUtils object at 0x7f7bfe1e3220&amp;gt;&amp;gt; \u2192 https://retail.stg.gowithgeo.com/\n2025-12-28 07:48:17 - GeoTravelGlobalLogger - INFO     - [logger.py:278] - SUCCESS: Navigation test passed: Successfully navigated to https://retail.stg.gowithgeo.com/\n2025-12-28 07:48:17 - GeoTravelGlobalLogger - INFO     - [logger.py:278] - \ud83d\udd0d DEBUG: Test phase - call for src/tests/smoke_tests/test_homepage_smoke.py::TestHomePageSmoke::test_homepage_navigation_works - Skipped: False\n2025-12-28 07:48:17 - GeoTravelGlobalLogger - INFO     - [logger.py:278] - \ud83d\udd0d CRITICAL DEBUG: test_path = /home/runner/work/geo-travel-automation/geo-travel-automation/src/tests/smoke_tests/test_homepage_smoke.py\n&lt;/pre&gt;&lt;/details&gt;&#34;, &#34;mime_type&#34;: null, &#34;extension&#34;: null}], &#34;result&#34;: &#34;Passed&#34;, &#34;testId&#34;: &#34;src/tests/smoke_tests/test_homepage_smoke.py::TestHomePageSmoke::test_homepage_navigation_works&#34;, &#34;duration&#34;: &#34;00:00:10&#34;, &#34;resultsTableRow&#34;: [&#34;&lt;td class=\&#34;col-result\&#34;&gt;Passed&lt;/td&gt;&#34;, &#34;&lt;td class=\&#34;col-testId\&#34;&gt;src/tests/smoke_tests/test_homepage_smoke.py::TestHomePageSmoke::test_homepage_navigation_works&lt;/td&gt;&#34;, &#34;&lt;td class=\&#34;col-duration\&#34;&gt;00:00:10&lt;/td&gt;&#34;, &#34;&lt;td class=\&#34;col-links\&#34;&gt;&lt;/td&gt;&#34;], &#34;log&#34;: &#34;---------------------------- Captured stdout setup -----------------------------\nStarting test: test_homepage_navigation_works\n\n------------------------------ Captured log setup ------------------------------\nINFO     WDM:logger.py:11 ====== WebDriver manager ======\nINFO     WDM:logger.py:11 Get LATEST chromedriver version for google-chrome\nINFO     WDM:logger.py:11 Get LATEST chromedriver version for google-chrome\nINFO     WDM:logger.py:11 Driver [/home/runner/.wdm/drivers/chromedriver/linux64/143.0.7499.169/chromedriver-linux64/chromedriver] found in cache\n--------------------------- Captured stdout teardown ---------------------------\nFinal Status: PASS | Duration: 10.38s\n&#34;}], &#34;src/tests/smoke_tests/test_homepage_smoke.py::TestHomePageSmoke::test_homepage_health_check&#34;: [{&#34;extras&#34;: [{&#34;name&#34;: null, &#34;format_type&#34;: &#34;html&#34;, &#34;content&#34;: &#34;&lt;p&gt;&lt;a href=\&#34;logs/geo_travel_20251228_074612.log\&#34; download&gt;Download latest test log (geo_travel_20251228_074612.log)&lt;/a&gt;&lt;/p&gt;&#34;, &#34;mime_type&#34;: null, &#34;extension&#34;: null}, {&#34;name&#34;: null, &#34;format_type&#34;: &#34;html&#34;, &#34;content&#34;: &#34;&lt;details&gt;&lt;summary&gt;Latest log preview (geo_travel_20251228_074612.log)&lt;/summary&gt;&lt;pre style=&#39;white-space:pre-wrap;max-height:400px;overflow:auto&#39;&gt;025-12-28 07:48:24 - GeoTravelGlobalLogger - INFO     - [logger.py:278] - Health check - has_navigation: PASS\n2025-12-28 07:48:24 - GeoTravelGlobalLogger - INFO     - [logger.py:278] - Page health check overall: PASS\n2025-12-28 07:48:24 - GeoTravelGlobalLogger - INFO     - [logger.py:278] - \ud83d\udd04 STEP 3: Verifying critical health checks\n2025-12-28 07:48:24 - GeoTravelGlobalLogger - INFO     - [logger.py:278] - \ud83d\udd04 STEP 4: Checking logo visibility\n2025-12-28 07:48:45 - GeoTravelGlobalLogger - WARNING  - [logger.py:293] - Element not visible within 15s: (&amp;#x27;xpath&amp;#x27;, &amp;quot;//div[contains(@class,&amp;#x27;w-28&amp;#x27;) and contains(@class,&amp;#x27;h-12&amp;#x27;) and contains(@class,&amp;#x27;relative&amp;#x27;)]//img[@alt=&amp;#x27;GeoTravel&amp;#x27;]&amp;quot;)\n2025-12-28 07:48:45 - GeoTravelGlobalLogger - WARNING  - [logger.py:293] - Primary logo selector failed, trying next option... | Message: \nStacktrace:\n#0 0x55b99772061a &amp;lt;unknown&amp;gt;\n#1 0x55b99719d20b &amp;lt;unknown&amp;gt;\n#2 0x55b9971ee90f &amp;lt;unknown&amp;gt;\n#3 0x55b9971eeb51 &amp;lt;unknown&amp;gt;\n#4 0x55b99723cd84 &amp;lt;unknown&amp;gt;\n#5 0x55b99723a20e &amp;lt;unknown&amp;gt;\n#6 0x55b9971e1232 &amp;lt;unknown&amp;gt;\n#7 0x55b9971e1ee1 &amp;lt;unknown&amp;gt;\n#8 0x55b9976e93f9 &amp;lt;unknown&amp;gt;\n#9 0x55b9976ec34d &amp;lt;unknown&amp;gt;\n#10 0x55b9976d2122 &amp;lt;unknown&amp;gt;\n#11 0x55b9976ecf2b &amp;lt;unknown&amp;gt;\n#12 0x55b9976b8c30 &amp;lt;unknown&amp;gt;\n#13 0x55b99770dd78 &amp;lt;unknown&amp;gt;\n#14 0x55b99770df4c &amp;lt;unknown&amp;gt;\n#15 0x55b99771f973 &amp;lt;unknown&amp;gt;\n#16 0x7f3ee5e9caa4 &amp;lt;unknown&amp;gt;\n#17 0x7f3ee5f29c6c &amp;lt;unknown&amp;gt;\n\n2025-12-28 07:48:45 - GeoTravelGlobalLogger - INFO     - [logger.py:278] - Logo visible (Fallback): True\n2025-12-28 07:48:45 - GeoTravelGlobalLogger - INFO     - [logger.py:278] - SUCCESS: Homepage health check passed\n2025-12-28 07:48:45 - GeoTravelGlobalLogger - INFO     - [logger.py:278] - \ud83d\udd0d DEBUG: Test phase - call for src/tests/smoke_tests/test_homepage_smoke.py::TestHomePageSmoke::test_homepage_health_check - Skipped: False\n2025-12-28 07:48:45 - GeoTravelGlobalLogger - INFO     - [logger.py:278] - \ud83d\udd0d CRITICAL DEBUG: test_path = /home/runner/work/geo-travel-automation/geo-travel-automation/src/tests/smoke_tests/test_homepage_smoke.py\n&lt;/pre&gt;&lt;/details&gt;&#34;, &#34;mime_type&#34;: null, &#34;extension&#34;: null}], &#34;result&#34;: &#34;Passed&#34;, &#34;testId&#34;: &#34;src/tests/smoke_tests/test_homepage_smoke.py::TestHomePageSmoke::test_homepage_health_check&#34;, &#34;duration&#34;: &#34;00:00:28&#34;, &#34;resultsTableRow&#34;: [&#34;&lt;td class=\&#34;col-result\&#34;&gt;Passed&lt;/td&gt;&#34;, &#34;&lt;td class=\&#34;col-testId\&#34;&gt;src/tests/smoke_tests/test_homepage_smoke.py::TestHomePageSmoke::test_homepage_health_check&lt;/td&gt;&#34;, &#34;&lt;td class=\&#34;col-duration\&#34;&gt;00:00:28&lt;/td&gt;&#34;, &#34;&lt;td class=\&#34;col-links\&#34;&gt;&lt;/td&gt;&#34;], &#34;log&#34;: &#34;---------------------------- Captured stdout setup -----------------------------\nStarting test: test_homepage_health_check\n\n------------------------------ Captured log setup ------------------------------\nINFO     WDM:logger.py:11 ====== WebDriver manager ======\nINFO     WDM:logger.py:11 Get LATEST chromedriver version for google-chrome\nINFO     WDM:logger.py:11 Get LATEST chromedriver version for google-chrome\nINFO     WDM:logger.py:11 Driver [/home/runner/.wdm/drivers/chromedriver/linux64/143.0.7499.169/chromedriver-linux64/chromedriver] found in cache\n--------------------------- Captured stdout teardown ---------------------------\nFinal Status: PASS | Duration: 28.05s\n&#34;}], &#34;src/tests/smoke_tests/test_package_booking_smoke.py::TestPackageBookingSmoke::test_homepage_loads_successfully&#34;: [{&#34;extras&#34;: [{&#34;name&#34;: null, &#34;format_type&#34;: &#34;html&#34;, &#34;content&#34;: &#34;&lt;p&gt;&lt;a href=\&#34;logs/geo_travel_20251228_074612.log\&#34; download&gt;Download latest test log (geo_travel_20251228_074612.log)&lt;/a&gt;&lt;/p&gt;&#34;, &#34;mime_type&#34;: null, &#34;extension&#34;: null}, {&#34;name&#34;: null, &#34;format_type&#34;: &#34;html&#34;, &#34;content&#34;: &#34;&lt;details&gt;&lt;summary&gt;Latest log preview (geo_travel_20251228_074612.log)&lt;/summary&gt;&lt;pre style=&#39;white-space:pre-wrap;max-height:400px;overflow:auto&#39;&gt;ad...\n2025-12-28 07:48:47 - GeoTravelGlobalLogger - INFO     - [logger.py:278] - Navigated to: https://retail.stg.gowithgeo.com/\n2025-12-28 07:48:47 - GeoTravelGlobalLogger - INFO     - [logger.py:278] - Warm-up page opened successfully.\n2025-12-28 07:48:52 - GeoTravelGlobalLogger - INFO     - [logger.py:278] - \ud83c\udfe0 Waiting for homepage to load (max retries: 3)\n2025-12-28 07:48:52 - GeoTravelGlobalLogger - INFO     - [logger.py:278] - Attempt 1/3\n2025-12-28 07:48:52 - GeoTravelGlobalLogger - INFO     - [logger.py:278] - Page body loaded\n2025-12-28 07:48:52 - GeoTravelGlobalLogger - INFO     - [logger.py:278] - Validating Geo Travel page...\n2025-12-28 07:48:52 - GeoTravelGlobalLogger - INFO     - [logger.py:278] - Validating page HTML structure...\n2025-12-28 07:48:52 - GeoTravelGlobalLogger - INFO     - [logger.py:278] - Validating page content keywords...\n2025-12-28 07:48:52 - GeoTravelGlobalLogger - INFO     - [logger.py:278] - Page validation confidence: 100.0%\n2025-12-28 07:48:52 - GeoTravelGlobalLogger - INFO     - [logger.py:278] - Found keywords: [&amp;#x27;geo&amp;#x27;, &amp;#x27;travel&amp;#x27;, &amp;#x27;destination&amp;#x27;, &amp;#x27;book&amp;#x27;, &amp;#x27;tour&amp;#x27;, &amp;#x27;package&amp;#x27;, &amp;#x27;hotel&amp;#x27;, &amp;#x27;flight&amp;#x27;, &amp;#x27;vacation&amp;#x27;, &amp;#x27;adventure&amp;#x27;]\n2025-12-28 07:48:52 - GeoTravelGlobalLogger - INFO     - [logger.py:278] - Homepage validation passed! Confidence: 100.0%\n2025-12-28 07:48:52 - GeoTravelGlobalLogger - INFO     - [logger.py:278] - Step 2: Verifying page title\n2025-12-28 07:48:52 - GeoTravelGlobalLogger - INFO     - [logger.py:278] - SUCCESS: \u2705 Homepage loaded successfully - Basic navigation works\n2025-12-28 07:48:52 - GeoTravelGlobalLogger - INFO     - [logger.py:278] - \ud83d\udd0d DEBUG: Test phase - call for src/tests/smoke_tests/test_package_booking_smoke.py::TestPackageBookingSmoke::test_homepage_loads_successfully - Skipped: False\n2025-12-28 07:48:52 - GeoTravelGlobalLogger - INFO     - [logger.py:278] - \ud83d\udd0d CRITICAL DEBUG: test_path = /home/runner/work/geo-travel-automation/geo-travel-automation/src/tests/smoke_tests/test_package_booking_smoke.py\n&lt;/pre&gt;&lt;/details&gt;&#34;, &#34;mime_type&#34;: null, &#34;extension&#34;: null}], &#34;result&#34;: &#34;Passed&#34;, &#34;testId&#34;: &#34;src/tests/smoke_tests/test_package_booking_smoke.py::TestPackageBookingSmoke::test_homepage_loads_successfully&#34;, &#34;duration&#34;: &#34;00:00:07&#34;, &#34;resultsTableRow&#34;: [&#34;&lt;td class=\&#34;col-result\&#34;&gt;Passed&lt;/td&gt;&#34;, &#34;&lt;td class=\&#34;col-testId\&#34;&gt;src/tests/smoke_tests/test_package_booking_smoke.py::TestPackageBookingSmoke::test_homepage_loads_successfully&lt;/td&gt;&#34;, &#34;&lt;td class=\&#34;col-duration\&#34;&gt;00:00:07&lt;/td&gt;&#34;, &#34;&lt;td class=\&#34;col-links\&#34;&gt;&lt;/td&gt;&#34;], &#34;log&#34;: &#34;---------------------------- Captured stdout setup -----------------------------\nStarting test: test_homepage_loads_successfully\n\n------------------------------ Captured log setup ------------------------------\nINFO     WDM:logger.py:11 ====== WebDriver manager ======\nINFO     WDM:logger.py:11 Get LATEST chromedriver version for google-chrome\nINFO     WDM:logger.py:11 Get LATEST chromedriver version for google-chrome\nINFO     WDM:logger.py:11 Driver [/home/runner/.wdm/drivers/chromedriver/linux64/143.0.7499.169/chromedriver-linux64/chromedriver] found in cache\n--------------------------- Captured stdout teardown ---------------------------\nFinal Status: PASS | Duration: 7.50s\n&#34;}], &#34;src/tests/smoke_tests/test_package_booking_smoke.py::TestPackageBookingSmoke::test_booking_form_navigation_on_homepage&#34;: [{&#34;extras&#34;: [{&#34;name&#34;: null, &#34;format_type&#34;: &#34;html&#34;, &#34;content&#34;: &#34;&lt;p&gt;&lt;a href=\&#34;logs/geo_travel_20251228_074612.log\&#34; download&gt;Download latest test log (geo_travel_20251228_074612.log)&lt;/a&gt;&lt;/p&gt;&#34;, &#34;mime_type&#34;: null, &#34;extension&#34;: null}, {&#34;name&#34;: null, &#34;format_type&#34;: &#34;html&#34;, &#34;content&#34;: &#34;&lt;details&gt;&lt;summary&gt;Latest log preview (geo_travel_20251228_074612.log)&lt;/summary&gt;&lt;pre style=&#39;white-space:pre-wrap;max-height:400px;overflow:auto&#39;&gt;test_package_booking_smoke.py::TestPackageBookingSmoke::test_homepage_loads_successfully - PASS\n2025-12-28 07:48:52 - GeoTravelGlobalLogger - INFO     - [logger.py:278] - Test result added: test_homepage_loads_successfully - PASS (Duration: 7.50s)\n2025-12-28 07:48:52 - GeoTravelGlobalLogger - INFO     - [logger.py:278] - \ud83d\udd0d DEBUG: Test phase - teardown for src/tests/smoke_tests/test_package_booking_smoke.py::TestPackageBookingSmoke::test_homepage_loads_successfully - Skipped: False\n2025-12-28 07:48:52 - GeoTravelGlobalLogger - INFO     - [logger.py:278] - Creating chrome driver...\n2025-12-28 07:48:53 - GeoTravelGlobalLogger - INFO     - [logger.py:278] - chrome driver created successfully\n2025-12-28 07:48:53 - GeoTravelGlobalLogger - INFO     - [logger.py:278] - \ud83d\udd0d DEBUG: Test phase - setup for src/tests/smoke_tests/test_package_booking_smoke.py::TestPackageBookingSmoke::test_booking_form_navigation_on_homepage - Skipped: False\n2025-12-28 07:48:53 - GeoTravelGlobalLogger - INFO     - [logger.py:278] - === Quick Smoke Test: Booking Form ===\n2025-12-28 07:48:53 - GeoTravelGlobalLogger - INFO     - [logger.py:278] - Step 1: Quick navigation to trigger booking form\n2025-12-28 07:48:54 - GeoTravelGlobalLogger - INFO     - [logger.py:278] - Navigated to: https://retail.stg.gowithgeo.com/\n2025-12-28 07:48:54 - GeoTravelGlobalLogger - INFO     - [logger.py:278] - Clicking Package button\n2025-12-28 07:48:54 - GeoTravelGlobalLogger - INFO     - [logger.py:278] - SUCCESS: \u2705 Booking form basic navigation verified\n2025-12-28 07:48:54 - GeoTravelGlobalLogger - INFO     - [logger.py:278] - \ud83d\udd0d DEBUG: Test phase - call for src/tests/smoke_tests/test_package_booking_smoke.py::TestPackageBookingSmoke::test_booking_form_navigation_on_homepage - Skipped: False\n2025-12-28 07:48:54 - GeoTravelGlobalLogger - INFO     - [logger.py:278] - \ud83d\udd0d CRITICAL DEBUG: test_path = /home/runner/work/geo-travel-automation/geo-travel-automation/src/tests/smoke_tests/test_package_booking_smoke.py\n&lt;/pre&gt;&lt;/details&gt;&#34;, &#34;mime_type&#34;: null, &#34;extension&#34;: null}], &#34;result&#34;: &#34;Passed&#34;, &#34;testId&#34;: &#34;src/tests/smoke_tests/test_package_booking_smoke.py::TestPackageBookingSmoke::test_booking_form_navigation_on_homepage&#34;, &#34;duration&#34;: &#34;00:00:02&#34;, &#34;resultsTableRow&#34;: [&#34;&lt;td class=\&#34;col-result\&#34;&gt;Passed&lt;/td&gt;&#34;, &#34;&lt;td class=\&#34;col-testId\&#34;&gt;src/tests/smoke_tests/test_package_booking_smoke.py::TestPackageBookingSmoke::test_booking_form_navigation_on_homepage&lt;/td&gt;&#34;, &#34;&lt;td class=\&#34;col-duration\&#34;&gt;00:00:02&lt;/td&gt;&#34;, &#34;&lt;td class=\&#34;col-links\&#34;&gt;&lt;/td&gt;&#34;], &#34;log&#34;: &#34;---------------------------- Captured stdout setup -----------------------------\nStarting test: test_booking_form_navigation_on_homepage\n\n------------------------------ Captured log setup ------------------------------\nINFO     WDM:logger.py:11 ====== WebDriver manager ======\nINFO     WDM:logger.py:11 Get LATEST chromedriver version for google-chrome\nINFO     WDM:logger.py:11 Get LATEST chromedriver version for google-chrome\nINFO     WDM:logger.py:11 Driver [/home/runner/.wdm/drivers/chromedriver/linux64/143.0.7499.169/chromedriver-linux64/chromedriver] found in cache\n--------------------------- Captured stdout teardown ---------------------------\nFinal Status: PASS | Duration: 1.94s\n&#34;}], &#34;src/tests/smoke_tests/test_package_booking_smoke.py::TestPackageBookingSmoke::test_package_search_functionality&#34;: [{&#34;extras&#34;: [{&#34;name&#34;: null, &#34;format_type&#34;: &#34;html&#34;, &#34;content&#34;: &#34;&lt;p&gt;&lt;a href=\&#34;logs/geo_travel_20251228_074612.log\&#34; download&gt;Download latest test log (geo_travel_20251228_074612.log)&lt;/a&gt;&lt;/p&gt;&#34;, &#34;mime_type&#34;: null, &#34;extension&#34;: null}, {&#34;name&#34;: null, &#34;format_type&#34;: &#34;html&#34;, &#34;content&#34;: &#34;&lt;details&gt;&lt;summary&gt;Latest log preview (geo_travel_20251228_074612.log)&lt;/summary&gt;&lt;pre style=&#39;white-space:pre-wrap;max-height:400px;overflow:auto&#39;&gt;lector\n2025-12-28 07:49:04 - GeoTravelGlobalLogger - INFO     - [logger.py:278] - Clicked country input\n2025-12-28 07:49:07 - GeoTravelGlobalLogger - INFO     - [logger.py:278] - Typed country: Nigeria\n2025-12-28 07:49:10 - GeoTravelGlobalLogger - INFO     - [logger.py:278] - Country selected: Nigeria\n2025-12-28 07:49:13 - GeoTravelGlobalLogger - INFO     - [logger.py:278] - Step 4: Opening travel date selector\n2025-12-28 07:49:13 - GeoTravelGlobalLogger - INFO     - [logger.py:278] - Opening travel date selector\n2025-12-28 07:49:15 - GeoTravelGlobalLogger - INFO     - [logger.py:278] - Selected travel date: \n2025-12-28 07:49:18 - GeoTravelGlobalLogger - INFO     - [logger.py:278] - Step 5: Executing package search\n2025-12-28 07:49:18 - GeoTravelGlobalLogger - INFO     - [logger.py:278] - Clicking Search Packages button\n2025-12-28 07:49:23 - GeoTravelGlobalLogger - INFO     - [logger.py:278] - Step 6: Verifying search results\n2025-12-28 07:49:23 - GeoTravelGlobalLogger - INFO     - [logger.py:278] - Checking for &amp;#x27;packages&amp;#x27; in https://retail.stg.gowithgeo.com/search-results/packages?country=NIGERIA&amp;amp;tripType=GROUP&amp;amp;startDate=2025-12-28 (waiting up to 30s)...\n2025-12-28 07:49:23 - GeoTravelGlobalLogger - INFO     - [logger.py:278] - Search session initialized successfully - Found &amp;#x27;packages&amp;#x27; in URL: https://retail.stg.gowithgeo.com/search-results/packages?country=NIGERIA&amp;amp;tripType=GROUP&amp;amp;startDate=2025-12-28\n2025-12-28 07:49:23 - GeoTravelGlobalLogger - INFO     - [logger.py:278] - SUCCESS: \u2705 Package search test passed\n2025-12-28 07:49:23 - GeoTravelGlobalLogger - INFO     - [logger.py:278] - \ud83d\udd0d DEBUG: Test phase - call for src/tests/smoke_tests/test_package_booking_smoke.py::TestPackageBookingSmoke::test_package_search_functionality - Skipped: False\n2025-12-28 07:49:23 - GeoTravelGlobalLogger - INFO     - [logger.py:278] - \ud83d\udd0d CRITICAL DEBUG: test_path = /home/runner/work/geo-travel-automation/geo-travel-automation/src/tests/smoke_tests/test_package_booking_smoke.py\n&lt;/pre&gt;&lt;/details&gt;&#34;, &#34;mime_type&#34;: null, &#34;extension&#34;: null}], &#34;result&#34;: &#34;Passed&#34;, &#34;testId&#34;: &#34;src/tests/smoke_tests/test_package_booking_smoke.py::TestPackageBookingSmoke::test_package_search_functionality&#34;, &#34;duration&#34;: &#34;00:00:29&#34;, &#34;resultsTableRow&#34;: [&#34;&lt;td class=\&#34;col-result\&#34;&gt;Passed&lt;/td&gt;&#34;, &#34;&lt;td class=\&#34;col-testId\&#34;&gt;src/tests/smoke_tests/test_package_booking_smoke.py::TestPackageBookingSmoke::test_package_search_functionality&lt;/td&gt;&#34;, &#34;&lt;td class=\&#34;col-duration\&#34;&gt;00:00:29&lt;/td&gt;&#34;, &#34;&lt;td class=\&#34;col-links\&#34;&gt;&lt;/td&gt;&#34;], &#34;log&#34;: &#34;---------------------------- Captured stdout setup -----------------------------\nStarting test: test_package_search_functionality\n\n------------------------------ Captured log setup ------------------------------\nINFO     WDM:logger.py:11 ====== WebDriver manager ======\nINFO     WDM:logger.py:11 Get LATEST chromedriver version for google-chrome\nINFO     WDM:logger.py:11 Get LATEST chromedriver version for google-chrome\nINFO     WDM:logger.py:11 Driver [/home/runner/.wdm/drivers/chromedriver/linux64/143.0.7499.169/chromedriver-linux64/chromedriver] found in cache\n--------------------------- Captured stdout teardown ---------------------------\nFinal Status: PASS | Duration: 28.85s\n&#34;}], &#34;src/tests/smoke_tests/test_package_booking_smoke.py::TestPackageBookingSmoke::test_complete_package_booking_flow&#34;: [{&#34;extras&#34;: [{&#34;name&#34;: null, &#34;format_type&#34;: &#34;html&#34;, &#34;content&#34;: &#34;&lt;p&gt;&lt;a href=\&#34;logs/geo_travel_20251228_074612.log\&#34; download&gt;Download latest test log (geo_travel_20251228_074612.log)&lt;/a&gt;&lt;/p&gt;&#34;, &#34;mime_type&#34;: null, &#34;extension&#34;: null}, {&#34;name&#34;: null, &#34;format_type&#34;: &#34;html&#34;, &#34;content&#34;: &#34;&lt;details&gt;&lt;summary&gt;Latest log preview (geo_travel_20251228_074612.log)&lt;/summary&gt;&lt;pre style=&#39;white-space:pre-wrap;max-height:400px;overflow:auto&#39;&gt; for payment\n2025-12-28 07:50:29 - GeoTravelGlobalLogger - INFO     - [logger.py:278] - SUCCESS: \u2705 Booking flow completed successfully - Ready for payment\n2025-12-28 07:50:29 - GeoTravelGlobalLogger - INFO     - [logger.py:278] - \ud83d\udd04 STEP 10: Verifying booking progression\n2025-12-28 07:50:34 - GeoTravelGlobalLogger - INFO     - [logger.py:278] - \ud83d\udd04 STEP 11: Initiating payment flow\n2025-12-28 07:50:34 - GeoTravelGlobalLogger - INFO     - [logger.py:278] - === Completing Booking with Payment ===\n2025-12-28 07:50:34 - GeoTravelGlobalLogger - INFO     - [logger.py:278] - Clicking &amp;#x27;Proceed to payment&amp;#x27; button\n2025-12-28 07:50:34 - GeoTravelGlobalLogger - INFO     - [logger.py:278] - === Starting Flutterwave Card Payment ===\n2025-12-28 07:50:37 - GeoTravelGlobalLogger - INFO     - [logger.py:278] - \u2705 Navigated to Flutterwave URL\n2025-12-28 07:50:37 - GeoTravelGlobalLogger - INFO     - [logger.py:278] - \ud83d\udd0d Switching to Flutterwave iframe...\n2025-12-28 07:50:37 - GeoTravelGlobalLogger - INFO     - [logger.py:278] - \u2705 Switched to Flutterwave iframe\n2025-12-28 07:50:37 - GeoTravelGlobalLogger - INFO     - [logger.py:278] - \ud83d\udd0d Waiting for test mode banner...\n2025-12-28 07:50:39 - GeoTravelGlobalLogger - INFO     - [logger.py:278] - \u2705 Flutterwave test mode verified\n2025-12-28 07:50:39 - GeoTravelGlobalLogger - INFO     - [logger.py:278] - \u2705 Switched back to main content\n2025-12-28 07:50:39 - GeoTravelGlobalLogger - INFO     - [logger.py:278] - SUCCESS: \ud83c\udf89 Package booking with payment completed successfully!\n2025-12-28 07:50:39 - GeoTravelGlobalLogger - INFO     - [logger.py:278] - \ud83d\udd0d DEBUG: Test phase - call for src/tests/smoke_tests/test_package_booking_smoke.py::TestPackageBookingSmoke::test_complete_package_booking_flow - Skipped: False\n2025-12-28 07:50:39 - GeoTravelGlobalLogger - INFO     - [logger.py:278] - \ud83d\udd0d CRITICAL DEBUG: test_path = /home/runner/work/geo-travel-automation/geo-travel-automation/src/tests/smoke_tests/test_package_booking_smoke.py\n&lt;/pre&gt;&lt;/details&gt;&#34;, &#34;mime_type&#34;: null, &#34;extension&#34;: null}], &#34;result&#34;: &#34;Passed&#34;, &#34;testId&#34;: &#34;src/tests/smoke_tests/test_package_booking_smoke.py::TestPackageBookingSmoke::test_complete_package_booking_flow&#34;, &#34;duration&#34;: &#34;00:01:16&#34;, &#34;resultsTableRow&#34;: [&#34;&lt;td class=\&#34;col-result\&#34;&gt;Passed&lt;/td&gt;&#34;, &#34;&lt;td class=\&#34;col-testId\&#34;&gt;src/tests/smoke_tests/test_package_booking_smoke.py::TestPackageBookingSmoke::test_complete_package_booking_flow&lt;/td&gt;&#34;, &#34;&lt;td class=\&#34;col-duration\&#34;&gt;00:01:16&lt;/td&gt;&#34;, &#34;&lt;td class=\&#34;col-links\&#34;&gt;&lt;/td&gt;&#34;], &#34;log&#34;: &#34;---------------------------- Captured stdout setup -----------------------------\nStarting test: test_complete_package_booking_flow\n\n------------------------------ Captured log setup ------------------------------\nINFO     WDM:logger.py:11 ====== WebDriver manager ======\nINFO     WDM:logger.py:11 Get LATEST chromedriver version for google-chrome\nINFO     WDM:logger.py:11 Get LATEST chromedriver version for google-chrome\nINFO     WDM:logger.py:11 Driver [/home/runner/.wdm/drivers/chromedriver/linux64/143.0.7499.169/chromedriver-linux64/chromedriver] found in cache\n--------------------------- Captured stdout teardown ---------------------------\nFinal Status: PASS | Duration: 75.61s\n&#34;}], &#34;src/tests/smoke_tests/test_visa_enquiries_smoke.py::TestVisaSmoke::test_visa_page_navigation&#34;: [{&#34;extras&#34;: [{&#34;name&#34;: null, &#34;format_type&#34;: &#34;html&#34;, &#34;content&#34;: &#34;&lt;p&gt;&lt;a href=\&#34;logs/geo_travel_20251228_074612.log\&#34; download&gt;Download latest test log (geo_travel_20251228_074612.log)&lt;/a&gt;&lt;/p&gt;&#34;, &#34;mime_type&#34;: null, &#34;extension&#34;: null}, {&#34;name&#34;: null, &#34;format_type&#34;: &#34;html&#34;, &#34;content&#34;: &#34;&lt;details&gt;&lt;summary&gt;Latest log preview (geo_travel_20251228_074612.log)&lt;/summary&gt;&lt;pre style=&#39;white-space:pre-wrap;max-height:400px;overflow:auto&#39;&gt;INFO     - [logger.py:278] - Warm-up page opened successfully.\n2025-12-28 07:50:46 - GeoTravelGlobalLogger - INFO     - [logger.py:278] - \ud83c\udfe0 Waiting for homepage to load (max retries: 3)\n2025-12-28 07:50:46 - GeoTravelGlobalLogger - INFO     - [logger.py:278] - Attempt 1/3\n2025-12-28 07:50:46 - GeoTravelGlobalLogger - INFO     - [logger.py:278] - Page body loaded\n2025-12-28 07:50:46 - GeoTravelGlobalLogger - INFO     - [logger.py:278] - Validating Geo Travel page...\n2025-12-28 07:50:46 - GeoTravelGlobalLogger - INFO     - [logger.py:278] - Validating page HTML structure...\n2025-12-28 07:50:46 - GeoTravelGlobalLogger - INFO     - [logger.py:278] - Validating page content keywords...\n2025-12-28 07:50:46 - GeoTravelGlobalLogger - INFO     - [logger.py:278] - Page validation confidence: 100.0%\n2025-12-28 07:50:46 - GeoTravelGlobalLogger - INFO     - [logger.py:278] - Found keywords: [&amp;#x27;geo&amp;#x27;, &amp;#x27;travel&amp;#x27;, &amp;#x27;destination&amp;#x27;, &amp;#x27;book&amp;#x27;, &amp;#x27;tour&amp;#x27;, &amp;#x27;package&amp;#x27;, &amp;#x27;hotel&amp;#x27;, &amp;#x27;flight&amp;#x27;, &amp;#x27;vacation&amp;#x27;, &amp;#x27;adventure&amp;#x27;]\n2025-12-28 07:50:46 - GeoTravelGlobalLogger - INFO     - [logger.py:278] - Homepage validation passed! Confidence: 100.0%\n2025-12-28 07:50:46 - GeoTravelGlobalLogger - INFO     - [logger.py:278] - \ud83d\udd04 STEP 2: Navigating to Visa page\n2025-12-28 07:50:46 - GeoTravelGlobalLogger - INFO     - [logger.py:278] - Navigating to Visa page\n2025-12-28 07:50:46 - GeoTravelGlobalLogger - INFO     - [logger.py:278] - Successfully navigated to Visa page\n2025-12-28 07:50:46 - GeoTravelGlobalLogger - INFO     - [logger.py:278] - SUCCESS: \u2705 Visa page navigation verified\n2025-12-28 07:50:46 - GeoTravelGlobalLogger - INFO     - [logger.py:278] - \ud83d\udd0d DEBUG: Test phase - call for src/tests/smoke_tests/test_visa_enquiries_smoke.py::TestVisaSmoke::test_visa_page_navigation - Skipped: False\n2025-12-28 07:50:46 - GeoTravelGlobalLogger - INFO     - [logger.py:278] - \ud83d\udd0d CRITICAL DEBUG: test_path = /home/runner/work/geo-travel-automation/geo-travel-automation/src/tests/smoke_tests/test_visa_enquiries_smoke.py\n&lt;/pre&gt;&lt;/details&gt;&#34;, &#34;mime_type&#34;: null, &#34;extension&#34;: null}], &#34;result&#34;: &#34;Passed&#34;, &#34;testId&#34;: &#34;src/tests/smoke_tests/test_visa_enquiries_smoke.py::TestVisaSmoke::test_visa_page_navigation&#34;, &#34;duration&#34;: &#34;00:00:07&#34;, &#34;resultsTableRow&#34;: [&#34;&lt;td class=\&#34;col-result\&#34;&gt;Passed&lt;/td&gt;&#34;, &#34;&lt;td class=\&#34;col-testId\&#34;&gt;src/tests/smoke_tests/test_visa_enquiries_smoke.py::TestVisaSmoke::test_visa_page_navigation&lt;/td&gt;&#34;, &#34;&lt;td class=\&#34;col-duration\&#34;&gt;00:00:07&lt;/td&gt;&#34;, &#34;&lt;td class=\&#34;col-links\&#34;&gt;&lt;/td&gt;&#34;], &#34;log&#34;: &#34;---------------------------- Captured stdout setup -----------------------------\nStarting test: test_visa_page_navigation\n\n------------------------------ Captured log setup ------------------------------\nINFO     WDM:logger.py:11 ====== WebDriver manager ======\nINFO     WDM:logger.py:11 Get LATEST chromedriver version for google-chrome\nINFO     WDM:logger.py:11 Get LATEST chromedriver version for google-chrome\nINFO     WDM:logger.py:11 Driver [/home/runner/.wdm/drivers/chromedriver/linux64/143.0.7499.169/chromedriver-linux64/chromedriver] found in cache\n--------------------------- Captured stdout teardown ---------------------------\nFinal Status: PASS | Duration: 7.34s\n&#34;}], &#34;src/tests/smoke_tests/test_visa_enquiries_smoke.py::TestVisaSmoke::test_visa_form_basic_interaction&#34;: [{&#34;extras&#34;: [{&#34;name&#34;: null, &#34;format_type&#34;: &#34;html&#34;, &#34;content&#34;: &#34;&lt;p&gt;&lt;a href=\&#34;logs/geo_travel_20251228_074612.log\&#34; download&gt;Download latest test log (geo_travel_20251228_074612.log)&lt;/a&gt;&lt;/p&gt;&#34;, &#34;mime_type&#34;: null, &#34;extension&#34;: null}, {&#34;name&#34;: null, &#34;format_type&#34;: &#34;html&#34;, &#34;content&#34;: &#34;&lt;details&gt;&lt;summary&gt;Latest log preview (geo_travel_20251228_074612.log)&lt;/summary&gt;&lt;pre style=&#39;white-space:pre-wrap;max-height:400px;overflow:auto&#39;&gt;78] - Page validation confidence: 100.0%\n2025-12-28 07:50:53 - GeoTravelGlobalLogger - INFO     - [logger.py:278] - Found keywords: [&amp;#x27;geo&amp;#x27;, &amp;#x27;travel&amp;#x27;, &amp;#x27;destination&amp;#x27;, &amp;#x27;book&amp;#x27;, &amp;#x27;tour&amp;#x27;, &amp;#x27;package&amp;#x27;, &amp;#x27;hotel&amp;#x27;, &amp;#x27;flight&amp;#x27;, &amp;#x27;vacation&amp;#x27;, &amp;#x27;adventure&amp;#x27;]\n2025-12-28 07:50:53 - GeoTravelGlobalLogger - INFO     - [logger.py:278] - Homepage validation passed! Confidence: 100.0%\n2025-12-28 07:50:53 - GeoTravelGlobalLogger - INFO     - [logger.py:278] - Navigating to Visa page\n2025-12-28 07:50:53 - GeoTravelGlobalLogger - INFO     - [logger.py:278] - Successfully navigated to Visa page\n2025-12-28 07:50:53 - GeoTravelGlobalLogger - INFO     - [logger.py:278] - Clicking &amp;#x27;Get Started&amp;#x27; button\n2025-12-28 07:50:56 - GeoTravelGlobalLogger - INFO     - [logger.py:278] - Visa application form opened\n2025-12-28 07:50:56 - GeoTravelGlobalLogger - INFO     - [logger.py:278] - \ud83d\udd04 STEP 2: Verifying form loaded\n2025-12-28 07:50:56 - GeoTravelGlobalLogger - INFO     - [logger.py:278] - Waiting for visa form to load\n2025-12-28 07:50:56 - GeoTravelGlobalLogger - INFO     - [logger.py:278] - Visa form loaded successfully\n2025-12-28 07:50:56 - GeoTravelGlobalLogger - INFO     - [logger.py:278] - \ud83d\udd04 STEP 3: Testing form field interaction\n2025-12-28 07:50:56 - GeoTravelGlobalLogger - INFO     - [logger.py:278] - Filling personal details\n2025-12-28 07:50:57 - GeoTravelGlobalLogger - INFO     - [logger.py:278] - Personal details filled successfully\n2025-12-28 07:50:57 - GeoTravelGlobalLogger - INFO     - [logger.py:278] - SUCCESS: \u2705 Visa form basic interaction verified\n2025-12-28 07:50:57 - GeoTravelGlobalLogger - INFO     - [logger.py:278] - \ud83d\udd0d DEBUG: Test phase - call for src/tests/smoke_tests/test_visa_enquiries_smoke.py::TestVisaSmoke::test_visa_form_basic_interaction - Skipped: False\n2025-12-28 07:50:57 - GeoTravelGlobalLogger - INFO     - [logger.py:278] - \ud83d\udd0d CRITICAL DEBUG: test_path = /home/runner/work/geo-travel-automation/geo-travel-automation/src/tests/smoke_tests/test_visa_enquiries_smoke.py\n&lt;/pre&gt;&lt;/details&gt;&#34;, &#34;mime_type&#34;: null, &#34;extension&#34;: null}], &#34;result&#34;: &#34;Passed&#34;, &#34;testId&#34;: &#34;src/tests/smoke_tests/test_visa_enquiries_smoke.py::TestVisaSmoke::test_visa_form_basic_interaction&#34;, &#34;duration&#34;: &#34;00:00:11&#34;, &#34;resultsTableRow&#34;: [&#34;&lt;td class=\&#34;col-result\&#34;&gt;Passed&lt;/td&gt;&#34;, &#34;&lt;td class=\&#34;col-testId\&#34;&gt;src/tests/smoke_tests/test_visa_enquiries_smoke.py::TestVisaSmoke::test_visa_form_basic_interaction&lt;/td&gt;&#34;, &#34;&lt;td class=\&#34;col-duration\&#34;&gt;00:00:11&lt;/td&gt;&#34;, &#34;&lt;td class=\&#34;col-links\&#34;&gt;&lt;/td&gt;&#34;], &#34;log&#34;: &#34;---------------------------- Captured stdout setup -----------------------------\nStarting test: test_visa_form_basic_interaction\n\n------------------------------ Captured log setup ------------------------------\nINFO     WDM:logger.py:11 ====== WebDriver manager ======\nINFO     WDM:logger.py:11 Get LATEST chromedriver version for google-chrome\nINFO     WDM:logger.py:11 Get LATEST chromedriver version for google-chrome\nINFO     WDM:logger.py:11 Driver [/home/runner/.wdm/drivers/chromedriver/linux64/143.0.7499.169/chromedriver-linux64/chromedriver] found in cache\n--------------------------- Captured stdout teardown ---------------------------\nFinal Status: PASS | Duration: 10.92s\n&#34;}], &#34;src/tests/smoke_tests/test_visa_enquiries_smoke.py::TestVisaSmoke::test_dropdown_functionality&#34;: [{&#34;extras&#34;: [{&#34;name&#34;: null, &#34;format_type&#34;: &#34;html&#34;, &#34;content&#34;: &#34;&lt;p&gt;&lt;a href=\&#34;logs/geo_travel_20251228_074612.log\&#34; download&gt;Download latest test log (geo_travel_20251228_074612.log)&lt;/a&gt;&lt;/p&gt;&#34;, &#34;mime_type&#34;: null, &#34;extension&#34;: null}, {&#34;name&#34;: null, &#34;format_type&#34;: &#34;html&#34;, &#34;content&#34;: &#34;&lt;details&gt;&lt;summary&gt;Latest log preview (geo_travel_20251228_074612.log)&lt;/summary&gt;&lt;pre style=&#39;white-space:pre-wrap;max-height:400px;overflow:auto&#39;&gt;obalLogger - INFO     - [logger.py:278] - Visa form loaded successfully\n2025-12-28 07:51:07 - GeoTravelGlobalLogger - INFO     - [logger.py:278] - \ud83d\udd04 STEP 2: Testing country origin dropdown\n2025-12-28 07:51:07 - GeoTravelGlobalLogger - INFO     - [logger.py:278] - Selecting country of origin: Nigeria\n2025-12-28 07:51:10 - GeoTravelGlobalLogger - INFO     - [logger.py:278] - Country of origin &amp;#x27;Nigeria&amp;#x27; selected\n2025-12-28 07:51:11 - GeoTravelGlobalLogger - INFO     - [logger.py:278] - \ud83d\udd04 STEP 3: Testing passport availability dropdown\n2025-12-28 07:51:11 - GeoTravelGlobalLogger - INFO     - [logger.py:278] - Selecting passport availability: yes\n2025-12-28 07:51:12 - GeoTravelGlobalLogger - INFO     - [logger.py:278] - Passport availability &amp;#x27;yes&amp;#x27; selected\n2025-12-28 07:51:13 - GeoTravelGlobalLogger - INFO     - [logger.py:278] - \ud83d\udd04 STEP 4: Testing destination country dropdown\n2025-12-28 07:51:13 - GeoTravelGlobalLogger - INFO     - [logger.py:278] - Selecting any destination country\n2025-12-28 07:51:16 - GeoTravelGlobalLogger - INFO     - [logger.py:278] - Auto-selecting destination: Uganda\n2025-12-28 07:51:19 - GeoTravelGlobalLogger - INFO     - [logger.py:278] - \ud83d\udd04 STEP 5: Testing visa type dropdown\n2025-12-28 07:51:19 - GeoTravelGlobalLogger - INFO     - [logger.py:278] - Selecting any visa type\n2025-12-28 07:51:21 - GeoTravelGlobalLogger - INFO     - [logger.py:278] - Auto-selecting visa type: Tourist/Visit Visa\n2025-12-28 07:51:25 - GeoTravelGlobalLogger - INFO     - [logger.py:278] - SUCCESS: \u2705 All dropdowns functional\n2025-12-28 07:51:25 - GeoTravelGlobalLogger - INFO     - [logger.py:278] - \ud83d\udd0d DEBUG: Test phase - call for src/tests/smoke_tests/test_visa_enquiries_smoke.py::TestVisaSmoke::test_dropdown_functionality - Skipped: False\n2025-12-28 07:51:25 - GeoTravelGlobalLogger - INFO     - [logger.py:278] - \ud83d\udd0d CRITICAL DEBUG: test_path = /home/runner/work/geo-travel-automation/geo-travel-automation/src/tests/smoke_tests/test_visa_enquiries_smoke.py\n&lt;/pre&gt;&lt;/details&gt;&#34;, &#34;mime_type&#34;: null, &#34;extension&#34;: null}], &#34;result&#34;: &#34;Passed&#34;, &#34;testId&#34;: &#34;src/tests/smoke_tests/test_visa_enquiries_smoke.py::TestVisaSmoke::test_dropdown_functionality&#34;, &#34;duration&#34;: &#34;00:00:28&#34;, &#34;resultsTableRow&#34;: [&#34;&lt;td class=\&#34;col-result\&#34;&gt;Passed&lt;/td&gt;&#34;, &#34;&lt;td class=\&#34;col-testId\&#34;&gt;src/tests/smoke_tests/test_visa_enquiries_smoke.py::TestVisaSmoke::test_dropdown_functionality&lt;/td&gt;&#34;, &#34;&lt;td class=\&#34;col-duration\&#34;&gt;00:00:28&lt;/td&gt;&#34;, &#34;&lt;td class=\&#34;col-links\&#34;&gt;&lt;/td&gt;&#34;], &#34;log&#34;: &#34;---------------------------- Captured stdout setup -----------------------------\nStarting test: test_dropdown_functionality\n\n------------------------------ Captured log setup ------------------------------\nINFO     WDM:logger.py:11 ====== WebDriver manager ======\nINFO     WDM:logger.py:11 Get LATEST chromedriver version for google-chrome\nINFO     WDM:logger.py:11 Get LATEST chromedriver version for google-chrome\nINFO     WDM:logger.py:11 Driver [/home/runner/.wdm/drivers/chromedriver/linux64/143.0.7499.169/chromedriver-linux64/chromedriver] found in cache\n--------------------------- Captured stdout teardown ---------------------------\nFinal Status: PASS | Duration: 27.88s\n&#34;}], &#34;src/tests/smoke_tests/test_visa_enquiries_smoke.py::TestVisaSmoke::test_date_picker_functionality&#34;: [{&#34;extras&#34;: [{&#34;name&#34;: null, &#34;format_type&#34;: &#34;html&#34;, &#34;content&#34;: &#34;&lt;p&gt;&lt;a href=\&#34;logs/geo_travel_20251228_074612.log\&#34; download&gt;Download latest test log (geo_travel_20251228_074612.log)&lt;/a&gt;&lt;/p&gt;&#34;, &#34;mime_type&#34;: null, &#34;extension&#34;: null}, {&#34;name&#34;: null, &#34;format_type&#34;: &#34;html&#34;, &#34;content&#34;: &#34;&lt;details&gt;&lt;summary&gt;Latest log preview (geo_travel_20251228_074612.log)&lt;/summary&gt;&lt;pre style=&#39;white-space:pre-wrap;max-height:400px;overflow:auto&#39;&gt;GeoTravelGlobalLogger - INFO     - [logger.py:278] - Page validation confidence: 100.0%\n2025-12-28 07:51:32 - GeoTravelGlobalLogger - INFO     - [logger.py:278] - Found keywords: [&amp;#x27;geo&amp;#x27;, &amp;#x27;travel&amp;#x27;, &amp;#x27;destination&amp;#x27;, &amp;#x27;book&amp;#x27;, &amp;#x27;tour&amp;#x27;, &amp;#x27;package&amp;#x27;, &amp;#x27;hotel&amp;#x27;, &amp;#x27;flight&amp;#x27;, &amp;#x27;vacation&amp;#x27;, &amp;#x27;adventure&amp;#x27;]\n2025-12-28 07:51:32 - GeoTravelGlobalLogger - INFO     - [logger.py:278] - Homepage validation passed! Confidence: 100.0%\n2025-12-28 07:51:32 - GeoTravelGlobalLogger - INFO     - [logger.py:278] - Navigating to Visa page\n2025-12-28 07:51:32 - GeoTravelGlobalLogger - INFO     - [logger.py:278] - Successfully navigated to Visa page\n2025-12-28 07:51:32 - GeoTravelGlobalLogger - INFO     - [logger.py:278] - Clicking &amp;#x27;Get Started&amp;#x27; button\n2025-12-28 07:51:35 - GeoTravelGlobalLogger - INFO     - [logger.py:278] - Visa application form opened\n2025-12-28 07:51:35 - GeoTravelGlobalLogger - INFO     - [logger.py:278] - Waiting for visa form to load\n2025-12-28 07:51:35 - GeoTravelGlobalLogger - INFO     - [logger.py:278] - Visa form loaded successfully\n2025-12-28 07:51:35 - GeoTravelGlobalLogger - INFO     - [logger.py:278] - \ud83d\udd04 STEP 2: Testing date picker\n2025-12-28 07:51:35 - GeoTravelGlobalLogger - INFO     - [logger.py:278] - Selecting travel date\n2025-12-28 07:51:39 - GeoTravelGlobalLogger - INFO     - [logger.py:278] - Selected travel date: \n2025-12-28 07:51:41 - GeoTravelGlobalLogger - INFO     - [logger.py:278] - Date picker opened successfully\n2025-12-28 07:51:41 - GeoTravelGlobalLogger - INFO     - [logger.py:278] - SUCCESS: \u2705 Date picker functional\n2025-12-28 07:51:41 - GeoTravelGlobalLogger - INFO     - [logger.py:278] - \ud83d\udd0d DEBUG: Test phase - call for src/tests/smoke_tests/test_visa_enquiries_smoke.py::TestVisaSmoke::test_date_picker_functionality - Skipped: False\n2025-12-28 07:51:41 - GeoTravelGlobalLogger - INFO     - [logger.py:278] - \ud83d\udd0d CRITICAL DEBUG: test_path = /home/runner/work/geo-travel-automation/geo-travel-automation/src/tests/smoke_tests/test_visa_enquiries_smoke.py\n&lt;/pre&gt;&lt;/details&gt;&#34;, &#34;mime_type&#34;: null, &#34;extension&#34;: null}], &#34;result&#34;: &#34;Passed&#34;, &#34;testId&#34;: &#34;src/tests/smoke_tests/test_visa_enquiries_smoke.py::TestVisaSmoke::test_date_picker_functionality&#34;, &#34;duration&#34;: &#34;00:00:16&#34;, &#34;resultsTableRow&#34;: [&#34;&lt;td class=\&#34;col-result\&#34;&gt;Passed&lt;/td&gt;&#34;, &#34;&lt;td class=\&#34;col-testId\&#34;&gt;src/tests/smoke_tests/test_visa_enquiries_smoke.py::TestVisaSmoke::test_date_picker_functionality&lt;/td&gt;&#34;, &#34;&lt;td class=\&#34;col-duration\&#34;&gt;00:00:16&lt;/td&gt;&#34;, &#34;&lt;td class=\&#34;col-links\&#34;&gt;&lt;/td&gt;&#34;], &#34;log&#34;: &#34;---------------------------- Captured stdout setup -----------------------------\nStarting test: test_date_picker_functionality\n\n------------------------------ Captured log setup ------------------------------\nINFO     WDM:logger.py:11 ====== WebDriver manager ======\nINFO     WDM:logger.py:11 Get LATEST chromedriver version for google-chrome\nINFO     WDM:logger.py:11 Get LATEST chromedriver version for google-chrome\nINFO     WDM:logger.py:11 Driver [/home/runner/.wdm/drivers/chromedriver/linux64/143.0.7499.169/chromedriver-linux64/chromedriver] found in cache\n--------------------------- Captured stdout teardown ---------------------------\nFinal Status: PASS | Duration: 16.49s\n&#34;}], &#34;src/tests/smoke_tests/test_visa_enquiries_smoke.py::TestVisaSmoke::test_complete_visa_application_flow&#34;: [{&#34;extras&#34;: [{&#34;name&#34;: null, &#34;format_type&#34;: &#34;html&#34;, &#34;content&#34;: &#34;&lt;p&gt;&lt;a href=\&#34;logs/geo_travel_20251228_074612.log\&#34; download&gt;Download latest test log (geo_travel_20251228_074612.log)&lt;/a&gt;&lt;/p&gt;&#34;, &#34;mime_type&#34;: null, &#34;extension&#34;: null}, {&#34;name&#34;: null, &#34;format_type&#34;: &#34;html&#34;, &#34;content&#34;: &#34;&lt;details&gt;&lt;summary&gt;Latest log preview (geo_travel_20251228_074612.log)&lt;/summary&gt;&lt;pre style=&#39;white-space:pre-wrap;max-height:400px;overflow:auto&#39;&gt;ation: Morocco\n2025-12-28 07:52:08 - GeoTravelGlobalLogger - INFO     - [logger.py:278] - \ud83d\udd04 STEP 8: Selecting visa type\n2025-12-28 07:52:08 - GeoTravelGlobalLogger - INFO     - [logger.py:278] - Selecting any visa type\n2025-12-28 07:52:10 - GeoTravelGlobalLogger - INFO     - [logger.py:278] - Auto-selecting visa type: Business Visa\n2025-12-28 07:52:13 - GeoTravelGlobalLogger - INFO     - [logger.py:278] - \ud83d\udd04 STEP 9: Filling additional message\n2025-12-28 07:52:13 - GeoTravelGlobalLogger - INFO     - [logger.py:278] - Filling additional message\n2025-12-28 07:52:13 - GeoTravelGlobalLogger - INFO     - [logger.py:278] - Message filled successfully\n2025-12-28 07:52:13 - GeoTravelGlobalLogger - INFO     - [logger.py:278] - \ud83d\udd04 STEP 10: Submitting visa application\n2025-12-28 07:52:13 - GeoTravelGlobalLogger - INFO     - [logger.py:278] - Submitting visa application\n2025-12-28 07:52:15 - GeoTravelGlobalLogger - INFO     - [logger.py:278] - Visa application submitted\n2025-12-28 07:52:15 - GeoTravelGlobalLogger - INFO     - [logger.py:278] - \ud83d\udd04 STEP 11: Verifying submission response\n2025-12-28 07:52:28 - GeoTravelGlobalLogger - WARNING  - [logger.py:293] - Element not visible within 10s: (&amp;#x27;css selector&amp;#x27;, &amp;quot;[class*=&amp;#x27;success&amp;#x27;], [class*=&amp;#x27;Success&amp;#x27;], .text-green-500&amp;quot;)\n2025-12-28 07:52:28 - GeoTravelGlobalLogger - INFO     - [logger.py:278] - No success message displayed (might be expected in staging)\n2025-12-28 07:52:28 - GeoTravelGlobalLogger - INFO     - [logger.py:278] - SUCCESS: \u2705 Comprehensive visa application flow completed\n2025-12-28 07:52:28 - GeoTravelGlobalLogger - INFO     - [logger.py:278] - \ud83d\udd0d DEBUG: Test phase - call for src/tests/smoke_tests/test_visa_enquiries_smoke.py::TestVisaSmoke::test_complete_visa_application_flow - Skipped: False\n2025-12-28 07:52:28 - GeoTravelGlobalLogger - INFO     - [logger.py:278] - \ud83d\udd0d CRITICAL DEBUG: test_path = /home/runner/work/geo-travel-automation/geo-travel-automation/src/tests/smoke_tests/test_visa_enquiries_smoke.py\n&lt;/pre&gt;&lt;/details&gt;&#34;, &#34;mime_type&#34;: null, &#34;extension&#34;: null}], &#34;result&#34;: &#34;Passed&#34;, &#34;testId&#34;: &#34;src/tests/smoke_tests/test_visa_enquiries_smoke.py::TestVisaSmoke::test_complete_visa_application_flow&#34;, &#34;duration&#34;: &#34;00:00:47&#34;, &#34;resultsTableRow&#34;: [&#34;&lt;td class=\&#34;col-result\&#34;&gt;Passed&lt;/td&gt;&#34;, &#34;&lt;td class=\&#34;col-testId\&#34;&gt;src/tests/smoke_tests/test_visa_enquiries_smoke.py::TestVisaSmoke::test_complete_visa_application_flow&lt;/td&gt;&#34;, &#34;&lt;td class=\&#34;col-duration\&#34;&gt;00:00:47&lt;/td&gt;&#34;, &#34;&lt;td class=\&#34;col-links\&#34;&gt;&lt;/td&gt;&#34;], &#34;log&#34;: &#34;---------------------------- Captured stdout setup -----------------------------\nStarting test: test_complete_visa_application_flow\n\n------------------------------ Captured log setup ------------------------------\nINFO     WDM:logger.py:11 ====== WebDriver manager ======\nINFO     WDM:logger.py:11 Get LATEST chromedriver version for google-chrome\nINFO     WDM:logger.py:11 Get LATEST chromedriver version for google-chrome\nINFO     WDM:logger.py:11 Driver [/home/runner/.wdm/drivers/chromedriver/linux64/143.0.7499.169/chromedriver-linux64/chromedriver] found in cache\n\n----------------------------- Captured stdout call -----------------------------\nMessage filled in the form:  I would like to travel to Qatar for tourist/visit purposes\n--------------------------- Captured stdout teardown ---------------------------\nFinal Status: PASS | Duration: 46.69s\n&#34;}], &#34;src/tests/smoke_tests/test_visa_enquiries_smoke.py::TestVisaSmoke::test_visa_application_cancel_flow&#34;: [{&#34;extras&#34;: [{&#34;name&#34;: &#34;Image&#34;, &#34;format_type&#34;: &#34;image&#34;, &#34;content&#34;: &#34;docs/screenshots/failures/elementclickint_srctestssmoke_teststest_visa_enquiries_smokepyTestVisaSmoketest_visa_application_cancel_flow_20251228_075240.png&#34;, &#34;mime_type&#34;: &#34;image/png&#34;, &#34;extension&#34;: &#34;png&#34;}, {&#34;name&#34;: null, &#34;format_type&#34;: &#34;html&#34;, &#34;content&#34;: &#34;&lt;p&gt;&lt;a href=\&#34;logs/geo_travel_20251228_074612.log\&#34; download&gt;Download latest test log (geo_travel_20251228_074612.log)&lt;/a&gt;&lt;/p&gt;&#34;, &#34;mime_type&#34;: null, &#34;extension&#34;: null}, {&#34;name&#34;: null, &#34;format_type&#34;: &#34;html&#34;, &#34;content&#34;: &#34;&lt;details&gt;&lt;summary&gt;Latest log preview (geo_travel_20251228_074612.log)&lt;/summary&gt;&lt;pre style=&#39;white-space:pre-wrap;max-height:400px;overflow:auto&#39;&gt;b &amp;lt;unknown&amp;gt;\n#15 0x555bb84c4c30 &amp;lt;unknown&amp;gt;\n#16 0x555bb8519d78 &amp;lt;unknown&amp;gt;\n#17 0x555bb8519f4c &amp;lt;unknown&amp;gt;\n#18 0x555bb852b973 &amp;lt;unknown&amp;gt;\n#19 0x7fb827a9caa4 &amp;lt;unknown&amp;gt;\n#20 0x7fb827b29c6c &amp;lt;unknown&amp;gt;\n\n2025-12-28 07:52:40 - GeoTravelGlobalLogger - ERROR    - [logger.py:296] - \u274c Visa cancel flow test failed: Message: element click intercepted: Element is not clickable at point (524, 983)\n  (Session info: chrome=143.0.7499.109); For documentation on this error, please visit: https://www.selenium.dev/documentation/webdriver/troubleshooting/errors#elementclickinterceptedexception\nStacktrace:\n#0 0x555bb852c61a &amp;lt;unknown&amp;gt;\n#1 0x555bb7fa920b &amp;lt;unknown&amp;gt;\n#2 0x555bb8001694 &amp;lt;unknown&amp;gt;\n#3 0x555bb7fff558 &amp;lt;unknown&amp;gt;\n#4 0x555bb7ffcc7a &amp;lt;unknown&amp;gt;\n#5 0x555bb7ffbdb9 &amp;lt;unknown&amp;gt;\n#6 0x555bb7fef0c2 &amp;lt;unknown&amp;gt;\n#7 0x555bb7feea67 &amp;lt;unknown&amp;gt;\n#8 0x555bb804620e &amp;lt;unknown&amp;gt;\n#9 0x555bb7fed232 &amp;lt;unknown&amp;gt;\n#10 0x555bb7fedee1 &amp;lt;unknown&amp;gt;\n#11 0x555bb84f53f9 &amp;lt;unknown&amp;gt;\n#12 0x555bb84f834d &amp;lt;unknown&amp;gt;\n#13 0x555bb84de122 &amp;lt;unknown&amp;gt;\n#14 0x555bb84f8f2b &amp;lt;unknown&amp;gt;\n#15 0x555bb84c4c30 &amp;lt;unknown&amp;gt;\n#16 0x555bb8519d78 &amp;lt;unknown&amp;gt;\n#17 0x555bb8519f4c &amp;lt;unknown&amp;gt;\n#18 0x555bb852b973 &amp;lt;unknown&amp;gt;\n#19 0x7fb827a9caa4 &amp;lt;unknown&amp;gt;\n#20 0x7fb827b29c6c &amp;lt;unknown&amp;gt;\n\n2025-12-28 07:52:40 - GeoTravelGlobalLogger - INFO     - [logger.py:278] - \ud83d\udd0d DEBUG: Test phase - call for src/tests/smoke_tests/test_visa_enquiries_smoke.py::TestVisaSmoke::test_visa_application_cancel_flow - Skipped: False\n2025-12-28 07:52:40 - GeoTravelGlobalLogger - INFO     - [logger.py:278] - Captured failure evidence for src/tests/smoke_tests/test_visa_enquiries_smoke.py::TestVisaSmoke::test_visa_application_cancel_flow -&amp;gt; docs/screenshots/failures/elementclickint_srctestssmoke_teststest_visa_enquiries_smokepyTestVisaSmoketest_visa_application_cancel_flow_20251228_075240.png, None\n2025-12-28 07:52:40 - GeoTravelGlobalLogger - INFO     - [logger.py:278] - \ud83d\udd0d CRITICAL DEBUG: test_path = /home/runner/work/geo-travel-automation/geo-travel-automation/src/tests/smoke_tests/test_visa_enquiries_smoke.py\n&lt;/pre&gt;&lt;/details&gt;&#34;, &#34;mime_type&#34;: null, &#34;extension&#34;: null}], &#34;result&#34;: &#34;Failed&#34;, &#34;testId&#34;: &#34;src/tests/smoke_tests/test_visa_enquiries_smoke.py::TestVisaSmoke::test_visa_application_cancel_flow&#34;, &#34;duration&#34;: &#34;00:00:12&#34;, &#34;resultsTableRow&#34;: [&#34;&lt;td class=\&#34;col-result\&#34;&gt;Failed&lt;/td&gt;&#34;, &#34;&lt;td class=\&#34;col-testId\&#34;&gt;src/tests/smoke_tests/test_visa_enquiries_smoke.py::TestVisaSmoke::test_visa_application_cancel_flow&lt;/td&gt;&#34;, &#34;&lt;td class=\&#34;col-duration\&#34;&gt;00:00:12&lt;/td&gt;&#34;, &#34;&lt;td class=\&#34;col-links\&#34;&gt;&lt;/td&gt;&#34;], &#34;log&#34;: &#34;self = &amp;lt;test_visa_enquiries_smoke.TestVisaSmoke object at 0x7f7bfe062590&amp;gt;\n\n    @pytest.mark.smoke\n    @pytest.mark.dependency(depends=[&amp;quot;visa_page_loaded&amp;quot;])\n    def test_visa_application_cancel_flow(self):\n        &amp;quot;&amp;quot;&amp;quot;Test 6: Verify visa application cancel functionality&amp;quot;&amp;quot;&amp;quot;\n        self.visa_page.logger.info(&amp;quot;=== Test: Visa Application Cancel Flow ===&amp;quot;)\n    \n        try:\n            # Step 1: Navigate to Visa form\n            self.visa_page.logger.step(1, &amp;quot;Navigating to Visa form&amp;quot;)\n            self.home_page.open()\n            self.home_page.wait_for_homepage_load(timeout=15, max_retries=3)\n            self.visa_page.navigate_to_visa()\n            self.visa_page.click_get_started()\n            self.visa_page.wait_for_form_load()\n    \n            # Step 2: Fill some data\n            self.visa_page.logger.step(2, &amp;quot;Filling partial form data&amp;quot;)\n            self.visa_page.fill_personal_details(\n                first_name=self.TEST_DATA[&amp;quot;first_name&amp;quot;],\n                last_name=self.TEST_DATA[&amp;quot;last_name&amp;quot;],\n                email=&amp;quot;&amp;quot;,\n                phone=&amp;quot;&amp;quot;\n            )\n    \n            # Step 3: Cancel application\n            self.visa_page.logger.step(3, &amp;quot;Cancelling application&amp;quot;)\n&amp;gt;           self.visa_page.cancel_application()\n\nsrc/tests/smoke_tests/test_visa_enquiries_smoke.py:268: \n_ _ _ _ _ _ _ _ _ _ _ _ _ _ _ _ _ _ _ _ _ _ _ _ _ _ _ _ _ _ _ _ _ _ _ _ _ _ _ _ \nsrc/pages/ui/visa_enquiries_flow.py:371: in cancel_application\n    cancel_button.click()\n/opt/hostedtoolcache/Python/3.10.19/x64/lib/python3.10/site-packages/selenium/webdriver/remote/webelement.py:120: in click\n    self._execute(Command.CLICK_ELEMENT)\n/opt/hostedtoolcache/Python/3.10.19/x64/lib/python3.10/site-packages/selenium/webdriver/remote/webelement.py:573: in _execute\n    return self._parent.execute(command, params)\n/opt/hostedtoolcache/Python/3.10.19/x64/lib/python3.10/site-packages/selenium/webdriver/remote/webdriver.py:458: in execute\n    self.error_handler.check_response(response)\n_ _ _ _ _ _ _ _ _ _ _ _ _ _ _ _ _ _ _ _ _ _ _ _ _ _ _ _ _ _ _ _ _ _ _ _ _ _ _ _ \n\nself = &amp;lt;selenium.webdriver.remote.errorhandler.ErrorHandler object at 0x7f7bfe1ea200&amp;gt;\nresponse = {&amp;#x27;status&amp;#x27;: 400, &amp;#x27;value&amp;#x27;: &amp;#x27;{&amp;quot;value&amp;quot;:{&amp;quot;error&amp;quot;:&amp;quot;element click intercepted&amp;quot;,&amp;quot;message&amp;quot;:&amp;quot;element click intercepted: Element ...\\\\n#18 0x555bb852b973 \\\\u003Cunknown&amp;gt;\\\\n#19 0x7fb827a9caa4 \\\\u003Cunknown&amp;gt;\\\\n#20 0x7fb827b29c6c \\\\u003Cunknown&amp;gt;\\\\n&amp;quot;}}&amp;#x27;}\n\n    def check_response(self, response: dict[str, Any]) -&amp;gt; None:\n        &amp;quot;&amp;quot;&amp;quot;Checks that a JSON response from the WebDriver does not have an\n        error.\n    \n        :Args:\n         - response - The JSON response from the WebDriver server as a dictionary\n           object.\n    \n        :Raises: If the response contains an error message.\n        &amp;quot;&amp;quot;&amp;quot;\n        status = response.get(&amp;quot;status&amp;quot;, None)\n        if not status or status == ErrorCode.SUCCESS:\n            return\n        value = None\n        message = response.get(&amp;quot;message&amp;quot;, &amp;quot;&amp;quot;)\n        screen: str = response.get(&amp;quot;screen&amp;quot;, &amp;quot;&amp;quot;)\n        stacktrace = None\n        if isinstance(status, int):\n            value_json = response.get(&amp;quot;value&amp;quot;, None)\n            if value_json and isinstance(value_json, str):\n                try:\n                    value = json.loads(value_json)\n                    if isinstance(value, dict):\n                        if len(value) == 1:\n                            value = value[&amp;quot;value&amp;quot;]\n                        status = value.get(&amp;quot;error&amp;quot;, None)\n                        if not status:\n                            status = value.get(&amp;quot;status&amp;quot;, ErrorCode.UNKNOWN_ERROR)\n                            message = value.get(&amp;quot;value&amp;quot;) or value.get(&amp;quot;message&amp;quot;)\n                            if not isinstance(message, str):\n                                value = message\n                                message = message.get(&amp;quot;message&amp;quot;)\n                        else:\n                            message = value.get(&amp;quot;message&amp;quot;, None)\n                except ValueError:\n                    pass\n    \n        exception_class: type[WebDriverException]\n        e = ErrorCode()\n        error_codes = [item for item in dir(e) if not item.startswith(&amp;quot;__&amp;quot;)]\n        for error_code in error_codes:\n            error_info = getattr(ErrorCode, error_code)\n            if isinstance(error_info, list) and status in error_info:\n                exception_class = getattr(ExceptionMapping, error_code, WebDriverException)\n                break\n        else:\n            exception_class = WebDriverException\n    \n        if not value:\n            value = response[&amp;quot;value&amp;quot;]\n        if isinstance(value, str):\n            raise exception_class(value)\n        if message == &amp;quot;&amp;quot; and &amp;quot;message&amp;quot; in value:\n            message = value[&amp;quot;message&amp;quot;]\n    \n        screen = None  # type: ignore[assignment]\n        if &amp;quot;screen&amp;quot; in value:\n            screen = value[&amp;quot;screen&amp;quot;]\n    \n        stacktrace = None\n        st_value = value.get(&amp;quot;stackTrace&amp;quot;) or value.get(&amp;quot;stacktrace&amp;quot;)\n        if st_value:\n            if isinstance(st_value, str):\n                stacktrace = st_value.split(&amp;quot;\\n&amp;quot;)\n            else:\n                stacktrace = []\n                try:\n                    for frame in st_value:\n                        line = frame.get(&amp;quot;lineNumber&amp;quot;, &amp;quot;&amp;quot;)\n                        file = frame.get(&amp;quot;fileName&amp;quot;, &amp;quot;&amp;lt;anonymous&amp;gt;&amp;quot;)\n                        if line:\n                            file = f&amp;quot;{file}:{line}&amp;quot;\n                        meth = frame.get(&amp;quot;methodName&amp;quot;, &amp;quot;&amp;lt;anonymous&amp;gt;&amp;quot;)\n                        if &amp;quot;className&amp;quot; in frame:\n                            meth = f&amp;quot;{frame[&amp;#x27;className&amp;#x27;]}.{meth}&amp;quot;\n                        msg = &amp;quot;    at %s (%s)&amp;quot;\n                        msg = msg % (meth, file)\n                        stacktrace.append(msg)\n                except TypeError:\n                    pass\n        if exception_class == UnexpectedAlertPresentException:\n            alert_text = None\n            if &amp;quot;data&amp;quot; in value:\n                alert_text = value[&amp;quot;data&amp;quot;].get(&amp;quot;text&amp;quot;)\n            elif &amp;quot;alert&amp;quot; in value:\n                alert_text = value[&amp;quot;alert&amp;quot;].get(&amp;quot;text&amp;quot;)\n            raise exception_class(message, screen, stacktrace, alert_text)  # type: ignore[call-arg]  # mypy is not smart enough here\n&amp;gt;       raise exception_class(message, screen, stacktrace)\nE       selenium.common.exceptions.ElementClickInterceptedException: Message: element click intercepted: Element is not clickable at point (524, 983)\nE         (Session info: chrome=143.0.7499.109); For documentation on this error, please visit: https://www.selenium.dev/documentation/webdriver/troubleshooting/errors#elementclickinterceptedexception\nE       Stacktrace:\nE       #0 0x555bb852c61a &amp;lt;unknown&amp;gt;\nE       #1 0x555bb7fa920b &amp;lt;unknown&amp;gt;\nE       #2 0x555bb8001694 &amp;lt;unknown&amp;gt;\nE       #3 0x555bb7fff558 &amp;lt;unknown&amp;gt;\nE       #4 0x555bb7ffcc7a &amp;lt;unknown&amp;gt;\nE       #5 0x555bb7ffbdb9 &amp;lt;unknown&amp;gt;\nE       #6 0x555bb7fef0c2 &amp;lt;unknown&amp;gt;\nE       #7 0x555bb7feea67 &amp;lt;unknown&amp;gt;\nE       #8 0x555bb804620e &amp;lt;unknown&amp;gt;\nE       #9 0x555bb7fed232 &amp;lt;unknown&amp;gt;\nE       #10 0x555bb7fedee1 &amp;lt;unknown&amp;gt;\nE       #11 0x555bb84f53f9 &amp;lt;unknown&amp;gt;\nE       #12 0x555bb84f834d &amp;lt;unknown&amp;gt;\nE       #13 0x555bb84de122 &amp;lt;unknown&amp;gt;\nE       #14 0x555bb84f8f2b &amp;lt;unknown&amp;gt;\nE       #15 0x555bb84c4c30 &amp;lt;unknown&amp;gt;\nE       #16 0x555bb8519d78 &amp;lt;unknown&amp;gt;\nE       #17 0x555bb8519f4c &amp;lt;unknown&amp;gt;\nE       #18 0x555bb852b973 &amp;lt;unknown&amp;gt;\nE       #19 0x7fb827a9caa4 &amp;lt;unknown&amp;gt;\nE       #20 0x7fb827b29c6c &amp;lt;unknown&amp;gt;\n\n/opt/hostedtoolcache/Python/3.10.19/x64/lib/python3.10/site-packages/selenium/webdriver/remote/errorhandler.py:232: ElementClickInterceptedException\n\n---------------------------- Captured stdout setup -----------------------------\nStarting test: test_visa_application_cancel_flow\n\n------------------------------ Captured log setup ------------------------------\nINFO     WDM:logger.py:11 ====== WebDriver manager ======\nINFO     WDM:logger.py:11 Get LATEST chromedriver version for google-chrome\nINFO     WDM:logger.py:11 Get LATEST chromedriver version for google-chrome\nINFO     WDM:logger.py:11 Driver [/home/runner/.wdm/drivers/chromedriver/linux64/143.0.7499.169/chromedriver-linux64/chromedriver] found in cache\n\n----------------------------- Captured stdout call -----------------------------\n\ud83d\udd0d DEBUG: Starting screenshot capture for visa_cancel_flow_failure\n\ud83d\udd0d DEBUG: Driver exists: True\n\ud83d\udd0d DEBUG: Current URL: https://retail.stg.gowithgeo.com/visa-services/enquiries\n\ud83d\udd0d DEBUG: Attempting screenshot: error_visa_cancel_flow_failure_20251228_075240\n\ud83d\udd0d DEBUG: capture_screenshot called with filename: error_visa_cancel_flow_failure_20251228_075240\n\ud83d\udd0d DEBUG: Saving to: docs/screenshots/failures/error_visa_cancel_flow_failure_20251228_075240.png\n\ud83d\udd0d DEBUG: Taking normal screenshot...\n\ud83d\udd0d DEBUG: Screenshot taken successfully\n\ud83d\udd0d DEBUG: Screenshot result: docs/screenshots/failures/error_visa_cancel_flow_failure_20251228_075240.png\n\ud83d\udd0d DEBUG: GitHub Pages URL: screenshots/failures/error_visa_cancel_flow_failure_20251228_075240.png\n\n----------------------------- Captured stderr call -----------------------------\n2025-12-28 07:52:40,255 - src.utils.screenshot - INFO - Screenshot captured: docs/screenshots/failures/error_visa_cancel_flow_failure_20251228_075240.png\n2025-12-28 07:52:40,256 - src.utils.screenshot - ERROR - \ud83d\udcca Failure captured - Screenshot: docs/screenshots/failures/error_visa_cancel_flow_failure_20251228_075240.png\n\n------------------------------ Captured log call -------------------------------\nINFO     src.utils.screenshot:screenshot.py:176 Screenshot captured: docs/screenshots/failures/error_visa_cancel_flow_failure_20251228_075240.png\nERROR    src.utils.screenshot:screenshot.py:247 \ud83d\udcca Failure captured - Screenshot: docs/screenshots/failures/error_visa_cancel_flow_failure_20251228_075240.png\n\n--------------------------- Captured stdout teardown ---------------------------\nFinal Status: PASS | Duration: 12.02s\n\n--------------------------- Captured stderr teardown ---------------------------\n2025-12-28 07:52:40,437 - src.utils.screenshot - INFO - Screenshot captured: docs/screenshots/failures/elementclickint_srctestssmoke_teststest_visa_enquiries_smokepyTestVisaSmoketest_visa_application_cancel_flow_20251228_075240.png\n2025-12-28 07:52:40,437 - src.utils.screenshot - ERROR - \ud83d\udcca Failure captured - Screenshot: docs/screenshots/failures/elementclickint_srctestssmoke_teststest_visa_enquiries_smokepyTestVisaSmoketest_visa_application_cancel_flow_20251228_075240.png\n&#34;}], &#34;src/tests/smoke_tests/test_visa_enquiries_smoke.py::TestVisaSmoke::test_visa_form_validation&#34;: [{&#34;extras&#34;: [{&#34;name&#34;: &#34;Image&#34;, &#34;format_type&#34;: &#34;image&#34;, &#34;content&#34;: &#34;docs/screenshots/failures/timeoutexceptio_srctestssmoke_teststest_visa_enquiries_smokepyTestVisaSmoketest_visa_form_validation_20251228_075300.png&#34;, &#34;mime_type&#34;: &#34;image/png&#34;, &#34;extension&#34;: &#34;png&#34;}, {&#34;name&#34;: null, &#34;format_type&#34;: &#34;html&#34;, &#34;content&#34;: &#34;&lt;p&gt;&lt;a href=\&#34;logs/geo_travel_20251228_074612.log\&#34; download&gt;Download latest test log (geo_travel_20251228_074612.log)&lt;/a&gt;&lt;/p&gt;&#34;, &#34;mime_type&#34;: null, &#34;extension&#34;: null}, {&#34;name&#34;: null, &#34;format_type&#34;: &#34;html&#34;, &#34;content&#34;: &#34;&lt;details&gt;&lt;summary&gt;Latest log preview (geo_travel_20251228_074612.log)&lt;/summary&gt;&lt;pre style=&#39;white-space:pre-wrap;max-height:400px;overflow:auto&#39;&gt;5-12-28 07:52:47 - GeoTravelGlobalLogger - INFO     - [logger.py:278] - Homepage validation passed! Confidence: 100.0%\n2025-12-28 07:52:47 - GeoTravelGlobalLogger - INFO     - [logger.py:278] - Navigating to Visa page\n2025-12-28 07:52:47 - GeoTravelGlobalLogger - INFO     - [logger.py:278] - Successfully navigated to Visa page\n2025-12-28 07:52:47 - GeoTravelGlobalLogger - INFO     - [logger.py:278] - Clicking &amp;#x27;Get Started&amp;#x27; button\n2025-12-28 07:52:50 - GeoTravelGlobalLogger - INFO     - [logger.py:278] - Visa application form opened\n2025-12-28 07:52:50 - GeoTravelGlobalLogger - INFO     - [logger.py:278] - Waiting for visa form to load\n2025-12-28 07:52:50 - GeoTravelGlobalLogger - INFO     - [logger.py:278] - Visa form loaded successfully\n2025-12-28 07:52:50 - GeoTravelGlobalLogger - INFO     - [logger.py:278] - \ud83d\udd04 STEP 2: Attempting to submit empty form\n2025-12-28 07:52:50 - GeoTravelGlobalLogger - INFO     - [logger.py:278] - Submitting visa application\n2025-12-28 07:53:00 - GeoTravelGlobalLogger - ERROR    - [logger.py:296] - Failed to submit application: Message: \n\n2025-12-28 07:53:00 - GeoTravelGlobalLogger - ERROR    - [logger.py:296] - \u274c Form validation test failed: Message: \n\n2025-12-28 07:53:00 - GeoTravelGlobalLogger - INFO     - [logger.py:278] - \ud83d\udd0d DEBUG: Test phase - call for src/tests/smoke_tests/test_visa_enquiries_smoke.py::TestVisaSmoke::test_visa_form_validation - Skipped: False\n2025-12-28 07:53:00 - GeoTravelGlobalLogger - INFO     - [logger.py:278] - Captured failure evidence for src/tests/smoke_tests/test_visa_enquiries_smoke.py::TestVisaSmoke::test_visa_form_validation -&amp;gt; docs/screenshots/failures/timeoutexceptio_srctestssmoke_teststest_visa_enquiries_smokepyTestVisaSmoketest_visa_form_validation_20251228_075300.png, None\n2025-12-28 07:53:00 - GeoTravelGlobalLogger - INFO     - [logger.py:278] - \ud83d\udd0d CRITICAL DEBUG: test_path = /home/runner/work/geo-travel-automation/geo-travel-automation/src/tests/smoke_tests/test_visa_enquiries_smoke.py\n&lt;/pre&gt;&lt;/details&gt;&#34;, &#34;mime_type&#34;: null, &#34;extension&#34;: null}], &#34;result&#34;: &#34;Failed&#34;, &#34;testId&#34;: &#34;src/tests/smoke_tests/test_visa_enquiries_smoke.py::TestVisaSmoke::test_visa_form_validation&#34;, &#34;duration&#34;: &#34;00:00:20&#34;, &#34;resultsTableRow&#34;: [&#34;&lt;td class=\&#34;col-result\&#34;&gt;Failed&lt;/td&gt;&#34;, &#34;&lt;td class=\&#34;col-testId\&#34;&gt;src/tests/smoke_tests/test_visa_enquiries_smoke.py::TestVisaSmoke::test_visa_form_validation&lt;/td&gt;&#34;, &#34;&lt;td class=\&#34;col-duration\&#34;&gt;00:00:20&lt;/td&gt;&#34;, &#34;&lt;td class=\&#34;col-links\&#34;&gt;&lt;/td&gt;&#34;], &#34;log&#34;: &#34;self = &amp;lt;test_visa_enquiries_smoke.TestVisaSmoke object at 0x7f7bfe07cdf0&amp;gt;\n\n    @pytest.mark.smoke\n    def test_visa_form_validation(self):\n        &amp;quot;&amp;quot;&amp;quot;Test 8: Form validation for empty required fields&amp;quot;&amp;quot;&amp;quot;\n        self.visa_page.logger.info(&amp;quot;=== Test: Visa Form Validation ===&amp;quot;)\n    \n        try:\n            # Step 1: Navigate to Visa form\n            self.visa_page.logger.step(1, &amp;quot;Navigating to Visa form&amp;quot;)\n            self.home_page.open()\n            self.home_page.wait_for_homepage_load(timeout=15, max_retries=3)\n            self.visa_page.navigate_to_visa()\n            self.visa_page.click_get_started()\n            self.visa_page.wait_for_form_load()\n    \n            # Step 2: Try to submit empty form\n            self.visa_page.logger.step(2, &amp;quot;Attempting to submit empty form&amp;quot;)\n&amp;gt;           self.visa_page.submit_application()\n\nsrc/tests/smoke_tests/test_visa_enquiries_smoke.py:360: \n_ _ _ _ _ _ _ _ _ _ _ _ _ _ _ _ _ _ _ _ _ _ _ _ _ _ _ _ _ _ _ _ _ _ _ _ _ _ _ _ \nsrc/pages/ui/visa_enquiries_flow.py:350: in submit_application\n    submit_button = self.waiter.wait_for_clickable(self.SUBMIT_APPLICATION_BTN, timeout=10)\nsrc/utils/wait_strategy.py:48: in wait_for_clickable\n    return wait.until(EC.element_to_be_clickable(locator))\n_ _ _ _ _ _ _ _ _ _ _ _ _ _ _ _ _ _ _ _ _ _ _ _ _ _ _ _ _ _ _ _ _ _ _ _ _ _ _ _ \n\nself = &amp;lt;selenium.webdriver.support.wait.WebDriverWait (session=&amp;quot;ff533d21478f5db3a0af7eb8c6bed7d4&amp;quot;)&amp;gt;\nmethod = &amp;lt;function element_to_be_clickable.&amp;lt;locals&amp;gt;._predicate at 0x7f7bfdf985e0&amp;gt;\nmessage = &amp;#x27;&amp;#x27;\n\n    def until(self, method: Callable[[D], Union[Literal[False], T]], message: str = &amp;quot;&amp;quot;) -&amp;gt; T:\n        &amp;quot;&amp;quot;&amp;quot;Wait until the method returns a value that is not False.\n    \n        Calls the method provided with the driver as an argument until the\n        return value does not evaluate to ``False``.\n    \n        Parameters:\n        -----------\n        method: callable(WebDriver)\n            - A callable object that takes a WebDriver instance as an argument.\n    \n        message: str\n            - Optional message for :exc:`TimeoutException`\n    \n        Return:\n        -------\n        object: T\n            - The result of the last call to `method`\n    \n        Raises:\n        -------\n        TimeoutException\n            - If &amp;#x27;method&amp;#x27; does not return a truthy value within the WebDriverWait\n            object&amp;#x27;s timeout\n    \n        Example:\n        --------\n        &amp;gt;&amp;gt;&amp;gt; from selenium.webdriver.common.by import By\n        &amp;gt;&amp;gt;&amp;gt; from selenium.webdriver.support.ui import WebDriverWait\n        &amp;gt;&amp;gt;&amp;gt; from selenium.webdriver.support import expected_conditions as EC\n    \n        # Wait until an element is visible on the page\n        &amp;gt;&amp;gt;&amp;gt; wait = WebDriverWait(driver, 10)\n        &amp;gt;&amp;gt;&amp;gt; element = wait.until(EC.visibility_of_element_located((By.ID, &amp;quot;exampleId&amp;quot;)))\n        &amp;gt;&amp;gt;&amp;gt; print(element.text)\n        &amp;quot;&amp;quot;&amp;quot;\n        screen = None\n        stacktrace = None\n    \n        end_time = time.monotonic() + self._timeout\n        while True:\n            try:\n                value = method(self._driver)\n                if value:\n                    return value\n            except self._ignored_exceptions as exc:\n                screen = getattr(exc, &amp;quot;screen&amp;quot;, None)\n                stacktrace = getattr(exc, &amp;quot;stacktrace&amp;quot;, None)\n            if time.monotonic() &amp;gt; end_time:\n                break\n            time.sleep(self._poll)\n&amp;gt;       raise TimeoutException(message, screen, stacktrace)\nE       selenium.common.exceptions.TimeoutException: Message:\n\n/opt/hostedtoolcache/Python/3.10.19/x64/lib/python3.10/site-packages/selenium/webdriver/support/wait.py:138: TimeoutException\n\n---------------------------- Captured stdout setup -----------------------------\nStarting test: test_visa_form_validation\n\n------------------------------ Captured log setup ------------------------------\nINFO     WDM:logger.py:11 ====== WebDriver manager ======\nINFO     WDM:logger.py:11 Get LATEST chromedriver version for google-chrome\nINFO     WDM:logger.py:11 Get LATEST chromedriver version for google-chrome\nINFO     WDM:logger.py:11 Driver [/home/runner/.wdm/drivers/chromedriver/linux64/143.0.7499.169/chromedriver-linux64/chromedriver] found in cache\n\n----------------------------- Captured stdout call -----------------------------\n\ud83d\udd0d DEBUG: Starting screenshot capture for visa_validation_failure\n\ud83d\udd0d DEBUG: Driver exists: True\n\ud83d\udd0d DEBUG: Current URL: https://retail.stg.gowithgeo.com/visa-services/enquiries\n\ud83d\udd0d DEBUG: Attempting screenshot: error_visa_validation_failure_20251228_075300\n\ud83d\udd0d DEBUG: capture_screenshot called with filename: error_visa_validation_failure_20251228_075300\n\ud83d\udd0d DEBUG: Saving to: docs/screenshots/failures/error_visa_validation_failure_20251228_075300.png\n\ud83d\udd0d DEBUG: Taking normal screenshot...\n\ud83d\udd0d DEBUG: Screenshot taken successfully\n\ud83d\udd0d DEBUG: Screenshot result: docs/screenshots/failures/error_visa_validation_failure_20251228_075300.png\n\ud83d\udd0d DEBUG: GitHub Pages URL: screenshots/failures/error_visa_validation_failure_20251228_075300.png\n\n----------------------------- Captured stderr call -----------------------------\n2025-12-28 07:53:00,788 - src.utils.screenshot - INFO - Screenshot captured: docs/screenshots/failures/error_visa_validation_failure_20251228_075300.png\n2025-12-28 07:53:00,788 - src.utils.screenshot - ERROR - \ud83d\udcca Failure captured - Screenshot: docs/screenshots/failures/error_visa_validation_failure_20251228_075300.png\n\n------------------------------ Captured log call -------------------------------\nINFO     src.utils.screenshot:screenshot.py:176 Screenshot captured: docs/screenshots/failures/error_visa_validation_failure_20251228_075300.png\nERROR    src.utils.screenshot:screenshot.py:247 \ud83d\udcca Failure captured - Screenshot: docs/screenshots/failures/error_visa_validation_failure_20251228_075300.png\n\n--------------------------- Captured stdout teardown ---------------------------\nFinal Status: PASS | Duration: 20.43s\n\n--------------------------- Captured stderr teardown ---------------------------\n2025-12-28 07:53:00,870 - src.utils.screenshot - INFO - Screenshot captured: docs/screenshots/failures/timeoutexceptio_srctestssmoke_teststest_visa_enquiries_smokepyTestVisaSmoketest_visa_form_validation_20251228_075300.png\n2025-12-28 07:53:00,870 - src.utils.screenshot - ERROR - \ud83d\udcca Failure captured - Screenshot: docs/screenshots/failures/timeoutexceptio_srctestssmoke_teststest_visa_enquiries_smokepyTestVisaSmoketest_visa_form_validation_20251228_075300.png\n&#34;}]}, &#34;renderCollapsed&#34;: [&#34;passed&#34;], &#34;initialSort&#34;: &#34;result&#34;, &#34;title&#34;: &#34;smoke_test_report.html&#34;}"></div>
    <script>
      (function(){function r(e,n,t){function o(i,f){if(!n[i]){if(!e[i]){var c="function"==typeof require&&require;if(!f&&c)return c(i,!0);if(u)return u(i,!0);var a=new Error("Cannot find module '"+i+"'");throw a.code="MODULE_NOT_FOUND",a}var p=n[i]={exports:{}};e[i][0].call(p.exports,function(r){var n=e[i][1][r];return o(n||r)},p,p.exports,r,e,n,t)}return n[i].exports}for(var u="function"==typeof require&&require,i=0;i<t.length;i++)o(t[i]);return o}return r})()({1:[function(require,module,exports){
const { getCollapsedCategory, setCollapsedIds } = require('./storage.js')

class DataManager {
    setManager(data) {
        const collapsedCategories = [...getCollapsedCategory(data.renderCollapsed)]
        const collapsedIds = []
        const tests = Object.values(data.tests).flat().map((test, index) => {
            const collapsed = collapsedCategories.includes(test.result.toLowerCase())
            const id = `test_${index}`
            if (collapsed) {
                collapsedIds.push(id)
            }
            return {
                ...test,
                id,
                collapsed,
            }
        })
        const dataBlob = { ...data, tests }
        this.data = { ...dataBlob }
        this.renderData = { ...dataBlob }
        setCollapsedIds(collapsedIds)
    }

    get allData() {
        return { ...this.data }
    }

    resetRender() {
        this.renderData = { ...this.data }
    }

    setRender(data) {
        this.renderData.tests = [...data]
    }

    toggleCollapsedItem(id) {
        this.renderData.tests = this.renderData.tests.map((test) =>
            test.id === id ? { ...test, collapsed: !test.collapsed } : test,
        )
    }

    set allCollapsed(collapsed) {
        this.renderData = { ...this.renderData, tests: [...this.renderData.tests.map((test) => (
            { ...test, collapsed }
        ))] }
    }

    get testSubset() {
        return [...this.renderData.tests]
    }

    get environment() {
        return this.renderData.environment
    }

    get initialSort() {
        return this.data.initialSort
    }
}

module.exports = {
    manager: new DataManager(),
}

},{"./storage.js":8}],2:[function(require,module,exports){
const mediaViewer = require('./mediaviewer.js')
const templateEnvRow = document.getElementById('template_environment_row')
const templateResult = document.getElementById('template_results-table__tbody')

function htmlToElements(html) {
    const temp = document.createElement('template')
    temp.innerHTML = html
    return temp.content.childNodes
}

const find = (selector, elem) => {
    if (!elem) {
        elem = document
    }
    return elem.querySelector(selector)
}

const findAll = (selector, elem) => {
    if (!elem) {
        elem = document
    }
    return [...elem.querySelectorAll(selector)]
}

const dom = {
    getStaticRow: (key, value) => {
        const envRow = templateEnvRow.content.cloneNode(true)
        const isObj = typeof value === 'object' && value !== null
        const values = isObj ? Object.keys(value).map((k) => `${k}: ${value[k]}`) : null

        const valuesElement = htmlToElements(
            values ? `<ul>${values.map((val) => `<li>${val}</li>`).join('')}<ul>` : `<div>${value}</div>`)[0]
        const td = findAll('td', envRow)
        td[0].textContent = key
        td[1].appendChild(valuesElement)

        return envRow
    },
    getResultTBody: ({ testId, id, log, extras, resultsTableRow, tableHtml, result, collapsed }) => {
        const resultBody = templateResult.content.cloneNode(true)
        resultBody.querySelector('tbody').classList.add(result.toLowerCase())
        resultBody.querySelector('tbody').id = testId
        resultBody.querySelector('.collapsible').dataset.id = id

        resultsTableRow.forEach((html) => {
            const t = document.createElement('template')
            t.innerHTML = html
            resultBody.querySelector('.collapsible').appendChild(t.content)
        })

        if (log) {
            // Wrap lines starting with "E" with span.error to color those lines red
            const wrappedLog = log.replace(/^E.*$/gm, (match) => `<span class="error">${match}</span>`)
            resultBody.querySelector('.log').innerHTML = wrappedLog
        } else {
            resultBody.querySelector('.log').remove()
        }

        if (collapsed) {
            resultBody.querySelector('.collapsible > td')?.classList.add('collapsed')
            resultBody.querySelector('.extras-row').classList.add('hidden')
        } else {
            resultBody.querySelector('.collapsible > td')?.classList.remove('collapsed')
        }

        const media = []
        extras?.forEach(({ name, format_type, content }) => {
            if (['image', 'video'].includes(format_type)) {
                media.push({ path: content, name, format_type })
            }

            if (format_type === 'html') {
                resultBody.querySelector('.extraHTML').insertAdjacentHTML('beforeend', `<div>${content}</div>`)
            }
        })
        mediaViewer.setup(resultBody, media)

        // Add custom html from the pytest_html_results_table_html hook
        tableHtml?.forEach((item) => {
            resultBody.querySelector('td[class="extra"]').insertAdjacentHTML('beforeend', item)
        })

        return resultBody
    },
}

module.exports = {
    dom,
    htmlToElements,
    find,
    findAll,
}

},{"./mediaviewer.js":6}],3:[function(require,module,exports){
const { manager } = require('./datamanager.js')
const { doSort } = require('./sort.js')
const storageModule = require('./storage.js')

const getFilteredSubSet = (filter) =>
    manager.allData.tests.filter(({ result }) => filter.includes(result.toLowerCase()))

const doInitFilter = () => {
    const currentFilter = storageModule.getVisible()
    const filteredSubset = getFilteredSubSet(currentFilter)
    manager.setRender(filteredSubset)
}

const doFilter = (type, show) => {
    if (show) {
        storageModule.showCategory(type)
    } else {
        storageModule.hideCategory(type)
    }

    const currentFilter = storageModule.getVisible()
    const filteredSubset = getFilteredSubSet(currentFilter)
    manager.setRender(filteredSubset)

    const sortColumn = storageModule.getSort()
    doSort(sortColumn, true)
}

module.exports = {
    doFilter,
    doInitFilter,
}

},{"./datamanager.js":1,"./sort.js":7,"./storage.js":8}],4:[function(require,module,exports){
const { redraw, bindEvents, renderStatic } = require('./main.js')
const { doInitFilter } = require('./filter.js')
const { doInitSort } = require('./sort.js')
const { manager } = require('./datamanager.js')
const data = JSON.parse(document.getElementById('data-container').dataset.jsonblob)

function init() {
    manager.setManager(data)
    doInitFilter()
    doInitSort()
    renderStatic()
    redraw()
    bindEvents()
}

init()

},{"./datamanager.js":1,"./filter.js":3,"./main.js":5,"./sort.js":7}],5:[function(require,module,exports){
const { dom, find, findAll } = require('./dom.js')
const { manager } = require('./datamanager.js')
const { doSort } = require('./sort.js')
const { doFilter } = require('./filter.js')
const {
    getVisible,
    getCollapsedIds,
    setCollapsedIds,
    getSort,
    getSortDirection,
    possibleFilters,
} = require('./storage.js')

const removeChildren = (node) => {
    while (node.firstChild) {
        node.removeChild(node.firstChild)
    }
}

const renderStatic = () => {
    const renderEnvironmentTable = () => {
        const environment = manager.environment
        const rows = Object.keys(environment).map((key) => dom.getStaticRow(key, environment[key]))
        const table = document.getElementById('environment')
        removeChildren(table)
        rows.forEach((row) => table.appendChild(row))
    }
    renderEnvironmentTable()
}

const addItemToggleListener = (elem) => {
    elem.addEventListener('click', ({ target }) => {
        const id = target.parentElement.dataset.id
        manager.toggleCollapsedItem(id)

        const collapsedIds = getCollapsedIds()
        if (collapsedIds.includes(id)) {
            const updated = collapsedIds.filter((item) => item !== id)
            setCollapsedIds(updated)
        } else {
            collapsedIds.push(id)
            setCollapsedIds(collapsedIds)
        }
        redraw()
    })
}

const renderContent = (tests) => {
    const sortAttr = getSort(manager.initialSort)
    const sortAsc = JSON.parse(getSortDirection())
    const rows = tests.map(dom.getResultTBody)
    const table = document.getElementById('results-table')
    const tableHeader = document.getElementById('results-table-head')

    const newTable = document.createElement('table')
    newTable.id = 'results-table'

    // remove all sorting classes and set the relevant
    findAll('.sortable', tableHeader).forEach((elem) => elem.classList.remove('asc', 'desc'))
    tableHeader.querySelector(`.sortable[data-column-type="${sortAttr}"]`)?.classList.add(sortAsc ? 'desc' : 'asc')
    newTable.appendChild(tableHeader)

    if (!rows.length) {
        const emptyTable = document.getElementById('template_results-table__body--empty').content.cloneNode(true)
        newTable.appendChild(emptyTable)
    } else {
        rows.forEach((row) => {
            if (!!row) {
                findAll('.collapsible td:not(.col-links', row).forEach(addItemToggleListener)
                find('.logexpander', row).addEventListener('click',
                    (evt) => evt.target.parentNode.classList.toggle('expanded'),
                )
                newTable.appendChild(row)
            }
        })
    }

    table.replaceWith(newTable)
}

const renderDerived = () => {
    const currentFilter = getVisible()
    possibleFilters.forEach((result) => {
        const input = document.querySelector(`input[data-test-result="${result}"]`)
        input.checked = currentFilter.includes(result)
    })
}

const bindEvents = () => {
    const filterColumn = (evt) => {
        const { target: element } = evt
        const { testResult } = element.dataset

        doFilter(testResult, element.checked)
        const collapsedIds = getCollapsedIds()
        const updated = manager.renderData.tests.map((test) => {
            return {
                ...test,
                collapsed: collapsedIds.includes(test.id),
            }
        })
        manager.setRender(updated)
        redraw()
    }

    const header = document.getElementById('environment-header')
    header.addEventListener('click', () => {
        const table = document.getElementById('environment')
        table.classList.toggle('hidden')
        header.classList.toggle('collapsed')
    })

    findAll('input[name="filter_checkbox"]').forEach((elem) => {
        elem.addEventListener('click', filterColumn)
    })

    findAll('.sortable').forEach((elem) => {
        elem.addEventListener('click', (evt) => {
            const { target: element } = evt
            const { columnType } = element.dataset
            doSort(columnType)
            redraw()
        })
    })

    document.getElementById('show_all_details').addEventListener('click', () => {
        manager.allCollapsed = false
        setCollapsedIds([])
        redraw()
    })
    document.getElementById('hide_all_details').addEventListener('click', () => {
        manager.allCollapsed = true
        const allIds = manager.renderData.tests.map((test) => test.id)
        setCollapsedIds(allIds)
        redraw()
    })
}

const redraw = () => {
    const { testSubset } = manager

    renderContent(testSubset)
    renderDerived()
}

module.exports = {
    redraw,
    bindEvents,
    renderStatic,
}

},{"./datamanager.js":1,"./dom.js":2,"./filter.js":3,"./sort.js":7,"./storage.js":8}],6:[function(require,module,exports){
class MediaViewer {
    constructor(assets) {
        this.assets = assets
        this.index = 0
    }

    nextActive() {
        this.index = this.index === this.assets.length - 1 ? 0 : this.index + 1
        return [this.activeFile, this.index]
    }

    prevActive() {
        this.index = this.index === 0 ? this.assets.length - 1 : this.index -1
        return [this.activeFile, this.index]
    }

    get currentIndex() {
        return this.index
    }

    get activeFile() {
        return this.assets[this.index]
    }
}


const setup = (resultBody, assets) => {
    if (!assets.length) {
        resultBody.querySelector('.media').classList.add('hidden')
        return
    }

    const mediaViewer = new MediaViewer(assets)
    const container = resultBody.querySelector('.media-container')
    const leftArrow = resultBody.querySelector('.media-container__nav--left')
    const rightArrow = resultBody.querySelector('.media-container__nav--right')
    const mediaName = resultBody.querySelector('.media__name')
    const counter = resultBody.querySelector('.media__counter')
    const imageEl = resultBody.querySelector('img')
    const sourceEl = resultBody.querySelector('source')
    const videoEl = resultBody.querySelector('video')

    const setImg = (media, index) => {
        if (media?.format_type === 'image') {
            imageEl.src = media.path

            imageEl.classList.remove('hidden')
            videoEl.classList.add('hidden')
        } else if (media?.format_type === 'video') {
            sourceEl.src = media.path

            videoEl.classList.remove('hidden')
            imageEl.classList.add('hidden')
        }

        mediaName.innerText = media?.name
        counter.innerText = `${index + 1} / ${assets.length}`
    }
    setImg(mediaViewer.activeFile, mediaViewer.currentIndex)

    const moveLeft = () => {
        const [media, index] = mediaViewer.prevActive()
        setImg(media, index)
    }
    const doRight = () => {
        const [media, index] = mediaViewer.nextActive()
        setImg(media, index)
    }
    const openImg = () => {
        window.open(mediaViewer.activeFile.path, '_blank')
    }
    if (assets.length === 1) {
        container.classList.add('media-container--fullscreen')
    } else {
        leftArrow.addEventListener('click', moveLeft)
        rightArrow.addEventListener('click', doRight)
    }
    imageEl.addEventListener('click', openImg)
}

module.exports = {
    setup,
}

},{}],7:[function(require,module,exports){
const { manager } = require('./datamanager.js')
const storageModule = require('./storage.js')

const genericSort = (list, key, ascending, customOrder) => {
    let sorted
    if (customOrder) {
        sorted = list.sort((a, b) => {
            const aValue = a.result.toLowerCase()
            const bValue = b.result.toLowerCase()

            const aIndex = customOrder.findIndex((item) => item.toLowerCase() === aValue)
            const bIndex = customOrder.findIndex((item) => item.toLowerCase() === bValue)

            // Compare the indices to determine the sort order
            return aIndex - bIndex
        })
    } else {
        sorted = list.sort((a, b) => a[key] === b[key] ? 0 : a[key] > b[key] ? 1 : -1)
    }

    if (ascending) {
        sorted.reverse()
    }
    return sorted
}

const durationSort = (list, ascending) => {
    const parseDuration = (duration) => {
        if (duration.includes(':')) {
            // If it's in the format "HH:mm:ss"
            const [hours, minutes, seconds] = duration.split(':').map(Number)
            return (hours * 3600 + minutes * 60 + seconds) * 1000
        } else {
            // If it's in the format "nnn ms"
            return parseInt(duration)
        }
    }
    const sorted = list.sort((a, b) => parseDuration(a['duration']) - parseDuration(b['duration']))
    if (ascending) {
        sorted.reverse()
    }
    return sorted
}

const doInitSort = () => {
    const type = storageModule.getSort(manager.initialSort)
    const ascending = storageModule.getSortDirection()
    const list = manager.testSubset
    const initialOrder = ['Error', 'Failed', 'Rerun', 'XFailed', 'XPassed', 'Skipped', 'Passed']

    storageModule.setSort(type)
    storageModule.setSortDirection(ascending)

    if (type?.toLowerCase() === 'original') {
        manager.setRender(list)
    } else {
        let sortedList
        switch (type) {
        case 'duration':
            sortedList = durationSort(list, ascending)
            break
        case 'result':
            sortedList = genericSort(list, type, ascending, initialOrder)
            break
        default:
            sortedList = genericSort(list, type, ascending)
            break
        }
        manager.setRender(sortedList)
    }
}

const doSort = (type, skipDirection) => {
    const newSortType = storageModule.getSort(manager.initialSort) !== type
    const currentAsc = storageModule.getSortDirection()
    let ascending
    if (skipDirection) {
        ascending = currentAsc
    } else {
        ascending = newSortType ? false : !currentAsc
    }
    storageModule.setSort(type)
    storageModule.setSortDirection(ascending)

    const list = manager.testSubset
    const sortedList = type === 'duration' ? durationSort(list, ascending) : genericSort(list, type, ascending)
    manager.setRender(sortedList)
}

module.exports = {
    doInitSort,
    doSort,
}

},{"./datamanager.js":1,"./storage.js":8}],8:[function(require,module,exports){
const possibleFilters = [
    'passed',
    'skipped',
    'failed',
    'error',
    'xfailed',
    'xpassed',
    'rerun',
]

const getVisible = () => {
    const url = new URL(window.location.href)
    const settings = new URLSearchParams(url.search).get('visible')
    const lower = (item) => {
        const lowerItem = item.toLowerCase()
        if (possibleFilters.includes(lowerItem)) {
            return lowerItem
        }
        return null
    }
    return settings === null ?
        possibleFilters :
        [...new Set(settings?.split(',').map(lower).filter((item) => item))]
}

const hideCategory = (categoryToHide) => {
    const url = new URL(window.location.href)
    const visibleParams = new URLSearchParams(url.search).get('visible')
    const currentVisible = visibleParams ? visibleParams.split(',') : [...possibleFilters]
    const settings = [...new Set(currentVisible)].filter((f) => f !== categoryToHide).join(',')

    url.searchParams.set('visible', settings)
    window.history.pushState({}, null, unescape(url.href))
}

const showCategory = (categoryToShow) => {
    if (typeof window === 'undefined') {
        return
    }
    const url = new URL(window.location.href)
    const currentVisible = new URLSearchParams(url.search).get('visible')?.split(',').filter(Boolean) ||
        [...possibleFilters]
    const settings = [...new Set([categoryToShow, ...currentVisible])]
    const noFilter = possibleFilters.length === settings.length || !settings.length

    noFilter ? url.searchParams.delete('visible') : url.searchParams.set('visible', settings.join(','))
    window.history.pushState({}, null, unescape(url.href))
}

const getSort = (initialSort) => {
    const url = new URL(window.location.href)
    let sort = new URLSearchParams(url.search).get('sort')
    if (!sort) {
        sort = initialSort || 'result'
    }
    return sort
}

const setSort = (type) => {
    const url = new URL(window.location.href)
    url.searchParams.set('sort', type)
    window.history.pushState({}, null, unescape(url.href))
}

const getCollapsedCategory = (renderCollapsed) => {
    let categories
    if (typeof window !== 'undefined') {
        const url = new URL(window.location.href)
        const collapsedItems = new URLSearchParams(url.search).get('collapsed')
        switch (true) {
        case !renderCollapsed && collapsedItems === null:
            categories = ['passed']
            break
        case collapsedItems?.length === 0 || /^["']{2}$/.test(collapsedItems):
            categories = []
            break
        case /^all$/.test(collapsedItems) || collapsedItems === null && /^all$/.test(renderCollapsed):
            categories = [...possibleFilters]
            break
        default:
            categories = collapsedItems?.split(',').map((item) => item.toLowerCase()) || renderCollapsed
            break
        }
    } else {
        categories = []
    }
    return categories
}

const getSortDirection = () => JSON.parse(sessionStorage.getItem('sortAsc')) || false
const setSortDirection = (ascending) => sessionStorage.setItem('sortAsc', ascending)

const getCollapsedIds = () => JSON.parse(sessionStorage.getItem('collapsedIds')) || []
const setCollapsedIds = (list) => sessionStorage.setItem('collapsedIds', JSON.stringify(list))

module.exports = {
    getVisible,
    hideCategory,
    showCategory,
    getCollapsedIds,
    setCollapsedIds,
    getSort,
    setSort,
    getSortDirection,
    setSortDirection,
    getCollapsedCategory,
    possibleFilters,
}

},{}]},{},[4]);
    </script>
  </footer>
</html>